<?xml version="1.0" encoding="UTF-8"?>
<testsuite xmlns:xsi="http://www.w3.org/2001/XMLSchema-instance" xsi:noNamespaceSchemaLocation="https://maven.apache.org/surefire/maven-surefire-plugin/xsd/surefire-test-report-3.0.xsd" version="3.0" name="com.tnf.cas.db.TestLexer" time="0.001" tests="1" errors="0" skipped="0" failures="0">
  <properties>
[...]
</properties>
  <testcase name="test" classname="com.tnf.cas.db.TestLexer" time="0.0">
    <system-out><![CDATA[CREATE KEYSPACE if not exists tnf WITH replication = {'class': 'SimpleStrategy', 'replication_factor': '1'}  AND durable_writes = true;
create table asdf ( a int , b text ) WITH bloom_filter_fp_chance = 0.01     AND caching = {'keys': 'ALL', 'rows_per_partition': 'NONE'}     AND comment = ''     AND compaction = {'class': 'org.apache.cassandra.db.compaction.SizeTieredCompactionStrategy', 'max_threshold': '32', 'min_threshold': '4'}     AND compression = {'chunk_length_in_kb': '64',  'class': 'org.apache.cassandra.io.compress.LZ4Compressor'}     AND crc_check_chance = 1.0     AND dclocal_read_repair_chance = 0.1     AND default_time_to_live = 0     AND gc_grace_seconds = 864000     AND max_index_interval = 2048     AND memtable_flush_period_in_ms = 0     AND min_index_interval = 128     AND read_repair_chance = 0.0     AND speculative_retry = '99PERCENTILE';
]]></system-out>
  </testcase>
</testsuite>