<?xml version="1.0" encoding="UTF-8"?>
<testsuite xmlns:xsi="http://www.w3.org/2001/XMLSchema-instance" xsi:noNamespaceSchemaLocation="https://maven.apache.org/surefire/maven-surefire-plugin/xsd/surefire-test-report-3.0.xsd" version="3.0" name="com.tnf.cas.security.TestPasswordsAndKeys" time="0.605" tests="6" errors="0" skipped="0" failures="0">
  <properties>
[...]
</properties>
  <testcase name="testPasswordFile" classname="com.tnf.cas.security.TestPasswordsAndKeys" time="0.118">
    <system-out><![CDATA[2026-06-28 14:03:29,255 [DEBUG] main [org.springframework.web.context.support.StandardServletEnvironment]: Adding [servletConfigInitParams] PropertySource with lowest search precedence (MutablePropertySources.java:109)
2026-06-28 14:03:29,255 [DEBUG] main [org.springframework.web.context.support.StandardServletEnvironment]: Adding [servletContextInitParams] PropertySource with lowest search precedence (MutablePropertySources.java:109)
2026-06-28 14:03:29,255 [DEBUG] main [org.springframework.web.context.support.StandardServletEnvironment]: Adding [systemProperties] PropertySource with lowest search precedence (MutablePropertySources.java:109)
2026-06-28 14:03:29,255 [DEBUG] main [org.springframework.web.context.support.StandardServletEnvironment]: Adding [systemEnvironment] PropertySource with lowest search precedence (MutablePropertySources.java:109)
2026-06-28 14:03:29,255 [DEBUG] main [org.springframework.web.context.support.StandardServletEnvironment]: Initialized StandardServletEnvironment with PropertySources [servletConfigInitParams,servletContextInitParams,systemProperties,systemEnvironment] (AbstractEnvironment.java:127)
2026-06-28 14:03:29,256 [INFO] main [org.springframework.web.context.support.AnnotationConfigWebApplicationContext]: Refreshing Root WebApplicationContext: startup date [Sun Jun 28 14:03:29 IST 2026]; root of context hierarchy (AbstractApplicationContext.java:581)
2026-06-28 14:03:29,256 [DEBUG] main [org.springframework.context.annotation.ClassPathBeanDefinitionScanner]: JSR-250 'javax.annotation.ManagedBean' found and supported for component scanning (ClassPathScanningCandidateComponentProvider.java:244)
2026-06-28 14:03:29,256 [DEBUG] main [org.springframework.context.annotation.ClassPathBeanDefinitionScanner]: JSR-330 'javax.inject.Named' annotation found and supported for component scanning (ClassPathScanningCandidateComponentProvider.java:252)
2026-06-28 14:03:29,256 [INFO] main [org.springframework.web.context.support.AnnotationConfigWebApplicationContext]: Successfully resolved class for [test.spring.non.scannable.TestContextCfg] (AnnotationConfigWebApplicationContext.java:227)
2026-06-28 14:03:29,257 [DEBUG] main [org.springframework.web.context.support.AnnotationConfigWebApplicationContext]: Bean factory for Root WebApplicationContext: org.springframework.beans.factory.support.DefaultListableBeanFactory@3a4e524: defining beans [org.springframework.context.annotation.internalConfigurationAnnotationProcessor,org.springframework.context.annotation.internalAutowiredAnnotationProcessor,org.springframework.context.annotation.internalRequiredAnnotationProcessor,org.springframework.context.annotation.internalCommonAnnotationProcessor,org.springframework.context.event.internalEventListenerProcessor,org.springframework.context.event.internalEventListenerFactory,testContextCfg]; root of factory hierarchy (AbstractApplicationContext.java:615)
2026-06-28 14:03:29,258 [DEBUG] main [org.springframework.beans.factory.support.DefaultListableBeanFactory]: Registering scope 'request' with implementation [org.springframework.web.context.request.RequestScope@2dac2e1b] (AbstractBeanFactory.java:879)
2026-06-28 14:03:29,258 [DEBUG] main [org.springframework.beans.factory.support.DefaultListableBeanFactory]: Registering scope 'session' with implementation [org.springframework.web.context.request.SessionScope@38c761e9] (AbstractBeanFactory.java:879)
2026-06-28 14:03:29,258 [DEBUG] main [org.springframework.beans.factory.support.DefaultListableBeanFactory]: Registering scope 'globalSession' with implementation [org.springframework.web.context.request.SessionScope@1cee2e10] (AbstractBeanFactory.java:879)
2026-06-28 14:03:29,258 [DEBUG] main [org.springframework.beans.factory.support.DefaultListableBeanFactory]: Creating shared instance of singleton bean 'org.springframework.context.annotation.internalConfigurationAnnotationProcessor' (DefaultSingletonBeanRegistry.java:221)
2026-06-28 14:03:29,258 [DEBUG] main [org.springframework.beans.factory.support.DefaultListableBeanFactory]: Creating instance of bean 'org.springframework.context.annotation.internalConfigurationAnnotationProcessor' (AbstractAutowireCapableBeanFactory.java:448)
2026-06-28 14:03:29,258 [DEBUG] main [org.springframework.beans.factory.support.DefaultListableBeanFactory]: Eagerly caching bean 'org.springframework.context.annotation.internalConfigurationAnnotationProcessor' to allow for resolving potential circular references (AbstractAutowireCapableBeanFactory.java:529)
2026-06-28 14:03:29,259 [DEBUG] main [org.springframework.beans.factory.support.DefaultListableBeanFactory]: Finished creating instance of bean 'org.springframework.context.annotation.internalConfigurationAnnotationProcessor' (AbstractAutowireCapableBeanFactory.java:484)
2026-06-28 14:03:29,260 [DEBUG] main [org.springframework.core.env.StandardEnvironment]: Adding [systemProperties] PropertySource with lowest search precedence (MutablePropertySources.java:109)
2026-06-28 14:03:29,260 [DEBUG] main [org.springframework.core.env.StandardEnvironment]: Adding [systemEnvironment] PropertySource with lowest search precedence (MutablePropertySources.java:109)
2026-06-28 14:03:29,260 [DEBUG] main [org.springframework.core.env.StandardEnvironment]: Initialized StandardEnvironment with PropertySources [systemProperties,systemEnvironment] (AbstractEnvironment.java:127)
2026-06-28 14:03:29,260 [DEBUG] main [org.springframework.context.annotation.ClassPathBeanDefinitionScanner]: JSR-250 'javax.annotation.ManagedBean' found and supported for component scanning (ClassPathScanningCandidateComponentProvider.java:244)
2026-06-28 14:03:29,261 [DEBUG] main [org.springframework.context.annotation.ClassPathBeanDefinitionScanner]: JSR-330 'javax.inject.Named' annotation found and supported for component scanning (ClassPathScanningCandidateComponentProvider.java:252)
2026-06-28 14:03:29,261 [DEBUG] main [org.springframework.core.io.support.PathMatchingResourcePatternResolver]: Resolved classpath location [com/tnf/cas/] to resources [URL [file:/home/dz/prj/ress/ress-srv/target/test-classes/com/tnf/cas/], URL [file:/home/dz/prj/ress/ress-srv/target/classes/com/tnf/cas/], URL [jar:file:/home/dz/prj/ress/ress-common/target/ress-common-1.2.0.5.5-SNAPSHOT.jar!/com/tnf/cas/], URL [jar:file:/home/dz/prj/ress/ress-bson/target/ress-bson-1.2.0.5.5-SNAPSHOT.jar!/com/tnf/cas/]] (PathMatchingResourcePatternResolver.java:317)
2026-06-28 14:03:29,262 [DEBUG] main [org.springframework.core.io.support.PathMatchingResourcePatternResolver]: Looking for matching resources in directory tree [/home/dz/prj/ress/ress-srv/target/test-classes/com/tnf/cas] (PathMatchingResourcePatternResolver.java:711)
2026-06-28 14:03:29,262 [DEBUG] main [org.springframework.core.io.support.PathMatchingResourcePatternResolver]: Searching directory [/home/dz/prj/ress/ress-srv/target/test-classes/com/tnf/cas] for files matching pattern [/home/dz/prj/ress/ress-srv/target/test-classes/com/tnf/cas/**/*.class] (PathMatchingResourcePatternResolver.java:773)
2026-06-28 14:03:29,262 [DEBUG] main [org.springframework.core.io.support.PathMatchingResourcePatternResolver]: Searching directory [/home/dz/prj/ress/ress-srv/target/test-classes/com/tnf/cas/db] for files matching pattern [/home/dz/prj/ress/ress-srv/target/test-classes/com/tnf/cas/**/*.class] (PathMatchingResourcePatternResolver.java:773)
2026-06-28 14:03:29,263 [DEBUG] main [org.springframework.core.io.support.PathMatchingResourcePatternResolver]: Searching directory [/home/dz/prj/ress/ress-srv/target/test-classes/com/tnf/cas/provider] for files matching pattern [/home/dz/prj/ress/ress-srv/target/test-classes/com/tnf/cas/**/*.class] (PathMatchingResourcePatternResolver.java:773)
2026-06-28 14:03:29,263 [DEBUG] main [org.springframework.core.io.support.PathMatchingResourcePatternResolver]: Searching directory [/home/dz/prj/ress/ress-srv/target/test-classes/com/tnf/cas/security] for files matching pattern [/home/dz/prj/ress/ress-srv/target/test-classes/com/tnf/cas/**/*.class] (PathMatchingResourcePatternResolver.java:773)
2026-06-28 14:03:29,264 [DEBUG] main [org.springframework.core.io.support.PathMatchingResourcePatternResolver]: Searching directory [/home/dz/prj/ress/ress-srv/target/test-classes/com/tnf/cas/webserver] for files matching pattern [/home/dz/prj/ress/ress-srv/target/test-classes/com/tnf/cas/**/*.class] (PathMatchingResourcePatternResolver.java:773)
2026-06-28 14:03:29,265 [DEBUG] main [org.springframework.core.io.support.PathMatchingResourcePatternResolver]: Looking for matching resources in directory tree [/home/dz/prj/ress/ress-srv/target/classes/com/tnf/cas] (PathMatchingResourcePatternResolver.java:711)
2026-06-28 14:03:29,265 [DEBUG] main [org.springframework.core.io.support.PathMatchingResourcePatternResolver]: Searching directory [/home/dz/prj/ress/ress-srv/target/classes/com/tnf/cas] for files matching pattern [/home/dz/prj/ress/ress-srv/target/classes/com/tnf/cas/**/*.class] (PathMatchingResourcePatternResolver.java:773)
2026-06-28 14:03:29,265 [DEBUG] main [org.springframework.core.io.support.PathMatchingResourcePatternResolver]: Searching directory [/home/dz/prj/ress/ress-srv/target/classes/com/tnf/cas/db] for files matching pattern [/home/dz/prj/ress/ress-srv/target/classes/com/tnf/cas/**/*.class] (PathMatchingResourcePatternResolver.java:773)
2026-06-28 14:03:29,266 [DEBUG] main [org.springframework.core.io.support.PathMatchingResourcePatternResolver]: Searching directory [/home/dz/prj/ress/ress-srv/target/classes/com/tnf/cas/provider] for files matching pattern [/home/dz/prj/ress/ress-srv/target/classes/com/tnf/cas/**/*.class] (PathMatchingResourcePatternResolver.java:773)
2026-06-28 14:03:29,267 [DEBUG] main [org.springframework.core.io.support.PathMatchingResourcePatternResolver]: Searching directory [/home/dz/prj/ress/ress-srv/target/classes/com/tnf/cas/security] for files matching pattern [/home/dz/prj/ress/ress-srv/target/classes/com/tnf/cas/**/*.class] (PathMatchingResourcePatternResolver.java:773)
2026-06-28 14:03:29,268 [DEBUG] main [org.springframework.core.io.support.PathMatchingResourcePatternResolver]: Searching directory [/home/dz/prj/ress/ress-srv/target/classes/com/tnf/cas/web] for files matching pattern [/home/dz/prj/ress/ress-srv/target/classes/com/tnf/cas/**/*.class] (PathMatchingResourcePatternResolver.java:773)
2026-06-28 14:03:29,268 [DEBUG] main [org.springframework.core.io.support.PathMatchingResourcePatternResolver]: Searching directory [/home/dz/prj/ress/ress-srv/target/classes/com/tnf/cas/web/daemon] for files matching pattern [/home/dz/prj/ress/ress-srv/target/classes/com/tnf/cas/**/*.class] (PathMatchingResourcePatternResolver.java:773)
2026-06-28 14:03:29,268 [DEBUG] main [org.springframework.core.io.support.PathMatchingResourcePatternResolver]: Searching directory [/home/dz/prj/ress/ress-srv/target/classes/com/tnf/cas/webserver] for files matching pattern [/home/dz/prj/ress/ress-srv/target/classes/com/tnf/cas/**/*.class] (PathMatchingResourcePatternResolver.java:773)
2026-06-28 14:03:29,269 [DEBUG] main [org.springframework.core.io.support.PathMatchingResourcePatternResolver]: Looking for matching resources in jar file [file:/home/dz/prj/ress/ress-common/target/ress-common-1.2.0.5.5-SNAPSHOT.jar] (PathMatchingResourcePatternResolver.java:610)
2026-06-28 14:03:29,270 [DEBUG] main [org.springframework.core.io.support.PathMatchingResourcePatternResolver]: Looking for matching resources in jar file [file:/home/dz/prj/ress/ress-bson/target/ress-bson-1.2.0.5.5-SNAPSHOT.jar] (PathMatchingResourcePatternResolver.java:610)
2026-06-28 14:03:29,271 [DEBUG] main [org.springframework.core.io.support.PathMatchingResourcePatternResolver]: Resolved location pattern [classpath*:com/tnf/cas/**/*.class] to resources [file [/home/dz/prj/ress/ress-srv/target/test-classes/com/tnf/cas/db/CqlLexer$LexState.class], file [/home/dz/prj/ress/ress-srv/target/test-classes/com/tnf/cas/db/CqlLexer.class], file [/home/dz/prj/ress/ress-srv/target/test-classes/com/tnf/cas/db/Crc16.class], file [/home/dz/prj/ress/ress-srv/target/test-classes/com/tnf/cas/db/DummyHistFinder.class], file [/home/dz/prj/ress/ress-srv/target/test-classes/com/tnf/cas/db/DummyImsiResolver.class], file [/home/dz/prj/ress/ress-srv/target/test-classes/com/tnf/cas/db/DummySubProfileGenerator.class], file [/home/dz/prj/ress/ress-srv/target/test-classes/com/tnf/cas/db/DummySubProfiler.class], file [/home/dz/prj/ress/ress-srv/target/test-classes/com/tnf/cas/db/TestBeanWrapper$Asdf.class], file [/home/dz/prj/ress/ress-srv/target/test-classes/com/tnf/cas/db/TestBeanWrapper$Asdf2.class], file [/home/dz/prj/ress/ress-srv/target/test-classes/com/tnf/cas/db/TestBeanWrapper.class], file [/home/dz/prj/ress/ress-srv/target/test-classes/com/tnf/cas/db/TestCalc.class], file [/home/dz/prj/ress/ress-srv/target/test-classes/com/tnf/cas/db/TestContextCreationForTests.class], file [/home/dz/prj/ress/ress-srv/target/test-classes/com/tnf/cas/db/TestLexer.class], file [/home/dz/prj/ress/ress-srv/target/test-classes/com/tnf/cas/db/TestPartitionKeys.class], file [/home/dz/prj/ress/ress-srv/target/test-classes/com/tnf/cas/db/TestTimes.class], file [/home/dz/prj/ress/ress-srv/target/test-classes/com/tnf/cas/provider/RefresherRest.class], file [/home/dz/prj/ress/ress-srv/target/test-classes/com/tnf/cas/provider/TestHistogram.class], file [/home/dz/prj/ress/ress-srv/target/test-classes/com/tnf/cas/provider/TestRestResource$Ret.class], file [/home/dz/prj/ress/ress-srv/target/test-classes/com/tnf/cas/provider/TestRestResource.class], file [/home/dz/prj/ress/ress-srv/target/test-classes/com/tnf/cas/provider/TestSwitcher.class], file [/home/dz/prj/ress/ress-srv/target/test-classes/com/tnf/cas/security/TestPasswordsAndKeys.class], file [/home/dz/prj/ress/ress-srv/target/test-classes/com/tnf/cas/webserver/DevTestDh.class], file [/home/dz/prj/ress/ress-srv/target/test-classes/com/tnf/cas/webserver/DevTestEncrypt.class], file [/home/dz/prj/ress/ress-srv/target/test-classes/com/tnf/cas/webserver/DevTestHmac.class], file [/home/dz/prj/ress/ress-srv/target/test-classes/com/tnf/cas/webserver/DevTestSignature.class], file [/home/dz/prj/ress/ress-srv/target/test-classes/com/tnf/cas/webserver/DevTestSymmEncrypt.class], file [/home/dz/prj/ress/ress-srv/target/test-classes/com/tnf/cas/webserver/DevWatcher.class], file [/home/dz/prj/ress/ress-srv/target/test-classes/com/tnf/cas/webserver/EclipseWebServer.class], file [/home/dz/prj/ress/ress-srv/target/test-classes/com/tnf/cas/webserver/TestInits.class], file [/home/dz/prj/ress/ress-srv/target/test-classes/com/tnf/cas/webserver/TestWebServices.class], file [/home/dz/prj/ress/ress-srv/target/classes/com/tnf/cas/db/CasPropPartKeyCalculator.class], file [/home/dz/prj/ress/ress-srv/target/classes/com/tnf/cas/db/DbHistoricalFinder.class], file [/home/dz/prj/ress/ress-srv/target/classes/com/tnf/cas/db/DbHistoricalSchemaGenerator.class], file [/home/dz/prj/ress/ress-srv/target/classes/com/tnf/cas/db/DbImsiResolver.class], file [/home/dz/prj/ress/ress-srv/target/classes/com/tnf/cas/db/DbSession.class], file [/home/dz/prj/ress/ress-srv/target/classes/com/tnf/cas/db/DbSubProfileShemaGenerator.class], file [/home/dz/prj/ress/ress-srv/target/classes/com/tnf/cas/db/DbSubProfiler.class], file [/home/dz/prj/ress/ress-srv/target/classes/com/tnf/cas/db/DbTableSchemaGenerator$1.class], file [/home/dz/prj/ress/ress-srv/target/classes/com/tnf/cas/db/DbTableSchemaGenerator.class], file [/home/dz/prj/ress/ress-srv/target/classes/com/tnf/cas/db/HistoricalFinder.class], file [/home/dz/prj/ress/ress-srv/target/classes/com/tnf/cas/db/HistoricalSchemaGenerator.class], file [/home/dz/prj/ress/ress-srv/target/classes/com/tnf/cas/db/ImsiResolver.class], file [/home/dz/prj/ress/ress-srv/target/classes/com/tnf/cas/db/MapPartKeyCalculator.class], file [/home/dz/prj/ress/ress-srv/target/classes/com/tnf/cas/db/MsisdnSearchResult.class], file [/home/dz/prj/ress/ress-srv/target/classes/com/tnf/cas/db/PartKeyCalculator.class], file [/home/dz/prj/ress/ress-srv/target/classes/com/tnf/cas/db/PartToken.class], file [/home/dz/prj/ress/ress-srv/target/classes/com/tnf/cas/db/ProfileSchemaGenerator.class], file [/home/dz/prj/ress/ress-srv/target/classes/com/tnf/cas/db/SchemaGenerator.class], file [/home/dz/prj/ress/ress-srv/target/classes/com/tnf/cas/db/SubProfiler.class], file [/home/dz/prj/ress/ress-srv/target/classes/com/tnf/cas/db/Switcher.class], file [/home/dz/prj/ress/ress-srv/target/classes/com/tnf/cas/db/TimeSniper.class], file [/home/dz/prj/ress/ress-srv/target/classes/com/tnf/cas/provider/BadParameters.class], file [/home/dz/prj/ress/ress-srv/target/classes/com/tnf/cas/provider/Compressor.class], file [/home/dz/prj/ress/ress-srv/target/classes/com/tnf/cas/provider/CorsFilter.class], file [/home/dz/prj/ress/ress-srv/target/classes/com/tnf/cas/provider/Delay.class], file [/home/dz/prj/ress/ress-srv/target/classes/com/tnf/cas/provider/DelayAsync$1.class], file [/home/dz/prj/ress/ress-srv/target/classes/com/tnf/cas/provider/DelayAsync.class], file [/home/dz/prj/ress/ress-srv/target/classes/com/tnf/cas/provider/DummyHistSchemaGenerator.class], file [/home/dz/prj/ress/ress-srv/target/classes/com/tnf/cas/provider/ExceptionHandler$Status.class], file [/home/dz/prj/ress/ress-srv/target/classes/com/tnf/cas/provider/ExceptionHandler.class], file [/home/dz/prj/ress/ress-srv/target/classes/com/tnf/cas/provider/HistSchemaGeneratorRest.class], file [/home/dz/prj/ress/ress-srv/target/classes/com/tnf/cas/provider/ImsiRest.class], file [/home/dz/prj/ress/ress-srv/target/classes/com/tnf/cas/provider/Informer$1.class], file [/home/dz/prj/ress/ress-srv/target/classes/com/tnf/cas/provider/Informer.class], file [/home/dz/prj/ress/ress-srv/target/classes/com/tnf/cas/provider/InformerRecord.class], file [/home/dz/prj/ress/ress-srv/target/classes/com/tnf/cas/provider/Login$Ret.class], file [/home/dz/prj/ress/ress-srv/target/classes/com/tnf/cas/provider/Login.class], file [/home/dz/prj/ress/ress-srv/target/classes/com/tnf/cas/provider/NoDataFound.class], file [/home/dz/prj/ress/ress-srv/target/classes/com/tnf/cas/provider/NotFound404.class], file [/home/dz/prj/ress/ress-srv/target/classes/com/tnf/cas/provider/RolesFeatureActivator.class], file [/home/dz/prj/ress/ress-srv/target/classes/com/tnf/cas/provider/Search.class], file [/home/dz/prj/ress/ress-srv/target/classes/com/tnf/cas/provider/StatusFilter$Status.class], file [/home/dz/prj/ress/ress-srv/target/classes/com/tnf/cas/provider/StatusFilter.class], file [/home/dz/prj/ress/ress-srv/target/classes/com/tnf/cas/provider/SubProfileGeneratorRest.class], file [/home/dz/prj/ress/ress-srv/target/classes/com/tnf/cas/provider/SubProfilerRest.class], file [/home/dz/prj/ress/ress-srv/target/classes/com/tnf/cas/provider/SwitchSetter.class], file [/home/dz/prj/ress/ress-srv/target/classes/com/tnf/cas/provider/TokenValidator.class], file [/home/dz/prj/ress/ress-srv/target/classes/com/tnf/cas/security/Authenticator.class], file [/home/dz/prj/ress/ress-srv/target/classes/com/tnf/cas/security/HmacAuthenticator.class], file [/home/dz/prj/ress/ress-srv/target/classes/com/tnf/cas/security/HmacKeyStore.class], file [/home/dz/prj/ress/ress-srv/target/classes/com/tnf/cas/security/KeyProvider.class], file [/home/dz/prj/ress/ress-srv/target/classes/com/tnf/cas/security/KeyRecord.class], file [/home/dz/prj/ress/ress-srv/target/classes/com/tnf/cas/security/LoginProvider.class], file [/home/dz/prj/ress/ress-srv/target/classes/com/tnf/cas/security/PasswordFileLoginProvider$1.class], file [/home/dz/prj/ress/ress-srv/target/classes/com/tnf/cas/security/PasswordFileLoginProvider$2.class], file [/home/dz/prj/ress/ress-srv/target/classes/com/tnf/cas/security/PasswordFileLoginProvider.class], file [/home/dz/prj/ress/ress-srv/target/classes/com/tnf/cas/security/PropsFileUserStorage.class], file [/home/dz/prj/ress/ress-srv/target/classes/com/tnf/cas/security/SingleKeyProvider.class], file [/home/dz/prj/ress/ress-srv/target/classes/com/tnf/cas/web/PropertiesDsaLoginProvider$1.class], file [/home/dz/prj/ress/ress-srv/target/classes/com/tnf/cas/web/PropertiesDsaLoginProvider$2.class], file [/home/dz/prj/ress/ress-srv/target/classes/com/tnf/cas/web/PropertiesDsaLoginProvider.class], file [/home/dz/prj/ress/ress-srv/target/classes/com/tnf/cas/web/UserStorage.class], file [/home/dz/prj/ress/ress-srv/target/classes/com/tnf/cas/web/WebServerConstants.class], file [/home/dz/prj/ress/ress-srv/target/classes/com/tnf/cas/web/daemon/CasWebDaemon.class], file [/home/dz/prj/ress/ress-srv/target/classes/com/tnf/cas/webserver/WebInitiator.class], file [/home/dz/prj/ress/ress-srv/target/classes/com/tnf/cas/webserver/WebServer.class], URL [jar:file:/home/dz/prj/ress/ress-common/target/ress-common-1.2.0.5.5-SNAPSHOT.jar!/com/tnf/cas/common/properties/Sgm.class], URL [jar:file:/home/dz/prj/ress/ress-common/target/ress-common-1.2.0.5.5-SNAPSHOT.jar!/com/tnf/cas/common/properties/Dt.class], URL [jar:file:/home/dz/prj/ress/ress-common/target/ress-common-1.2.0.5.5-SNAPSHOT.jar!/com/tnf/cas/common/CasCommonConstants.class], URL [jar:file:/home/dz/prj/ress/ress-common/target/ress-common-1.2.0.5.5-SNAPSHOT.jar!/com/tnf/cas/common/util/CasPropertiesHelper.class], URL [jar:file:/home/dz/prj/ress/ress-common/target/ress-common-1.2.0.5.5-SNAPSHOT.jar!/com/tnf/cas/common/conf/CasCfgPropertiesConfigReader.class], URL [jar:file:/home/dz/prj/ress/ress-common/target/ress-common-1.2.0.5.5-SNAPSHOT.jar!/com/tnf/cas/common/helper/CasFileHelper$1.class], URL [jar:file:/home/dz/prj/ress/ress-common/target/ress-common-1.2.0.5.5-SNAPSHOT.jar!/com/tnf/cas/common/helper/CasFileHelper$2.class], URL [jar:file:/home/dz/prj/ress/ress-common/target/ress-common-1.2.0.5.5-SNAPSHOT.jar!/com/tnf/cas/common/helper/CasFileHelper$FileRemoverInfo.class], URL [jar:file:/home/dz/prj/ress/ress-common/target/ress-common-1.2.0.5.5-SNAPSHOT.jar!/com/tnf/cas/common/helper/CasFileHelper.class], URL [jar:file:/home/dz/prj/ress/ress-common/target/ress-common-1.2.0.5.5-SNAPSHOT.jar!/com/tnf/cas/db/CassandraDbHelper.class], URL [jar:file:/home/dz/prj/ress/ress-common/target/ress-common-1.2.0.5.5-SNAPSHOT.jar!/com/tnf/cas/db/Blobber.class], URL [jar:file:/home/dz/prj/ress/ress-common/target/ress-common-1.2.0.5.5-SNAPSHOT.jar!/com/tnf/cas/db/BlobberRegistry.class], URL [jar:file:/home/dz/prj/ress/ress-bson/target/ress-bson-1.2.0.5.5-SNAPSHOT.jar!/com/tnf/cas/db/MongoBsonBlobber.class], URL [jar:file:/home/dz/prj/ress/ress-bson/target/ress-bson-1.2.0.5.5-SNAPSHOT.jar!/com/tnf/cas/db/JacksonBsonBlobber.class]] (PathMatchingResourcePatternResolver.java:483)
2026-06-28 14:03:29,273 [DEBUG] main [org.springframework.context.annotation.ClassPathBeanDefinitionScanner]: Identified candidate component class: file [/home/dz/prj/ress/ress-srv/target/test-classes/com/tnf/cas/provider/RefresherRest.class] (ClassPathScanningCandidateComponentProvider.java:286)
2026-06-28 14:03:29,274 [DEBUG] main [org.springframework.context.annotation.ClassPathBeanDefinitionScanner]: Identified candidate component class: file [/home/dz/prj/ress/ress-srv/target/test-classes/com/tnf/cas/provider/TestRestResource.class] (ClassPathScanningCandidateComponentProvider.java:286)
2026-06-28 14:03:29,277 [DEBUG] main [org.springframework.context.annotation.ClassPathBeanDefinitionScanner]: Identified candidate component class: file [/home/dz/prj/ress/ress-srv/target/classes/com/tnf/cas/db/DbHistoricalFinder.class] (ClassPathScanningCandidateComponentProvider.java:286)
2026-06-28 14:03:29,277 [DEBUG] main [org.springframework.context.annotation.ClassPathBeanDefinitionScanner]: Identified candidate component class: file [/home/dz/prj/ress/ress-srv/target/classes/com/tnf/cas/db/DbHistoricalSchemaGenerator.class] (ClassPathScanningCandidateComponentProvider.java:286)
2026-06-28 14:03:29,278 [DEBUG] main [org.springframework.context.annotation.ClassPathBeanDefinitionScanner]: Identified candidate component class: file [/home/dz/prj/ress/ress-srv/target/classes/com/tnf/cas/db/DbImsiResolver.class] (ClassPathScanningCandidateComponentProvider.java:286)
2026-06-28 14:03:29,278 [DEBUG] main [org.springframework.context.annotation.ClassPathBeanDefinitionScanner]: Identified candidate component class: file [/home/dz/prj/ress/ress-srv/target/classes/com/tnf/cas/db/DbSession.class] (ClassPathScanningCandidateComponentProvider.java:286)
2026-06-28 14:03:29,278 [DEBUG] main [org.springframework.context.annotation.ClassPathBeanDefinitionScanner]: Identified candidate component class: file [/home/dz/prj/ress/ress-srv/target/classes/com/tnf/cas/db/DbSubProfileShemaGenerator.class] (ClassPathScanningCandidateComponentProvider.java:286)
2026-06-28 14:03:29,278 [DEBUG] main [org.springframework.context.annotation.ClassPathBeanDefinitionScanner]: Identified candidate component class: file [/home/dz/prj/ress/ress-srv/target/classes/com/tnf/cas/db/DbSubProfiler.class] (ClassPathScanningCandidateComponentProvider.java:286)
2026-06-28 14:03:29,279 [DEBUG] main [org.springframework.context.annotation.ClassPathBeanDefinitionScanner]: Identified candidate component class: file [/home/dz/prj/ress/ress-srv/target/classes/com/tnf/cas/db/Switcher.class] (ClassPathScanningCandidateComponentProvider.java:286)
2026-06-28 14:03:29,280 [DEBUG] main [org.springframework.context.annotation.ClassPathBeanDefinitionScanner]: Identified candidate component class: file [/home/dz/prj/ress/ress-srv/target/classes/com/tnf/cas/provider/Delay.class] (ClassPathScanningCandidateComponentProvider.java:286)
2026-06-28 14:03:29,280 [DEBUG] main [org.springframework.context.annotation.ClassPathBeanDefinitionScanner]: Identified candidate component class: file [/home/dz/prj/ress/ress-srv/target/classes/com/tnf/cas/provider/DelayAsync.class] (ClassPathScanningCandidateComponentProvider.java:286)
2026-06-28 14:03:29,281 [DEBUG] main [org.springframework.context.annotation.ClassPathBeanDefinitionScanner]: Identified candidate component class: file [/home/dz/prj/ress/ress-srv/target/classes/com/tnf/cas/provider/HistSchemaGeneratorRest.class] (ClassPathScanningCandidateComponentProvider.java:286)
2026-06-28 14:03:29,281 [DEBUG] main [org.springframework.context.annotation.ClassPathBeanDefinitionScanner]: Identified candidate component class: file [/home/dz/prj/ress/ress-srv/target/classes/com/tnf/cas/provider/ImsiRest.class] (ClassPathScanningCandidateComponentProvider.java:286)
2026-06-28 14:03:29,282 [DEBUG] main [org.springframework.context.annotation.ClassPathBeanDefinitionScanner]: Identified candidate component class: file [/home/dz/prj/ress/ress-srv/target/classes/com/tnf/cas/provider/Informer.class] (ClassPathScanningCandidateComponentProvider.java:286)
2026-06-28 14:03:29,282 [DEBUG] main [org.springframework.context.annotation.ClassPathBeanDefinitionScanner]: Identified candidate component class: file [/home/dz/prj/ress/ress-srv/target/classes/com/tnf/cas/provider/Login.class] (ClassPathScanningCandidateComponentProvider.java:286)
2026-06-28 14:03:29,283 [DEBUG] main [org.springframework.context.annotation.ClassPathBeanDefinitionScanner]: Identified candidate component class: file [/home/dz/prj/ress/ress-srv/target/classes/com/tnf/cas/provider/Search.class] (ClassPathScanningCandidateComponentProvider.java:286)
2026-06-28 14:03:29,284 [DEBUG] main [org.springframework.context.annotation.ClassPathBeanDefinitionScanner]: Identified candidate component class: file [/home/dz/prj/ress/ress-srv/target/classes/com/tnf/cas/provider/SubProfileGeneratorRest.class] (ClassPathScanningCandidateComponentProvider.java:286)
2026-06-28 14:03:29,284 [DEBUG] main [org.springframework.context.annotation.ClassPathBeanDefinitionScanner]: Identified candidate component class: file [/home/dz/prj/ress/ress-srv/target/classes/com/tnf/cas/provider/SubProfilerRest.class] (ClassPathScanningCandidateComponentProvider.java:286)
2026-06-28 14:03:29,285 [DEBUG] main [org.springframework.context.annotation.ClassPathBeanDefinitionScanner]: Identified candidate component class: file [/home/dz/prj/ress/ress-srv/target/classes/com/tnf/cas/provider/SwitchSetter.class] (ClassPathScanningCandidateComponentProvider.java:286)
2026-06-28 14:03:29,285 [DEBUG] main [org.springframework.context.annotation.ClassPathBeanDefinitionScanner]: Identified candidate component class: file [/home/dz/prj/ress/ress-srv/target/classes/com/tnf/cas/provider/TokenValidator.class] (ClassPathScanningCandidateComponentProvider.java:286)
2026-06-28 14:03:29,287 [DEBUG] main [org.springframework.context.annotation.ClassPathBeanDefinitionScanner]: Identified candidate component class: file [/home/dz/prj/ress/ress-srv/target/classes/com/tnf/cas/webserver/WebInitiator.class] (ClassPathScanningCandidateComponentProvider.java:286)
2026-06-28 14:03:29,303 [DEBUG] main [org.springframework.core.env.StandardEnvironment]: Adding [systemProperties] PropertySource with lowest search precedence (MutablePropertySources.java:109)
2026-06-28 14:03:29,303 [DEBUG] main [org.springframework.core.env.StandardEnvironment]: Adding [systemEnvironment] PropertySource with lowest search precedence (MutablePropertySources.java:109)
2026-06-28 14:03:29,304 [DEBUG] main [org.springframework.core.env.StandardEnvironment]: Initialized StandardEnvironment with PropertySources [systemProperties,systemEnvironment] (AbstractEnvironment.java:127)
2026-06-28 14:03:29,304 [INFO] main [org.springframework.beans.factory.xml.XmlBeanDefinitionReader]: Loading XML bean definitions from URL [file:src/main/assembly/cfg/beans.xml] (XmlBeanDefinitionReader.java:317)
2026-06-28 14:03:29,304 [DEBUG] main [org.springframework.beans.factory.xml.DefaultDocumentLoader]: Using JAXP provider [com.sun.org.apache.xerces.internal.jaxp.DocumentBuilderFactoryImpl] (DefaultDocumentLoader.java:73)
2026-06-28 14:03:29,305 [DEBUG] main [org.springframework.beans.factory.xml.PluggableSchemaResolver]: Loading schema mappings from [META-INF/spring.schemas] (PluggableSchemaResolver.java:141)
2026-06-28 14:03:29,306 [DEBUG] main [org.springframework.beans.factory.xml.PluggableSchemaResolver]: Loaded schema mappings: {http://www.springframework.org/schema/context/spring-context-3.2.xsd=org/springframework/context/config/spring-context-3.2.xsd, http://www.springframework.org/schema/cache/spring-cache-4.3.xsd=org/springframework/cache/config/spring-cache-4.3.xsd, http://www.springframework.org/schema/beans/spring-beans-4.0.xsd=org/springframework/beans/factory/xml/spring-beans-4.0.xsd, http://www.springframework.org/schema/context/spring-context-2.5.xsd=org/springframework/context/config/spring-context-2.5.xsd, http://www.springframework.org/schema/util/spring-util-4.3.xsd=org/springframework/beans/factory/xml/spring-util-4.3.xsd, http://www.springframework.org/schema/context/spring-context-4.0.xsd=org/springframework/context/config/spring-context-4.0.xsd, http://www.springframework.org/schema/aop/spring-aop-2.0.xsd=org/springframework/aop/config/spring-aop-2.0.xsd, http://www.springframework.org/schema/jee/spring-jee-2.0.xsd=org/springframework/ejb/config/spring-jee-2.0.xsd, http://www.springframework.org/schema/tool/spring-tool-4.3.xsd=org/springframework/beans/factory/xml/spring-tool-4.3.xsd, http://www.springframework.org/schema/util/spring-util-2.0.xsd=org/springframework/beans/factory/xml/spring-util-2.0.xsd, http://www.springframework.org/schema/cache/spring-cache-4.2.xsd=org/springframework/cache/config/spring-cache-4.2.xsd, http://www.springframework.org/schema/tool/spring-tool-2.0.xsd=org/springframework/beans/factory/xml/spring-tool-2.0.xsd, http://www.springframework.org/schema/context/spring-context-3.1.xsd=org/springframework/context/config/spring-context-3.1.xsd, http://www.springframework.org/schema/tool/spring-tool.xsd=org/springframework/beans/factory/xml/spring-tool-4.3.xsd, http://www.springframework.org/schema/beans/spring-beans-3.2.xsd=org/springframework/beans/factory/xml/spring-beans-3.2.xsd, http://www.springframework.org/schema/util/spring-util-4.2.xsd=org/springframework/beans/factory/xml/spring-util-4.2.xsd, http://www.springframework.org/schema/beans/spring-beans-2.5.xsd=org/springframework/beans/factory/xml/spring-beans-2.5.xsd, http://www.springframework.org/schema/beans/spring-beans.xsd=org/springframework/beans/factory/xml/spring-beans-4.3.xsd, http://www.springframework.org/schema/tool/spring-tool-4.0.xsd=org/springframework/beans/factory/xml/spring-tool-4.0.xsd, http://www.springframework.org/schema/util/spring-util-4.1.xsd=org/springframework/beans/factory/xml/spring-util-4.1.xsd, http://www.springframework.org/schema/beans/spring-beans-4.2.xsd=org/springframework/beans/factory/xml/spring-beans-4.2.xsd, http://www.springframework.org/schema/context/spring-context-4.2.xsd=org/springframework/context/config/spring-context-4.2.xsd, http://www.springframework.org/schema/cache/spring-cache-4.1.xsd=org/springframework/cache/config/spring-cache-4.1.xsd, http://www.springframework.org/schema/lang/spring-lang-3.0.xsd=org/springframework/scripting/config/spring-lang-3.0.xsd, http://www.springframework.org/schema/jee/spring-jee-4.3.xsd=org/springframework/ejb/config/spring-jee-4.3.xsd, http://www.springframework.org/schema/aop/spring-aop-4.3.xsd=org/springframework/aop/config/spring-aop-4.3.xsd, http://www.springframework.org/schema/beans/spring-beans-4.3.xsd=org/springframework/beans/factory/xml/spring-beans-4.3.xsd, http://www.springframework.org/schema/tool/spring-tool-4.1.xsd=org/springframework/beans/factory/xml/spring-tool-4.1.xsd, http://www.springframework.org/schema/task/spring-task-4.3.xsd=org/springframework/scheduling/config/spring-task-4.3.xsd, http://www.springframework.org/schema/util/spring-util-4.0.xsd=org/springframework/beans/factory/xml/spring-util-4.0.xsd, http://www.springframework.org/schema/beans/spring-beans-4.1.xsd=org/springframework/beans/factory/xml/spring-beans-4.1.xsd, http://www.springframework.org/schema/lang/spring-lang.xsd=org/springframework/scripting/config/spring-lang-4.3.xsd, http://www.springframework.org/schema/cache/spring-cache-4.0.xsd=org/springframework/cache/config/spring-cache-4.0.xsd, http://www.springframework.org/schema/aop/spring-aop-4.2.xsd=org/springframework/aop/config/spring-aop-4.2.xsd, http://www.springframework.org/schema/tool/spring-tool-4.2.xsd=org/springframework/beans/factory/xml/spring-tool-4.2.xsd, http://www.springframework.org/schema/util/spring-util-2.5.xsd=org/springframework/beans/factory/xml/spring-util-2.5.xsd, http://www.springframework.org/schema/context/spring-context-4.1.xsd=org/springframework/context/config/spring-context-4.1.xsd, http://www.springframework.org/schema/jee/spring-jee-4.2.xsd=org/springframework/ejb/config/spring-jee-4.2.xsd, http://www.springframework.org/schema/lang/spring-lang-3.1.xsd=org/springframework/scripting/config/spring-lang-3.1.xsd, http://www.springframework.org/schema/task/spring-task.xsd=org/springframework/scheduling/config/spring-task-4.3.xsd, http://www.springframework.org/schema/task/spring-task-4.2.xsd=org/springframework/scheduling/config/spring-task-4.2.xsd, http://www.springframework.org/schema/aop/spring-aop.xsd=org/springframework/aop/config/spring-aop-4.3.xsd, http://www.springframework.org/schema/lang/spring-lang-4.0.xsd=org/springframework/scripting/config/spring-lang-4.0.xsd, http://www.springframework.org/schema/beans/spring-beans-2.0.xsd=org/springframework/beans/factory/xml/spring-beans-2.0.xsd, http://www.springframework.org/schema/task/spring-task-4.1.xsd=org/springframework/scheduling/config/spring-task-4.1.xsd, http://www.springframework.org/schema/tool/spring-tool-3.1.xsd=org/springframework/beans/factory/xml/spring-tool-3.1.xsd, http://www.springframework.org/schema/util/spring-util-3.2.xsd=org/springframework/beans/factory/xml/spring-util-3.2.xsd, http://www.springframework.org/schema/jee/spring-jee-4.1.xsd=org/springframework/ejb/config/spring-jee-4.1.xsd, http://www.springframework.org/schema/aop/spring-aop-4.1.xsd=org/springframework/aop/config/spring-aop-4.1.xsd, http://www.springframework.org/schema/lang/spring-lang-3.2.xsd=org/springframework/scripting/config/spring-lang-3.2.xsd, http://www.springframework.org/schema/cache/spring-cache-3.2.xsd=org/springframework/cache/config/spring-cache-3.2.xsd, http://www.springframework.org/schema/util/spring-util.xsd=org/springframework/beans/factory/xml/spring-util-4.3.xsd, http://www.springframework.org/schema/util/spring-util-3.0.xsd=org/springframework/beans/factory/xml/spring-util-3.0.xsd, http://www.springframework.org/schema/jee/spring-jee-3.2.xsd=org/springframework/ejb/config/spring-jee-3.2.xsd, http://www.springframework.org/schema/aop/spring-aop-3.2.xsd=org/springframework/aop/config/spring-aop-3.2.xsd, http://www.springframework.org/schema/tool/spring-tool-3.2.xsd=org/springframework/beans/factory/xml/spring-tool-3.2.xsd, http://www.springframework.org/schema/lang/spring-lang-4.1.xsd=org/springframework/scripting/config/spring-lang-4.1.xsd, http://www.springframework.org/schema/context/spring-context-4.3.xsd=org/springframework/context/config/spring-context-4.3.xsd, http://www.springframework.org/schema/lang/spring-lang-2.5.xsd=org/springframework/scripting/config/spring-lang-2.5.xsd, http://www.springframework.org/schema/jee/spring-jee.xsd=org/springframework/ejb/config/spring-jee-4.3.xsd, http://www.springframework.org/schema/util/spring-util-3.1.xsd=org/springframework/beans/factory/xml/spring-util-3.1.xsd, http://www.springframework.org/schema/jee/spring-jee-2.5.xsd=org/springframework/ejb/config/spring-jee-2.5.xsd, http://www.springframework.org/schema/aop/spring-aop-2.5.xsd=org/springframework/aop/config/spring-aop-2.5.xsd, http://www.springframework.org/schema/task/spring-task-4.0.xsd=org/springframework/scheduling/config/spring-task-4.0.xsd, http://www.springframework.org/schema/context/spring-context.xsd=org/springframework/context/config/spring-context-4.3.xsd, http://www.springframework.org/schema/aop/spring-aop-4.0.xsd=org/springframework/aop/config/spring-aop-4.0.xsd, http://www.springframework.org/schema/cache/spring-cache-3.1.xsd=org/springframework/cache/config/spring-cache-3.1.xsd, http://www.springframework.org/schema/tool/spring-tool-2.5.xsd=org/springframework/beans/factory/xml/spring-tool-2.5.xsd, http://www.springframework.org/schema/jee/spring-jee-4.0.xsd=org/springframework/ejb/config/spring-jee-4.0.xsd, http://www.springframework.org/schema/beans/spring-beans-3.0.xsd=org/springframework/beans/factory/xml/spring-beans-3.0.xsd, http://www.springframework.org/schema/task/spring-task-3.2.xsd=org/springframework/scheduling/config/spring-task-3.2.xsd, http://www.springframework.org/schema/aop/spring-aop-3.1.xsd=org/springframework/aop/config/spring-aop-3.1.xsd, http://www.springframework.org/schema/jee/spring-jee-3.0.xsd=org/springframework/ejb/config/spring-jee-3.0.xsd, http://www.springframework.org/schema/aop/spring-aop-3.0.xsd=org/springframework/aop/config/spring-aop-3.0.xsd, http://www.springframework.org/schema/jee/spring-jee-3.1.xsd=org/springframework/ejb/config/spring-jee-3.1.xsd, http://www.springframework.org/schema/lang/spring-lang-4.3.xsd=org/springframework/scripting/config/spring-lang-4.3.xsd, http://www.springframework.org/schema/beans/spring-beans-3.1.xsd=org/springframework/beans/factory/xml/spring-beans-3.1.xsd, http://www.springframework.org/schema/lang/spring-lang-2.0.xsd=org/springframework/scripting/config/spring-lang-2.0.xsd, http://www.springframework.org/schema/task/spring-task-3.1.xsd=org/springframework/scheduling/config/spring-task-3.1.xsd, http://www.springframework.org/schema/tool/spring-tool-3.0.xsd=org/springframework/beans/factory/xml/spring-tool-3.0.xsd, http://www.springframework.org/schema/lang/spring-lang-4.2.xsd=org/springframework/scripting/config/spring-lang-4.2.xsd, http://www.springframework.org/schema/task/spring-task-3.0.xsd=org/springframework/scheduling/config/spring-task-3.0.xsd, http://www.springframework.org/schema/context/spring-context-3.0.xsd=org/springframework/context/config/spring-context-3.0.xsd, http://www.springframework.org/schema/cache/spring-cache.xsd=org/springframework/cache/config/spring-cache-4.3.xsd} (PluggableSchemaResolver.java:147)
2026-06-28 14:03:29,307 [DEBUG] main [org.springframework.beans.factory.xml.PluggableSchemaResolver]: Found XML schema [http://www.springframework.org/schema/beans/spring-beans-3.0.xsd] in classpath: org/springframework/beans/factory/xml/spring-beans-3.0.xsd (PluggableSchemaResolver.java:119)
2026-06-28 14:03:29,311 [DEBUG] main [org.springframework.beans.factory.xml.DefaultBeanDefinitionDocumentReader]: Loading bean definitions (DefaultBeanDefinitionDocumentReader.java:92)
2026-06-28 14:03:29,311 [DEBUG] main [org.springframework.beans.factory.xml.BeanDefinitionParserDelegate]: Neither XML 'id' nor 'name' specified - using generated bean name [com.tnf.cas.security.HmacAuthenticator#64440065] (BeanDefinitionParserDelegate.java:481)
2026-06-28 14:03:29,311 [DEBUG] main [org.springframework.beans.factory.xml.BeanDefinitionParserDelegate]: Neither XML 'id' nor 'name' specified - using generated bean name [com.tnf.cas.security.SingleKeyProvider#4aa22cc2] (BeanDefinitionParserDelegate.java:481)
2026-06-28 14:03:29,312 [DEBUG] main [org.springframework.beans.factory.xml.XmlBeanDefinitionReader]: Loaded 1 bean definitions from location pattern [file:src/main/assembly/cfg/beans.xml] (AbstractBeanDefinitionReader.java:224)
2026-06-28 14:03:29,312 [INFO] main [org.springframework.beans.factory.xml.XmlBeanDefinitionReader]: Loading XML bean definitions from class path resource [test-beans.xml] (XmlBeanDefinitionReader.java:317)
2026-06-28 14:03:29,312 [DEBUG] main [org.springframework.beans.factory.xml.DefaultDocumentLoader]: Using JAXP provider [com.sun.org.apache.xerces.internal.jaxp.DocumentBuilderFactoryImpl] (DefaultDocumentLoader.java:73)
2026-06-28 14:03:29,313 [DEBUG] main [org.springframework.beans.factory.xml.PluggableSchemaResolver]: Found XML schema [http://www.springframework.org/schema/beans/spring-beans-3.0.xsd] in classpath: org/springframework/beans/factory/xml/spring-beans-3.0.xsd (PluggableSchemaResolver.java:119)
2026-06-28 14:03:29,318 [DEBUG] main [org.springframework.beans.factory.xml.PluggableSchemaResolver]: Found XML schema [http://www.springframework.org/schema/context/spring-context-3.0.xsd] in classpath: org/springframework/context/config/spring-context-3.0.xsd (PluggableSchemaResolver.java:119)
2026-06-28 14:03:29,319 [DEBUG] main [org.springframework.beans.factory.xml.PluggableSchemaResolver]: Found XML schema [http://www.springframework.org/schema/tool/spring-tool-3.0.xsd] in classpath: org/springframework/beans/factory/xml/spring-tool-3.0.xsd (PluggableSchemaResolver.java:119)
2026-06-28 14:03:29,321 [DEBUG] main [org.springframework.beans.factory.xml.DefaultBeanDefinitionDocumentReader]: Loading bean definitions (DefaultBeanDefinitionDocumentReader.java:92)
2026-06-28 14:03:29,322 [DEBUG] main [org.springframework.beans.factory.xml.DefaultNamespaceHandlerResolver]: Loaded NamespaceHandler mappings: {http://www.springframework.org/schema/aop=org.springframework.aop.config.AopNamespaceHandler, http://www.springframework.org/schema/cache=org.springframework.cache.config.CacheNamespaceHandler, http://www.springframework.org/schema/task=org.springframework.scheduling.config.TaskNamespaceHandler, http://www.springframework.org/schema/p=org.springframework.beans.factory.xml.SimplePropertyNamespaceHandler, http://www.springframework.org/schema/util=org.springframework.beans.factory.xml.UtilNamespaceHandler, http://www.springframework.org/schema/lang=org.springframework.scripting.config.LangNamespaceHandler, http://www.springframework.org/schema/c=org.springframework.beans.factory.xml.SimpleConstructorNamespaceHandler, http://www.springframework.org/schema/context=org.springframework.context.config.ContextNamespaceHandler, http://www.springframework.org/schema/jee=org.springframework.ejb.config.JeeNamespaceHandler} (DefaultNamespaceHandlerResolver.java:157)
2026-06-28 14:03:29,322 [DEBUG] main [org.springframework.beans.factory.xml.XmlBeanDefinitionReader]: Loaded 7 bean definitions from location pattern [classpath:test-beans.xml] (AbstractBeanDefinitionReader.java:224)
2026-06-28 14:03:29,325 [DEBUG] main [org.springframework.context.annotation.ConfigurationClassEnhancer]: Successfully enhanced test.spring.non.scannable.TestContextCfg; enhanced class name is: test.spring.non.scannable.TestContextCfg$$EnhancerBySpringCGLIB$$a61f9d9d (ConfigurationClassEnhancer.java:109)
2026-06-28 14:03:29,325 [DEBUG] main [org.springframework.context.annotation.ConfigurationClassPostProcessor]: Replacing bean definition 'testContextCfg' existing class 'test.spring.non.scannable.TestContextCfg' with enhanced class 'test.spring.non.scannable.TestContextCfg$$EnhancerBySpringCGLIB$$a61f9d9d' (ConfigurationClassPostProcessor.java:409)
2026-06-28 14:03:29,325 [DEBUG] main [org.springframework.beans.factory.support.DefaultListableBeanFactory]: Creating shared instance of singleton bean 'org.springframework.beans.factory.config.PropertyPlaceholderConfigurer#0' (DefaultSingletonBeanRegistry.java:221)
2026-06-28 14:03:29,325 [DEBUG] main [org.springframework.beans.factory.support.DefaultListableBeanFactory]: Creating instance of bean 'org.springframework.beans.factory.config.PropertyPlaceholderConfigurer#0' (AbstractAutowireCapableBeanFactory.java:448)
2026-06-28 14:03:29,325 [DEBUG] main [org.springframework.beans.factory.support.DefaultListableBeanFactory]: Eagerly caching bean 'org.springframework.beans.factory.config.PropertyPlaceholderConfigurer#0' to allow for resolving potential circular references (AbstractAutowireCapableBeanFactory.java:529)
2026-06-28 14:03:29,326 [DEBUG] main [org.springframework.beans.factory.support.DefaultListableBeanFactory]: Finished creating instance of bean 'org.springframework.beans.factory.config.PropertyPlaceholderConfigurer#0' (AbstractAutowireCapableBeanFactory.java:484)
2026-06-28 14:03:29,327 [INFO] main [org.springframework.beans.factory.config.PropertyPlaceholderConfigurer]: Loading properties file from URL [file:src/main/assembly/cfg/cfg-cas.properties.template] (PropertiesLoaderSupport.java:172)
2026-06-28 14:03:29,327 [INFO] main [org.springframework.beans.factory.config.PropertyPlaceholderConfigurer]: Loading properties file from class path resource [embedded_cassandra_connection.properties] (PropertiesLoaderSupport.java:172)
2026-06-28 14:03:29,327 [INFO] main [org.springframework.beans.factory.config.PropertyPlaceholderConfigurer]: Loading properties file from class path resource [webroot.properties] (PropertiesLoaderSupport.java:172)
2026-06-28 14:03:29,328 [DEBUG] main [org.springframework.beans.factory.support.DefaultListableBeanFactory]: Creating shared instance of singleton bean 'org.springframework.context.annotation.internalAutowiredAnnotationProcessor' (DefaultSingletonBeanRegistry.java:221)
2026-06-28 14:03:29,328 [DEBUG] main [org.springframework.beans.factory.support.DefaultListableBeanFactory]: Creating instance of bean 'org.springframework.context.annotation.internalAutowiredAnnotationProcessor' (AbstractAutowireCapableBeanFactory.java:448)
2026-06-28 14:03:29,328 [INFO] main [org.springframework.beans.factory.annotation.AutowiredAnnotationBeanPostProcessor]: JSR-330 'javax.inject.Inject' annotation found and supported for autowiring (AutowiredAnnotationBeanPostProcessor.java:155)
2026-06-28 14:03:29,328 [DEBUG] main [org.springframework.beans.factory.support.DefaultListableBeanFactory]: Eagerly caching bean 'org.springframework.context.annotation.internalAutowiredAnnotationProcessor' to allow for resolving potential circular references (AbstractAutowireCapableBeanFactory.java:529)
2026-06-28 14:03:29,328 [DEBUG] main [org.springframework.beans.factory.support.DefaultListableBeanFactory]: Finished creating instance of bean 'org.springframework.context.annotation.internalAutowiredAnnotationProcessor' (AbstractAutowireCapableBeanFactory.java:484)
2026-06-28 14:03:29,328 [DEBUG] main [org.springframework.beans.factory.support.DefaultListableBeanFactory]: Creating shared instance of singleton bean 'org.springframework.context.annotation.internalRequiredAnnotationProcessor' (DefaultSingletonBeanRegistry.java:221)
2026-06-28 14:03:29,328 [DEBUG] main [org.springframework.beans.factory.support.DefaultListableBeanFactory]: Creating instance of bean 'org.springframework.context.annotation.internalRequiredAnnotationProcessor' (AbstractAutowireCapableBeanFactory.java:448)
2026-06-28 14:03:29,328 [DEBUG] main [org.springframework.beans.factory.support.DefaultListableBeanFactory]: Eagerly caching bean 'org.springframework.context.annotation.internalRequiredAnnotationProcessor' to allow for resolving potential circular references (AbstractAutowireCapableBeanFactory.java:529)
2026-06-28 14:03:29,328 [DEBUG] main [org.springframework.beans.factory.support.DefaultListableBeanFactory]: Finished creating instance of bean 'org.springframework.context.annotation.internalRequiredAnnotationProcessor' (AbstractAutowireCapableBeanFactory.java:484)
2026-06-28 14:03:29,328 [DEBUG] main [org.springframework.beans.factory.support.DefaultListableBeanFactory]: Creating shared instance of singleton bean 'org.springframework.context.annotation.internalCommonAnnotationProcessor' (DefaultSingletonBeanRegistry.java:221)
2026-06-28 14:03:29,328 [DEBUG] main [org.springframework.beans.factory.support.DefaultListableBeanFactory]: Creating instance of bean 'org.springframework.context.annotation.internalCommonAnnotationProcessor' (AbstractAutowireCapableBeanFactory.java:448)
2026-06-28 14:03:29,328 [DEBUG] main [org.springframework.beans.factory.support.DefaultListableBeanFactory]: Eagerly caching bean 'org.springframework.context.annotation.internalCommonAnnotationProcessor' to allow for resolving potential circular references (AbstractAutowireCapableBeanFactory.java:529)
2026-06-28 14:03:29,328 [DEBUG] main [org.springframework.beans.factory.support.DefaultListableBeanFactory]: Finished creating instance of bean 'org.springframework.context.annotation.internalCommonAnnotationProcessor' (AbstractAutowireCapableBeanFactory.java:484)
2026-06-28 14:03:29,328 [DEBUG] main [org.springframework.beans.factory.support.DefaultListableBeanFactory]: Creating shared instance of singleton bean 'org.springframework.context.annotation.ConfigurationClassPostProcessor.importAwareProcessor' (DefaultSingletonBeanRegistry.java:221)
2026-06-28 14:03:29,328 [DEBUG] main [org.springframework.beans.factory.support.DefaultListableBeanFactory]: Creating instance of bean 'org.springframework.context.annotation.ConfigurationClassPostProcessor.importAwareProcessor' (AbstractAutowireCapableBeanFactory.java:448)
2026-06-28 14:03:29,328 [DEBUG] main [org.springframework.beans.factory.support.DefaultListableBeanFactory]: Eagerly caching bean 'org.springframework.context.annotation.ConfigurationClassPostProcessor.importAwareProcessor' to allow for resolving potential circular references (AbstractAutowireCapableBeanFactory.java:529)
2026-06-28 14:03:29,328 [DEBUG] main [org.springframework.beans.factory.support.DefaultListableBeanFactory]: Finished creating instance of bean 'org.springframework.context.annotation.ConfigurationClassPostProcessor.importAwareProcessor' (AbstractAutowireCapableBeanFactory.java:484)
2026-06-28 14:03:29,328 [DEBUG] main [org.springframework.beans.factory.support.DefaultListableBeanFactory]: Creating shared instance of singleton bean 'org.springframework.context.annotation.ConfigurationClassPostProcessor.enhancedConfigurationProcessor' (DefaultSingletonBeanRegistry.java:221)
2026-06-28 14:03:29,328 [DEBUG] main [org.springframework.beans.factory.support.DefaultListableBeanFactory]: Creating instance of bean 'org.springframework.context.annotation.ConfigurationClassPostProcessor.enhancedConfigurationProcessor' (AbstractAutowireCapableBeanFactory.java:448)
2026-06-28 14:03:29,329 [DEBUG] main [org.springframework.beans.factory.support.DefaultListableBeanFactory]: Eagerly caching bean 'org.springframework.context.annotation.ConfigurationClassPostProcessor.enhancedConfigurationProcessor' to allow for resolving potential circular references (AbstractAutowireCapableBeanFactory.java:529)
2026-06-28 14:03:29,329 [DEBUG] main [org.springframework.beans.factory.support.DefaultListableBeanFactory]: Finished creating instance of bean 'org.springframework.context.annotation.ConfigurationClassPostProcessor.enhancedConfigurationProcessor' (AbstractAutowireCapableBeanFactory.java:484)
2026-06-28 14:03:29,329 [DEBUG] main [org.springframework.web.context.support.AnnotationConfigWebApplicationContext]: Unable to locate MessageSource with name 'messageSource': using default [org.springframework.context.support.DelegatingMessageSource@1de5cc88] (AbstractApplicationContext.java:728)
2026-06-28 14:03:29,329 [DEBUG] main [org.springframework.web.context.support.AnnotationConfigWebApplicationContext]: Unable to locate ApplicationEventMulticaster with name 'applicationEventMulticaster': using default [org.springframework.context.event.SimpleApplicationEventMulticaster@23e2c1ca] (AbstractApplicationContext.java:752)
2026-06-28 14:03:29,329 [DEBUG] main [org.springframework.ui.context.support.UiApplicationContextUtils]: Unable to locate ThemeSource with name 'themeSource': using default [org.springframework.ui.context.support.ResourceBundleThemeSource@2d4fb0d8] (UiApplicationContextUtils.java:85)
2026-06-28 14:03:29,329 [DEBUG] main [org.springframework.beans.factory.support.DefaultListableBeanFactory]: Pre-instantiating singletons in org.springframework.beans.factory.support.DefaultListableBeanFactory@3a4e524: defining beans [org.springframework.context.annotation.internalConfigurationAnnotationProcessor,org.springframework.context.annotation.internalAutowiredAnnotationProcessor,org.springframework.context.annotation.internalRequiredAnnotationProcessor,org.springframework.context.annotation.internalCommonAnnotationProcessor,org.springframework.context.event.internalEventListenerProcessor,org.springframework.context.event.internalEventListenerFactory,testContextCfg,org.springframework.context.annotation.ConfigurationClassPostProcessor.importAwareProcessor,org.springframework.context.annotation.ConfigurationClassPostProcessor.enhancedConfigurationProcessor,refresherRest,testRestResource,dbHistoricalFinder,dbHistoricalSchemaGenerator,dbImsiResolver,dbSession,dbSubProfileShemaGenerator,dbSubProfiler,switcher,delay,delayasync,gethistdatadef,getimsibymsisdn,informer,login,gethistdata,getsubprofiledef,getsubprofile,switchSetter,tokenValidator,webInitiator,loginProvider,testString,org.springframework.beans.factory.config.PropertyPlaceholderConfigurer#0,imsiResolver,subProfiler,subProfileGenerator,histFinder,histSchemaGenerator]; root of factory hierarchy (DefaultListableBeanFactory.java:744)
2026-06-28 14:03:29,329 [DEBUG] main [org.springframework.beans.factory.support.DefaultListableBeanFactory]: Returning cached instance of singleton bean 'org.springframework.context.annotation.internalConfigurationAnnotationProcessor' (AbstractBeanFactory.java:251)
2026-06-28 14:03:29,329 [DEBUG] main [org.springframework.beans.factory.support.DefaultListableBeanFactory]: Returning cached instance of singleton bean 'org.springframework.context.annotation.internalAutowiredAnnotationProcessor' (AbstractBeanFactory.java:251)
2026-06-28 14:03:29,329 [DEBUG] main [org.springframework.beans.factory.support.DefaultListableBeanFactory]: Returning cached instance of singleton bean 'org.springframework.context.annotation.internalRequiredAnnotationProcessor' (AbstractBeanFactory.java:251)
2026-06-28 14:03:29,329 [DEBUG] main [org.springframework.beans.factory.support.DefaultListableBeanFactory]: Returning cached instance of singleton bean 'org.springframework.context.annotation.internalCommonAnnotationProcessor' (AbstractBeanFactory.java:251)
2026-06-28 14:03:29,329 [DEBUG] main [org.springframework.beans.factory.support.DefaultListableBeanFactory]: Creating shared instance of singleton bean 'org.springframework.context.event.internalEventListenerProcessor' (DefaultSingletonBeanRegistry.java:221)
2026-06-28 14:03:29,329 [DEBUG] main [org.springframework.beans.factory.support.DefaultListableBeanFactory]: Creating instance of bean 'org.springframework.context.event.internalEventListenerProcessor' (AbstractAutowireCapableBeanFactory.java:448)
2026-06-28 14:03:29,329 [DEBUG] main [org.springframework.beans.factory.support.DefaultListableBeanFactory]: Eagerly caching bean 'org.springframework.context.event.internalEventListenerProcessor' to allow for resolving potential circular references (AbstractAutowireCapableBeanFactory.java:529)
2026-06-28 14:03:29,330 [DEBUG] main [org.springframework.beans.factory.support.DefaultListableBeanFactory]: Finished creating instance of bean 'org.springframework.context.event.internalEventListenerProcessor' (AbstractAutowireCapableBeanFactory.java:484)
2026-06-28 14:03:29,330 [DEBUG] main [org.springframework.beans.factory.support.DefaultListableBeanFactory]: Creating shared instance of singleton bean 'org.springframework.context.event.internalEventListenerFactory' (DefaultSingletonBeanRegistry.java:221)
2026-06-28 14:03:29,330 [DEBUG] main [org.springframework.beans.factory.support.DefaultListableBeanFactory]: Creating instance of bean 'org.springframework.context.event.internalEventListenerFactory' (AbstractAutowireCapableBeanFactory.java:448)
2026-06-28 14:03:29,330 [DEBUG] main [org.springframework.beans.factory.support.DefaultListableBeanFactory]: Eagerly caching bean 'org.springframework.context.event.internalEventListenerFactory' to allow for resolving potential circular references (AbstractAutowireCapableBeanFactory.java:529)
2026-06-28 14:03:29,331 [DEBUG] main [org.springframework.beans.factory.support.DefaultListableBeanFactory]: Finished creating instance of bean 'org.springframework.context.event.internalEventListenerFactory' (AbstractAutowireCapableBeanFactory.java:484)
2026-06-28 14:03:29,331 [DEBUG] main [org.springframework.beans.factory.support.DefaultListableBeanFactory]: Creating shared instance of singleton bean 'testContextCfg' (DefaultSingletonBeanRegistry.java:221)
2026-06-28 14:03:29,331 [DEBUG] main [org.springframework.beans.factory.support.DefaultListableBeanFactory]: Creating instance of bean 'testContextCfg' (AbstractAutowireCapableBeanFactory.java:448)
2026-06-28 14:03:29,331 [DEBUG] main [org.springframework.beans.factory.support.DefaultListableBeanFactory]: Eagerly caching bean 'testContextCfg' to allow for resolving potential circular references (AbstractAutowireCapableBeanFactory.java:529)
2026-06-28 14:03:29,332 [DEBUG] main [org.springframework.beans.factory.support.DefaultListableBeanFactory]: Finished creating instance of bean 'testContextCfg' (AbstractAutowireCapableBeanFactory.java:484)
2026-06-28 14:03:29,332 [DEBUG] main [org.springframework.beans.factory.support.DefaultListableBeanFactory]: Returning cached instance of singleton bean 'org.springframework.context.annotation.ConfigurationClassPostProcessor.importAwareProcessor' (AbstractBeanFactory.java:251)
2026-06-28 14:03:29,332 [DEBUG] main [org.springframework.beans.factory.support.DefaultListableBeanFactory]: Returning cached instance of singleton bean 'org.springframework.context.annotation.ConfigurationClassPostProcessor.enhancedConfigurationProcessor' (AbstractBeanFactory.java:251)
2026-06-28 14:03:29,332 [DEBUG] main [org.springframework.beans.factory.support.DefaultListableBeanFactory]: Creating shared instance of singleton bean 'refresherRest' (DefaultSingletonBeanRegistry.java:221)
2026-06-28 14:03:29,332 [DEBUG] main [org.springframework.beans.factory.support.DefaultListableBeanFactory]: Creating instance of bean 'refresherRest' (AbstractAutowireCapableBeanFactory.java:448)
2026-06-28 14:03:29,332 [DEBUG] main [org.springframework.beans.factory.support.DefaultListableBeanFactory]: Eagerly caching bean 'refresherRest' to allow for resolving potential circular references (AbstractAutowireCapableBeanFactory.java:529)
2026-06-28 14:03:29,333 [DEBUG] main [org.springframework.beans.factory.support.DefaultListableBeanFactory]: Finished creating instance of bean 'refresherRest' (AbstractAutowireCapableBeanFactory.java:484)
2026-06-28 14:03:29,333 [DEBUG] main [org.springframework.beans.factory.support.DefaultListableBeanFactory]: Creating shared instance of singleton bean 'testRestResource' (DefaultSingletonBeanRegistry.java:221)
2026-06-28 14:03:29,333 [DEBUG] main [org.springframework.beans.factory.support.DefaultListableBeanFactory]: Creating instance of bean 'testRestResource' (AbstractAutowireCapableBeanFactory.java:448)
2026-06-28 14:03:29,334 [DEBUG] main [org.springframework.beans.factory.annotation.InjectionMetadata]: Registered injected element on class [com.tnf.cas.provider.TestRestResource]: AutowiredMethodElement for public void com.tnf.cas.provider.TestRestResource.setStr(java.lang.String) (InjectionMetadata.java:72)
2026-06-28 14:03:29,334 [DEBUG] main [org.springframework.beans.factory.support.DefaultListableBeanFactory]: Eagerly caching bean 'testRestResource' to allow for resolving potential circular references (AbstractAutowireCapableBeanFactory.java:529)
2026-06-28 14:03:29,334 [DEBUG] main [org.springframework.beans.factory.annotation.InjectionMetadata]: Processing injected element of bean 'testRestResource': AutowiredMethodElement for public void com.tnf.cas.provider.TestRestResource.setStr(java.lang.String) (InjectionMetadata.java:86)
2026-06-28 14:03:29,335 [DEBUG] main [org.springframework.beans.factory.support.DefaultListableBeanFactory]: Creating shared instance of singleton bean 'testString' (DefaultSingletonBeanRegistry.java:221)
2026-06-28 14:03:29,335 [DEBUG] main [org.springframework.beans.factory.support.DefaultListableBeanFactory]: Creating instance of bean 'testString' (AbstractAutowireCapableBeanFactory.java:448)
2026-06-28 14:03:29,337 [DEBUG] main [org.springframework.beans.factory.support.DefaultListableBeanFactory]: Eagerly caching bean 'testString' to allow for resolving potential circular references (AbstractAutowireCapableBeanFactory.java:529)
2026-06-28 14:03:29,338 [DEBUG] main [org.springframework.beans.factory.support.DefaultListableBeanFactory]: Finished creating instance of bean 'testString' (AbstractAutowireCapableBeanFactory.java:484)
2026-06-28 14:03:29,338 [DEBUG] main [org.springframework.beans.factory.annotation.AutowiredAnnotationBeanPostProcessor]: Autowiring by type from bean name 'testRestResource' to bean named 'testString' (AutowiredAnnotationBeanPostProcessor.java:516)
2026-06-28 14:03:29,338 [DEBUG] main [org.springframework.beans.factory.support.DefaultListableBeanFactory]: Finished creating instance of bean 'testRestResource' (AbstractAutowireCapableBeanFactory.java:484)
2026-06-28 14:03:29,338 [DEBUG] main [org.springframework.beans.factory.support.DefaultListableBeanFactory]: Creating shared instance of singleton bean 'dbHistoricalFinder' (DefaultSingletonBeanRegistry.java:221)
2026-06-28 14:03:29,338 [DEBUG] main [org.springframework.beans.factory.support.DefaultListableBeanFactory]: Creating instance of bean 'dbHistoricalFinder' (AbstractAutowireCapableBeanFactory.java:448)
2026-06-28 14:03:29,339 [DEBUG] main [org.springframework.beans.factory.annotation.InjectionMetadata]: Registered injected element on class [com.tnf.cas.db.DbHistoricalFinder]: AutowiredMethodElement for public void com.tnf.cas.db.DbHistoricalFinder.setImsiResolver(com.tnf.cas.db.ImsiResolver) (InjectionMetadata.java:72)
2026-06-28 14:03:29,339 [DEBUG] main [org.springframework.beans.factory.annotation.InjectionMetadata]: Registered injected element on class [com.tnf.cas.db.DbHistoricalFinder]: AutowiredMethodElement for public void com.tnf.cas.db.DbHistoricalFinder.setConsistencyLevel(com.datastax.driver.core.ConsistencyLevel) (InjectionMetadata.java:72)
2026-06-28 14:03:29,339 [DEBUG] main [org.springframework.beans.factory.annotation.InjectionMetadata]: Registered injected element on class [com.tnf.cas.db.DbHistoricalFinder]: AutowiredMethodElement for public void com.tnf.cas.db.DbHistoricalFinder.setKeySpace(java.lang.String) (InjectionMetadata.java:72)
2026-06-28 14:03:29,339 [DEBUG] main [org.springframework.beans.factory.annotation.InjectionMetadata]: Registered injected element on class [com.tnf.cas.db.DbHistoricalFinder]: AutowiredMethodElement for public void com.tnf.cas.db.DbHistoricalFinder.setSession(com.datastax.driver.core.Session) (InjectionMetadata.java:72)
2026-06-28 14:03:29,339 [DEBUG] main [org.springframework.beans.factory.annotation.InjectionMetadata]: Registered injected element on class [com.tnf.cas.db.DbHistoricalFinder]: AutowiredMethodElement for public void com.tnf.cas.db.DbHistoricalFinder.setColumnListCommasSeparated(java.lang.String) (InjectionMetadata.java:72)
2026-06-28 14:03:29,339 [DEBUG] main [org.springframework.beans.factory.annotation.InjectionMetadata]: Registered injected element on class [com.tnf.cas.db.DbHistoricalFinder]: AutowiredMethodElement for public void com.tnf.cas.db.DbHistoricalFinder.setSearchTimeFilter(boolean) (InjectionMetadata.java:72)
2026-06-28 14:03:29,339 [DEBUG] main [org.springframework.beans.factory.support.DefaultListableBeanFactory]: Eagerly caching bean 'dbHistoricalFinder' to allow for resolving potential circular references (AbstractAutowireCapableBeanFactory.java:529)
2026-06-28 14:03:29,339 [DEBUG] main [org.springframework.beans.factory.annotation.InjectionMetadata]: Processing injected element of bean 'dbHistoricalFinder': AutowiredMethodElement for public void com.tnf.cas.db.DbHistoricalFinder.setImsiResolver(com.tnf.cas.db.ImsiResolver) (InjectionMetadata.java:86)
2026-06-28 14:03:29,340 [DEBUG] main [org.springframework.beans.factory.support.DefaultListableBeanFactory]: Creating shared instance of singleton bean 'dbImsiResolver' (DefaultSingletonBeanRegistry.java:221)
2026-06-28 14:03:29,340 [DEBUG] main [org.springframework.beans.factory.support.DefaultListableBeanFactory]: Creating instance of bean 'dbImsiResolver' (AbstractAutowireCapableBeanFactory.java:448)
2026-06-28 14:03:29,341 [DEBUG] main [org.springframework.beans.factory.annotation.InjectionMetadata]: Registered injected element on class [com.tnf.cas.db.DbImsiResolver]: AutowiredFieldElement for private com.datastax.driver.core.Session com.tnf.cas.db.DbImsiResolver.mSession (InjectionMetadata.java:72)
2026-06-28 14:03:29,341 [DEBUG] main [org.springframework.beans.factory.annotation.InjectionMetadata]: Registered injected element on class [com.tnf.cas.db.DbImsiResolver]: AutowiredMethodElement for public void com.tnf.cas.db.DbImsiResolver.setConsistencyLevel(com.datastax.driver.core.ConsistencyLevel) (InjectionMetadata.java:72)
2026-06-28 14:03:29,341 [DEBUG] main [org.springframework.beans.factory.support.DefaultListableBeanFactory]: Eagerly caching bean 'dbImsiResolver' to allow for resolving potential circular references (AbstractAutowireCapableBeanFactory.java:529)
2026-06-28 14:03:29,341 [DEBUG] main [org.springframework.beans.factory.annotation.InjectionMetadata]: Processing injected element of bean 'dbImsiResolver': AutowiredFieldElement for private com.datastax.driver.core.Session com.tnf.cas.db.DbImsiResolver.mSession (InjectionMetadata.java:86)
2026-06-28 14:03:29,341 [DEBUG] main [org.springframework.beans.factory.support.DefaultListableBeanFactory]: Creating shared instance of singleton bean 'dbSession' (DefaultSingletonBeanRegistry.java:221)
2026-06-28 14:03:29,341 [DEBUG] main [org.springframework.beans.factory.support.DefaultListableBeanFactory]: Creating instance of bean 'dbSession' (AbstractAutowireCapableBeanFactory.java:448)
2026-06-28 14:03:29,342 [DEBUG] main [org.springframework.beans.factory.annotation.InjectionMetadata]: Registered injected element on class [com.tnf.cas.db.DbSession]: AutowiredMethodElement for public void com.tnf.cas.db.DbSession.setPort(int) (InjectionMetadata.java:72)
2026-06-28 14:03:29,342 [DEBUG] main [org.springframework.beans.factory.annotation.InjectionMetadata]: Registered injected element on class [com.tnf.cas.db.DbSession]: AutowiredMethodElement for public void com.tnf.cas.db.DbSession.setKeySpace(java.lang.String) (InjectionMetadata.java:72)
2026-06-28 14:03:29,342 [DEBUG] main [org.springframework.beans.factory.annotation.InjectionMetadata]: Registered injected element on class [com.tnf.cas.db.DbSession]: AutowiredMethodElement for public void com.tnf.cas.db.DbSession.setPassword(java.lang.String) (InjectionMetadata.java:72)
2026-06-28 14:03:29,342 [DEBUG] main [org.springframework.beans.factory.annotation.InjectionMetadata]: Registered injected element on class [com.tnf.cas.db.DbSession]: AutowiredMethodElement for public void com.tnf.cas.db.DbSession.setHostsLine(java.lang.String) (InjectionMetadata.java:72)
2026-06-28 14:03:29,342 [DEBUG] main [org.springframework.beans.factory.annotation.InjectionMetadata]: Registered injected element on class [com.tnf.cas.db.DbSession]: AutowiredMethodElement for public void com.tnf.cas.db.DbSession.setKeySpaceCql(java.lang.String) (InjectionMetadata.java:72)
2026-06-28 14:03:29,343 [DEBUG] main [org.springframework.beans.factory.annotation.InjectionMetadata]: Registered injected element on class [com.tnf.cas.db.DbSession]: AutowiredMethodElement for public void com.tnf.cas.db.DbSession.setUserName(java.lang.String) (InjectionMetadata.java:72)
2026-06-28 14:03:29,343 [DEBUG] main [org.springframework.beans.factory.support.DefaultListableBeanFactory]: Eagerly caching bean 'dbSession' to allow for resolving potential circular references (AbstractAutowireCapableBeanFactory.java:529)
2026-06-28 14:03:29,343 [DEBUG] main [org.springframework.beans.factory.annotation.InjectionMetadata]: Processing injected element of bean 'dbSession': AutowiredMethodElement for public void com.tnf.cas.db.DbSession.setPort(int) (InjectionMetadata.java:86)
2026-06-28 14:03:29,343 [DEBUG] main [org.springframework.beans.factory.annotation.InjectionMetadata]: Processing injected element of bean 'dbSession': AutowiredMethodElement for public void com.tnf.cas.db.DbSession.setKeySpace(java.lang.String) (InjectionMetadata.java:86)
2026-06-28 14:03:29,343 [DEBUG] main [org.springframework.beans.factory.annotation.InjectionMetadata]: Processing injected element of bean 'dbSession': AutowiredMethodElement for public void com.tnf.cas.db.DbSession.setPassword(java.lang.String) (InjectionMetadata.java:86)
2026-06-28 14:03:29,343 [DEBUG] main [org.springframework.beans.factory.annotation.InjectionMetadata]: Processing injected element of bean 'dbSession': AutowiredMethodElement for public void com.tnf.cas.db.DbSession.setHostsLine(java.lang.String) (InjectionMetadata.java:86)
2026-06-28 14:03:29,343 [DEBUG] main [org.springframework.beans.factory.annotation.InjectionMetadata]: Processing injected element of bean 'dbSession': AutowiredMethodElement for public void com.tnf.cas.db.DbSession.setKeySpaceCql(java.lang.String) (InjectionMetadata.java:86)
2026-06-28 14:03:29,343 [DEBUG] main [org.springframework.beans.factory.annotation.InjectionMetadata]: Processing injected element of bean 'dbSession': AutowiredMethodElement for public void com.tnf.cas.db.DbSession.setUserName(java.lang.String) (InjectionMetadata.java:86)
2026-06-28 14:03:29,344 [DEBUG] main [org.springframework.beans.factory.support.DefaultListableBeanFactory]: Finished creating instance of bean 'dbSession' (AbstractAutowireCapableBeanFactory.java:484)
2026-06-28 14:03:29,344 [INFO] main [com.tnf.bis.common.db.CassandraDatasourceFactory]: cassandra.hosts.comma.separated=127.0.0.1 (CassandraDatasourceFactory.java:200)
2026-06-28 14:03:29,344 [INFO] main [com.tnf.bis.common.db.CassandraDatasourceFactory]: cassandra.port=9042 (CassandraDatasourceFactory.java:202)
2026-06-28 14:03:29,344 [INFO] main [com.tnf.bis.common.db.CassandraDatasourceFactory]: cassandra.keyspace=tnf (CassandraDatasourceFactory.java:76)
2026-06-28 14:03:29,344 [INFO] main [com.tnf.bis.common.db.CassandraDatasourceFactory]: cassandra.user=cassandra (CassandraDatasourceFactory.java:79)
2026-06-28 14:03:29,344 [INFO] main [com.tnf.bis.common.db.CassandraDatasourceFactory]: cassandra.password=... (CassandraDatasourceFactory.java:82)
2026-06-28 14:03:29,344 [INFO] main [com.datastax.driver.core.ClockFactory]: Using native clock to generate timestamps. (Clock.java:52)
2026-06-28 14:03:29,348 [ERROR] main [com.tnf.cas.db.DbSession]: All host(s) tried for query failed (tried: /127.0.0.1:9042 (com.datastax.driver.core.exceptions.TransportException: [/127.0.0.1:9042] Cannot connect)) (DbSession.java:42)
2026-06-28 14:03:29,348 [DEBUG] main [org.springframework.beans.factory.annotation.AutowiredAnnotationBeanPostProcessor]: Autowiring by type from bean name 'dbImsiResolver' to bean named 'dbSession' (AutowiredAnnotationBeanPostProcessor.java:516)
2026-06-28 14:03:29,348 [DEBUG] main [org.springframework.beans.factory.annotation.InjectionMetadata]: Processing injected element of bean 'dbImsiResolver': AutowiredMethodElement for public void com.tnf.cas.db.DbImsiResolver.setConsistencyLevel(com.datastax.driver.core.ConsistencyLevel) (InjectionMetadata.java:86)
2026-06-28 14:03:29,348 [INFO] main [com.tnf.cas.db.DbImsiResolver]: Query consistency level: TWO (DbImsiResolver.java:65)
2026-06-28 14:03:29,349 [DEBUG] main [org.springframework.beans.factory.support.DefaultListableBeanFactory]: Finished creating instance of bean 'dbImsiResolver' (AbstractAutowireCapableBeanFactory.java:484)
2026-06-28 14:03:29,349 [DEBUG] main [org.springframework.beans.factory.support.DefaultListableBeanFactory]: Creating shared instance of singleton bean 'imsiResolver' (DefaultSingletonBeanRegistry.java:221)
2026-06-28 14:03:29,349 [DEBUG] main [org.springframework.beans.factory.support.DefaultListableBeanFactory]: Creating instance of bean 'imsiResolver' (AbstractAutowireCapableBeanFactory.java:448)
2026-06-28 14:03:29,349 [DEBUG] main [org.springframework.beans.factory.support.DefaultListableBeanFactory]: Eagerly caching bean 'imsiResolver' to allow for resolving potential circular references (AbstractAutowireCapableBeanFactory.java:529)
2026-06-28 14:03:29,349 [DEBUG] main [org.springframework.beans.factory.support.DefaultListableBeanFactory]: Finished creating instance of bean 'imsiResolver' (AbstractAutowireCapableBeanFactory.java:484)
2026-06-28 14:03:29,349 [DEBUG] main [org.springframework.beans.factory.annotation.AutowiredAnnotationBeanPostProcessor]: Autowiring by type from bean name 'dbHistoricalFinder' to bean named 'imsiResolver' (AutowiredAnnotationBeanPostProcessor.java:516)
2026-06-28 14:03:29,349 [DEBUG] main [org.springframework.beans.factory.annotation.InjectionMetadata]: Processing injected element of bean 'dbHistoricalFinder': AutowiredMethodElement for public void com.tnf.cas.db.DbHistoricalFinder.setConsistencyLevel(com.datastax.driver.core.ConsistencyLevel) (InjectionMetadata.java:86)
2026-06-28 14:03:29,350 [INFO] main [com.tnf.cas.db.DbHistoricalFinder]: Query consistency level: TWO (DbHistoricalFinder.java:571)
2026-06-28 14:03:29,350 [DEBUG] main [org.springframework.beans.factory.annotation.InjectionMetadata]: Processing injected element of bean 'dbHistoricalFinder': AutowiredMethodElement for public void com.tnf.cas.db.DbHistoricalFinder.setKeySpace(java.lang.String) (InjectionMetadata.java:86)
2026-06-28 14:03:29,350 [DEBUG] main [org.springframework.beans.factory.annotation.InjectionMetadata]: Processing injected element of bean 'dbHistoricalFinder': AutowiredMethodElement for public void com.tnf.cas.db.DbHistoricalFinder.setSession(com.datastax.driver.core.Session) (InjectionMetadata.java:86)
2026-06-28 14:03:29,350 [DEBUG] main [org.springframework.beans.factory.support.DefaultListableBeanFactory]: Returning cached instance of singleton bean 'dbSession' (AbstractBeanFactory.java:251)
2026-06-28 14:03:29,350 [DEBUG] main [org.springframework.beans.factory.annotation.AutowiredAnnotationBeanPostProcessor]: Autowiring by type from bean name 'dbHistoricalFinder' to bean named 'dbSession' (AutowiredAnnotationBeanPostProcessor.java:516)
2026-06-28 14:03:29,350 [DEBUG] main [org.springframework.beans.factory.annotation.InjectionMetadata]: Processing injected element of bean 'dbHistoricalFinder': AutowiredMethodElement for public void com.tnf.cas.db.DbHistoricalFinder.setColumnListCommasSeparated(java.lang.String) (InjectionMetadata.java:86)
2026-06-28 14:03:29,350 [DEBUG] main [org.springframework.beans.factory.annotation.InjectionMetadata]: Processing injected element of bean 'dbHistoricalFinder': AutowiredMethodElement for public void com.tnf.cas.db.DbHistoricalFinder.setSearchTimeFilter(boolean) (InjectionMetadata.java:86)
2026-06-28 14:03:29,350 [DEBUG] main [org.springframework.beans.factory.support.DefaultListableBeanFactory]: Finished creating instance of bean 'dbHistoricalFinder' (AbstractAutowireCapableBeanFactory.java:484)
2026-06-28 14:03:29,351 [DEBUG] main [org.springframework.beans.factory.support.DefaultListableBeanFactory]: Creating shared instance of singleton bean 'dbHistoricalSchemaGenerator' (DefaultSingletonBeanRegistry.java:221)
2026-06-28 14:03:29,351 [DEBUG] main [org.springframework.beans.factory.support.DefaultListableBeanFactory]: Creating instance of bean 'dbHistoricalSchemaGenerator' (AbstractAutowireCapableBeanFactory.java:448)
2026-06-28 14:03:29,351 [DEBUG] main [org.springframework.beans.factory.annotation.InjectionMetadata]: Registered injected element on class [com.tnf.cas.db.DbHistoricalSchemaGenerator]: AutowiredMethodElement for public void com.tnf.cas.db.DbHistoricalSchemaGenerator.setSession(com.datastax.driver.core.Session) (InjectionMetadata.java:72)
2026-06-28 14:03:29,351 [DEBUG] main [org.springframework.beans.factory.support.DefaultListableBeanFactory]: Eagerly caching bean 'dbHistoricalSchemaGenerator' to allow for resolving potential circular references (AbstractAutowireCapableBeanFactory.java:529)
2026-06-28 14:03:29,351 [DEBUG] main [org.springframework.beans.factory.annotation.InjectionMetadata]: Processing injected element of bean 'dbHistoricalSchemaGenerator': AutowiredMethodElement for public void com.tnf.cas.db.DbHistoricalSchemaGenerator.setSession(com.datastax.driver.core.Session) (InjectionMetadata.java:86)
2026-06-28 14:03:29,352 [DEBUG] main [org.springframework.beans.factory.support.DefaultListableBeanFactory]: Returning cached instance of singleton bean 'dbSession' (AbstractBeanFactory.java:251)
2026-06-28 14:03:29,352 [DEBUG] main [org.springframework.beans.factory.annotation.AutowiredAnnotationBeanPostProcessor]: Autowiring by type from bean name 'dbHistoricalSchemaGenerator' to bean named 'dbSession' (AutowiredAnnotationBeanPostProcessor.java:516)
2026-06-28 14:03:29,352 [DEBUG] main [org.springframework.beans.factory.support.DefaultListableBeanFactory]: Finished creating instance of bean 'dbHistoricalSchemaGenerator' (AbstractAutowireCapableBeanFactory.java:484)
2026-06-28 14:03:29,352 [DEBUG] main [org.springframework.beans.factory.support.DefaultListableBeanFactory]: Returning cached instance of singleton bean 'dbImsiResolver' (AbstractBeanFactory.java:251)
[...]
2026-06-28 14:03:29,865 [DEBUG] main [org.springframework.beans.factory.support.DefaultListableBeanFactory]: Creating instance of bean 'subProfiler' (AbstractAutowireCapableBeanFactory.java:448)
2026-06-28 14:03:29,866 [DEBUG] main [org.springframework.beans.factory.annotation.InjectionMetadata]: Registered injected element on class [com.tnf.cas.db.DummySubProfiler]: AutowiredFieldElement for private com.datastax.driver.core.Session com.tnf.cas.db.DbSubProfiler.mSession (InjectionMetadata.java:72)
2026-06-28 14:03:29,866 [DEBUG] main [org.springframework.beans.factory.annotation.InjectionMetadata]: Registered injected element on class [com.tnf.cas.db.DummySubProfiler]: AutowiredMethodElement for public void com.tnf.cas.db.DbSubProfiler.setImsiResolver(com.tnf.cas.db.ImsiResolver) (InjectionMetadata.java:72)
2026-06-28 14:03:29,866 [DEBUG] main [org.springframework.beans.factory.support.DefaultListableBeanFactory]: Eagerly caching bean 'subProfiler' to allow for resolving potential circular references (AbstractAutowireCapableBeanFactory.java:529)
2026-06-28 14:03:29,866 [DEBUG] main [org.springframework.beans.factory.annotation.InjectionMetadata]: Processing injected element of bean 'subProfiler': AutowiredFieldElement for private com.datastax.driver.core.Session com.tnf.cas.db.DbSubProfiler.mSession (InjectionMetadata.java:86)
2026-06-28 14:03:29,866 [DEBUG] main [org.springframework.beans.factory.support.DefaultListableBeanFactory]: Returning cached instance of singleton bean 'dbSession' (AbstractBeanFactory.java:251)
2026-06-28 14:03:29,866 [DEBUG] main [org.springframework.beans.factory.annotation.AutowiredAnnotationBeanPostProcessor]: Autowiring by type from bean name 'subProfiler' to bean named 'dbSession' (AutowiredAnnotationBeanPostProcessor.java:516)
2026-06-28 14:03:29,866 [DEBUG] main [org.springframework.beans.factory.annotation.InjectionMetadata]: Processing injected element of bean 'subProfiler': AutowiredMethodElement for public void com.tnf.cas.db.DbSubProfiler.setImsiResolver(com.tnf.cas.db.ImsiResolver) (InjectionMetadata.java:86)
2026-06-28 14:03:29,866 [DEBUG] main [org.springframework.beans.factory.support.DefaultListableBeanFactory]: Returning cached instance of singleton bean 'dbImsiResolver' (AbstractBeanFactory.java:251)
2026-06-28 14:03:29,866 [DEBUG] main [org.springframework.beans.factory.support.DefaultListableBeanFactory]: Returning cached instance of singleton bean 'imsiResolver' (AbstractBeanFactory.java:251)
2026-06-28 14:03:29,866 [DEBUG] main [org.springframework.beans.factory.annotation.AutowiredAnnotationBeanPostProcessor]: Autowiring by type from bean name 'subProfiler' to bean named 'imsiResolver' (AutowiredAnnotationBeanPostProcessor.java:516)
2026-06-28 14:03:29,866 [DEBUG] main [org.springframework.beans.factory.support.DefaultListableBeanFactory]: Finished creating instance of bean 'subProfiler' (AbstractAutowireCapableBeanFactory.java:484)
2026-06-28 14:03:29,867 [DEBUG] main [org.springframework.beans.factory.annotation.AutowiredAnnotationBeanPostProcessor]: Autowiring by type from bean name 'getsubprofile' to bean named 'subProfiler' (AutowiredAnnotationBeanPostProcessor.java:516)
2026-06-28 14:03:29,867 [DEBUG] main [org.springframework.beans.factory.support.DefaultListableBeanFactory]: Finished creating instance of bean 'getsubprofile' (AbstractAutowireCapableBeanFactory.java:484)
2026-06-28 14:03:29,867 [DEBUG] main [org.springframework.beans.factory.support.DefaultListableBeanFactory]: Creating shared instance of singleton bean 'switchSetter' (DefaultSingletonBeanRegistry.java:221)
2026-06-28 14:03:29,867 [DEBUG] main [org.springframework.beans.factory.support.DefaultListableBeanFactory]: Creating instance of bean 'switchSetter' (AbstractAutowireCapableBeanFactory.java:448)
2026-06-28 14:03:29,867 [DEBUG] main [org.springframework.beans.factory.annotation.InjectionMetadata]: Registered injected element on class [com.tnf.cas.provider.SwitchSetter]: AutowiredFieldElement for com.tnf.cas.db.Switcher com.tnf.cas.provider.SwitchSetter.mSwitcher (InjectionMetadata.java:72)
2026-06-28 14:03:29,867 [DEBUG] main [org.springframework.beans.factory.support.DefaultListableBeanFactory]: Eagerly caching bean 'switchSetter' to allow for resolving potential circular references (AbstractAutowireCapableBeanFactory.java:529)
2026-06-28 14:03:29,867 [DEBUG] main [org.springframework.beans.factory.annotation.InjectionMetadata]: Processing injected element of bean 'switchSetter': AutowiredFieldElement for com.tnf.cas.db.Switcher com.tnf.cas.provider.SwitchSetter.mSwitcher (InjectionMetadata.java:86)
2026-06-28 14:03:29,867 [DEBUG] main [org.springframework.beans.factory.support.DefaultListableBeanFactory]: Returning cached instance of singleton bean 'switcher' (AbstractBeanFactory.java:251)
2026-06-28 14:03:29,867 [DEBUG] main [org.springframework.beans.factory.annotation.AutowiredAnnotationBeanPostProcessor]: Autowiring by type from bean name 'switchSetter' to bean named 'switcher' (AutowiredAnnotationBeanPostProcessor.java:516)
2026-06-28 14:03:29,867 [DEBUG] main [org.springframework.beans.factory.support.DefaultListableBeanFactory]: Finished creating instance of bean 'switchSetter' (AbstractAutowireCapableBeanFactory.java:484)
2026-06-28 14:03:29,868 [DEBUG] main [org.springframework.beans.factory.support.DefaultListableBeanFactory]: Creating shared instance of singleton bean 'tokenValidator' (DefaultSingletonBeanRegistry.java:221)
2026-06-28 14:03:29,868 [DEBUG] main [org.springframework.beans.factory.support.DefaultListableBeanFactory]: Creating instance of bean 'tokenValidator' (AbstractAutowireCapableBeanFactory.java:448)
2026-06-28 14:03:29,868 [DEBUG] main [org.springframework.beans.factory.annotation.InjectionMetadata]: Registered injected element on class [com.tnf.cas.provider.TokenValidator]: AutowiredFieldElement for private com.tnf.cas.security.LoginProvider com.tnf.cas.provider.TokenValidator.mLoginProvider (InjectionMetadata.java:72)
2026-06-28 14:03:29,868 [DEBUG] main [org.springframework.beans.factory.support.DefaultListableBeanFactory]: Eagerly caching bean 'tokenValidator' to allow for resolving potential circular references (AbstractAutowireCapableBeanFactory.java:529)
2026-06-28 14:03:29,868 [DEBUG] main [org.springframework.beans.factory.annotation.InjectionMetadata]: Processing injected element of bean 'tokenValidator': AutowiredFieldElement for private com.tnf.cas.security.LoginProvider com.tnf.cas.provider.TokenValidator.mLoginProvider (InjectionMetadata.java:86)
2026-06-28 14:03:29,868 [DEBUG] main [org.springframework.beans.factory.support.DefaultListableBeanFactory]: Returning cached instance of singleton bean 'loginProvider' (AbstractBeanFactory.java:251)
2026-06-28 14:03:29,868 [DEBUG] main [org.springframework.beans.factory.annotation.AutowiredAnnotationBeanPostProcessor]: Autowiring by type from bean name 'tokenValidator' to bean named 'loginProvider' (AutowiredAnnotationBeanPostProcessor.java:516)
2026-06-28 14:03:29,868 [DEBUG] main [org.springframework.beans.factory.support.DefaultListableBeanFactory]: Finished creating instance of bean 'tokenValidator' (AbstractAutowireCapableBeanFactory.java:484)
2026-06-28 14:03:29,868 [DEBUG] main [org.springframework.beans.factory.support.DefaultListableBeanFactory]: Creating shared instance of singleton bean 'webInitiator' (DefaultSingletonBeanRegistry.java:221)
2026-06-28 14:03:29,868 [DEBUG] main [org.springframework.beans.factory.support.DefaultListableBeanFactory]: Creating instance of bean 'webInitiator' (AbstractAutowireCapableBeanFactory.java:448)
2026-06-28 14:03:29,869 [DEBUG] main [org.springframework.beans.factory.annotation.InjectionMetadata]: Registered injected element on class [com.tnf.cas.webserver.WebInitiator]: AutowiredFieldElement for private java.lang.String com.tnf.cas.webserver.WebInitiator.mHost (InjectionMetadata.java:72)
2026-06-28 14:03:29,869 [DEBUG] main [org.springframework.beans.factory.annotation.InjectionMetadata]: Registered injected element on class [com.tnf.cas.webserver.WebInitiator]: AutowiredFieldElement for private int com.tnf.cas.webserver.WebInitiator.mPort (InjectionMetadata.java:72)
2026-06-28 14:03:29,869 [DEBUG] main [org.springframework.beans.factory.annotation.InjectionMetadata]: Registered injected element on class [com.tnf.cas.webserver.WebInitiator]: AutowiredFieldElement for private int com.tnf.cas.webserver.WebInitiator.mSecurePort (InjectionMetadata.java:72)
2026-06-28 14:03:29,869 [DEBUG] main [org.springframework.beans.factory.annotation.InjectionMetadata]: Registered injected element on class [com.tnf.cas.webserver.WebInitiator]: AutowiredFieldElement for private java.lang.String com.tnf.cas.webserver.WebInitiator.mKeyStoreFile (InjectionMetadata.java:72)
2026-06-28 14:03:29,869 [DEBUG] main [org.springframework.beans.factory.annotation.InjectionMetadata]: Registered injected element on class [com.tnf.cas.webserver.WebInitiator]: AutowiredFieldElement for private java.lang.String com.tnf.cas.webserver.WebInitiator.mResources (InjectionMetadata.java:72)
2026-06-28 14:03:29,869 [DEBUG] main [org.springframework.beans.factory.annotation.InjectionMetadata]: Registered injected element on class [com.tnf.cas.webserver.WebInitiator]: AutowiredFieldElement for private java.lang.String com.tnf.cas.webserver.WebInitiator.mJksFile (InjectionMetadata.java:72)
2026-06-28 14:03:29,869 [DEBUG] main [org.springframework.beans.factory.annotation.InjectionMetadata]: Registered injected element on class [com.tnf.cas.webserver.WebInitiator]: AutowiredFieldElement for private java.lang.String com.tnf.cas.webserver.WebInitiator.mKeystorePass (InjectionMetadata.java:72)
2026-06-28 14:03:29,869 [DEBUG] main [org.springframework.beans.factory.annotation.InjectionMetadata]: Registered injected element on class [com.tnf.cas.webserver.WebInitiator]: AutowiredFieldElement for private java.lang.String com.tnf.cas.webserver.WebInitiator.mKeyPass (InjectionMetadata.java:72)
2026-06-28 14:03:29,869 [DEBUG] main [org.springframework.beans.factory.annotation.InjectionMetadata]: Registered injected element on class [com.tnf.cas.webserver.WebInitiator]: AutowiredFieldElement for private int com.tnf.cas.webserver.WebInitiator.mThreadPoolSize (InjectionMetadata.java:72)
2026-06-28 14:03:29,869 [DEBUG] main [org.springframework.beans.factory.support.DefaultListableBeanFactory]: Eagerly caching bean 'webInitiator' to allow for resolving potential circular references (AbstractAutowireCapableBeanFactory.java:529)
2026-06-28 14:03:29,869 [DEBUG] main [org.springframework.beans.factory.annotation.InjectionMetadata]: Processing injected element of bean 'webInitiator': AutowiredFieldElement for private java.lang.String com.tnf.cas.webserver.WebInitiator.mHost (InjectionMetadata.java:86)
2026-06-28 14:03:29,870 [DEBUG] main [org.springframework.beans.factory.annotation.InjectionMetadata]: Processing injected element of bean 'webInitiator': AutowiredFieldElement for private int com.tnf.cas.webserver.WebInitiator.mPort (InjectionMetadata.java:86)
2026-06-28 14:03:29,870 [DEBUG] main [org.springframework.beans.factory.annotation.InjectionMetadata]: Processing injected element of bean 'webInitiator': AutowiredFieldElement for private int com.tnf.cas.webserver.WebInitiator.mSecurePort (InjectionMetadata.java:86)
2026-06-28 14:03:29,870 [DEBUG] main [org.springframework.beans.factory.annotation.InjectionMetadata]: Processing injected element of bean 'webInitiator': AutowiredFieldElement for private java.lang.String com.tnf.cas.webserver.WebInitiator.mKeyStoreFile (InjectionMetadata.java:86)
2026-06-28 14:03:29,870 [DEBUG] main [org.springframework.beans.factory.annotation.InjectionMetadata]: Processing injected element of bean 'webInitiator': AutowiredFieldElement for private java.lang.String com.tnf.cas.webserver.WebInitiator.mResources (InjectionMetadata.java:86)
2026-06-28 14:03:29,870 [DEBUG] main [org.springframework.beans.factory.annotation.InjectionMetadata]: Processing injected element of bean 'webInitiator': AutowiredFieldElement for private java.lang.String com.tnf.cas.webserver.WebInitiator.mJksFile (InjectionMetadata.java:86)
2026-06-28 14:03:29,870 [DEBUG] main [org.springframework.beans.factory.annotation.InjectionMetadata]: Processing injected element of bean 'webInitiator': AutowiredFieldElement for private java.lang.String com.tnf.cas.webserver.WebInitiator.mKeystorePass (InjectionMetadata.java:86)
2026-06-28 14:03:29,870 [DEBUG] main [org.springframework.beans.factory.annotation.InjectionMetadata]: Processing injected element of bean 'webInitiator': AutowiredFieldElement for private java.lang.String com.tnf.cas.webserver.WebInitiator.mKeyPass (InjectionMetadata.java:86)
2026-06-28 14:03:29,870 [DEBUG] main [org.springframework.beans.factory.annotation.InjectionMetadata]: Processing injected element of bean 'webInitiator': AutowiredFieldElement for private int com.tnf.cas.webserver.WebInitiator.mThreadPoolSize (InjectionMetadata.java:86)
2026-06-28 14:03:29,870 [DEBUG] main [org.springframework.beans.factory.support.DefaultListableBeanFactory]: Finished creating instance of bean 'webInitiator' (AbstractAutowireCapableBeanFactory.java:484)
2026-06-28 14:03:29,870 [DEBUG] main [org.springframework.beans.factory.support.DefaultListableBeanFactory]: Returning cached instance of singleton bean 'loginProvider' (AbstractBeanFactory.java:251)
2026-06-28 14:03:29,870 [DEBUG] main [org.springframework.beans.factory.support.DefaultListableBeanFactory]: Returning cached instance of singleton bean 'testString' (AbstractBeanFactory.java:251)
2026-06-28 14:03:29,870 [DEBUG] main [org.springframework.beans.factory.support.DefaultListableBeanFactory]: Returning cached instance of singleton bean 'org.springframework.beans.factory.config.PropertyPlaceholderConfigurer#0' (AbstractBeanFactory.java:251)
2026-06-28 14:03:29,870 [DEBUG] main [org.springframework.beans.factory.support.DefaultListableBeanFactory]: Returning cached instance of singleton bean 'imsiResolver' (AbstractBeanFactory.java:251)
2026-06-28 14:03:29,870 [DEBUG] main [org.springframework.beans.factory.support.DefaultListableBeanFactory]: Returning cached instance of singleton bean 'subProfiler' (AbstractBeanFactory.java:251)
2026-06-28 14:03:29,870 [DEBUG] main [org.springframework.beans.factory.support.DefaultListableBeanFactory]: Returning cached instance of singleton bean 'subProfileGenerator' (AbstractBeanFactory.java:251)
2026-06-28 14:03:29,870 [DEBUG] main [org.springframework.beans.factory.support.DefaultListableBeanFactory]: Returning cached instance of singleton bean 'histFinder' (AbstractBeanFactory.java:251)
2026-06-28 14:03:29,870 [DEBUG] main [org.springframework.beans.factory.support.DefaultListableBeanFactory]: Returning cached instance of singleton bean 'histSchemaGenerator' (AbstractBeanFactory.java:251)
2026-06-28 14:03:29,870 [DEBUG] main [org.springframework.beans.factory.support.DefaultListableBeanFactory]: Returning cached instance of singleton bean 'org.springframework.context.event.internalEventListenerFactory' (AbstractBeanFactory.java:251)
2026-06-28 14:03:29,876 [DEBUG] main [org.springframework.web.context.support.AnnotationConfigWebApplicationContext]: Unable to locate LifecycleProcessor with name 'lifecycleProcessor': using default [org.springframework.context.support.DefaultLifecycleProcessor@18dac12f] (AbstractApplicationContext.java:779)
2026-06-28 14:03:29,876 [DEBUG] main [org.springframework.beans.factory.support.DefaultListableBeanFactory]: Returning cached instance of singleton bean 'lifecycleProcessor' (AbstractBeanFactory.java:251)
2026-06-28 14:03:29,876 [DEBUG] main [org.springframework.core.env.PropertySourcesPropertyResolver]: Could not find key 'spring.liveBeansView.mbeanDomain' in any property source (PropertySourcesPropertyResolver.java:91)
2026-06-28 14:03:29,876 [DEBUG] main [org.springframework.beans.factory.support.DefaultListableBeanFactory]: Returning cached instance of singleton bean 'dbHistoricalFinder' (AbstractBeanFactory.java:251)
2026-06-28 14:03:29,876 [DEBUG] main [org.springframework.beans.factory.support.DefaultListableBeanFactory]: Returning cached instance of singleton bean 'histFinder' (AbstractBeanFactory.java:251)
2026-06-28 14:03:29,876 [DEBUG] main [org.springframework.beans.factory.support.DefaultListableBeanFactory]: Returning cached instance of singleton bean 'histFinder' (AbstractBeanFactory.java:251)
com.tnf.cas.db.DummyHistFinder@36cfe107
2026-06-28 14:03:29,876 [INFO] main [org.springframework.web.context.support.AnnotationConfigWebApplicationContext]: Closing Root WebApplicationContext: startup date [Sun Jun 28 14:03:29 IST 2026]; root of context hierarchy (AbstractApplicationContext.java:982)
2026-06-28 14:03:29,877 [DEBUG] main [org.springframework.beans.factory.support.DefaultListableBeanFactory]: Returning cached instance of singleton bean 'lifecycleProcessor' (AbstractBeanFactory.java:251)
2026-06-28 14:03:29,877 [DEBUG] main [org.springframework.beans.factory.support.DefaultListableBeanFactory]: Destroying singletons in org.springframework.beans.factory.support.DefaultListableBeanFactory@377dbc50: defining beans [org.springframework.context.annotation.internalConfigurationAnnotationProcessor,org.springframework.context.annotation.internalAutowiredAnnotationProcessor,org.springframework.context.annotation.internalRequiredAnnotationProcessor,org.springframework.context.annotation.internalCommonAnnotationProcessor,org.springframework.context.event.internalEventListenerProcessor,org.springframework.context.event.internalEventListenerFactory,testContextCfg,org.springframework.context.annotation.ConfigurationClassPostProcessor.importAwareProcessor,org.springframework.context.annotation.ConfigurationClassPostProcessor.enhancedConfigurationProcessor,refresherRest,testRestResource,dbHistoricalFinder,dbHistoricalSchemaGenerator,dbImsiResolver,dbSession,dbSubProfileShemaGenerator,dbSubProfiler,switcher,delay,delayasync,gethistdatadef,getimsibymsisdn,informer,login,gethistdata,getsubprofiledef,getsubprofile,switchSetter,tokenValidator,webInitiator,loginProvider,testString,org.springframework.beans.factory.config.PropertyPlaceholderConfigurer#0,imsiResolver,subProfiler,subProfileGenerator,histFinder,histSchemaGenerator]; root of factory hierarchy (DefaultSingletonBeanRegistry.java:512)
2026-06-28 14:03:29,877 [DEBUG] main [org.springframework.beans.factory.support.DefaultListableBeanFactory]: Retrieved dependent beans for bean 'dbSession': [dbImsiResolver, dbHistoricalFinder, dbHistoricalSchemaGenerator, dbSubProfileShemaGenerator, dbSubProfiler, informer, subProfileGenerator, subProfiler] (DefaultSingletonBeanRegistry.java:568)
2026-06-28 14:03:29,877 [DEBUG] main [org.springframework.beans.factory.support.DefaultListableBeanFactory]: Retrieved dependent beans for bean 'dbHistoricalFinder': [switcher] (DefaultSingletonBeanRegistry.java:568)
2026-06-28 14:03:29,877 [DEBUG] main [org.springframework.beans.factory.support.DefaultListableBeanFactory]: Retrieved dependent beans for bean 'switcher': [gethistdata, switchSetter] (DefaultSingletonBeanRegistry.java:568)
2026-06-28 14:03:29,877 [DEBUG] main [org.springframework.beans.factory.support.DefaultListableBeanFactory]: Retrieved dependent beans for bean 'informer': [getsubprofile] (DefaultSingletonBeanRegistry.java:568)
2026-06-28 14:03:29,877 [DEBUG] main [org.springframework.beans.factory.support.DefaultListableBeanFactory]: Retrieved dependent beans for bean 'subProfileGenerator': [getsubprofiledef] (DefaultSingletonBeanRegistry.java:568)
2026-06-28 14:03:29,877 [DEBUG] main [org.springframework.beans.factory.support.DisposableBeanAdapter]: Invoking destroy() on bean with name 'dbSession' (DisposableBeanAdapter.java:259)
2026-06-28 14:03:29,877 [INFO] main [com.tnf.cas.db.DbSession]: Close Cassandra Session (DbSession.java:51)
]]></system-out>
  </testcase>
</testsuite>