<?xml version="1.0" encoding="UTF-8"?>
<testsuite xmlns:xsi="http://www.w3.org/2001/XMLSchema-instance" xsi:noNamespaceSchemaLocation="https://maven.apache.org/surefire/maven-surefire-plugin/xsd/surefire-test-report-3.0.xsd" version="3.0" name="com.tnf.cas.db.TestContextCreationForTests" time="0.366" tests="1" errors="0" skipped="0" failures="0">
  <properties>
[...]
</properties>
  <testcase name="test" classname="com.tnf.cas.db.TestContextCreationForTests" time="0.366">
    <system-out><![CDATA[2026-06-28 14:03:27,119 [DEBUG] main [org.springframework.core.env.StandardEnvironment]: Adding [systemProperties] PropertySource with lowest search precedence (MutablePropertySources.java:109)
2026-06-28 14:03:27,123 [DEBUG] main [org.springframework.core.env.StandardEnvironment]: Adding [systemEnvironment] PropertySource with lowest search precedence (MutablePropertySources.java:109)
2026-06-28 14:03:27,124 [DEBUG] main [org.springframework.core.env.StandardEnvironment]: Initialized StandardEnvironment with PropertySources [systemProperties,systemEnvironment] (AbstractEnvironment.java:127)
2026-06-28 14:03:27,135 [INFO] main [org.springframework.context.support.ClassPathXmlApplicationContext]: Refreshing org.springframework.context.support.ClassPathXmlApplicationContext@7b2bbc3: startup date [Sun Jun 28 14:03:27 IST 2026]; root of context hierarchy (AbstractApplicationContext.java:581)
2026-06-28 14:03:27,148 [DEBUG] main [org.springframework.core.env.StandardEnvironment]: Adding [systemProperties] PropertySource with lowest search precedence (MutablePropertySources.java:109)
2026-06-28 14:03:27,149 [DEBUG] main [org.springframework.core.env.StandardEnvironment]: Adding [systemEnvironment] PropertySource with lowest search precedence (MutablePropertySources.java:109)
2026-06-28 14:03:27,149 [DEBUG] main [org.springframework.core.env.StandardEnvironment]: Initialized StandardEnvironment with PropertySources [systemProperties,systemEnvironment] (AbstractEnvironment.java:127)
2026-06-28 14:03:27,153 [INFO] main [org.springframework.beans.factory.xml.XmlBeanDefinitionReader]: Loading XML bean definitions from URL [file:src/main/assembly/cfg/beans.xml] (XmlBeanDefinitionReader.java:317)
2026-06-28 14:03:27,154 [DEBUG] main [org.springframework.beans.factory.xml.DefaultDocumentLoader]: Using JAXP provider [com.sun.org.apache.xerces.internal.jaxp.DocumentBuilderFactoryImpl] (DefaultDocumentLoader.java:73)
2026-06-28 14:03:27,167 [DEBUG] main [org.springframework.beans.factory.xml.PluggableSchemaResolver]: Loading schema mappings from [META-INF/spring.schemas] (PluggableSchemaResolver.java:141)
2026-06-28 14:03:27,169 [DEBUG] main [org.springframework.beans.factory.xml.PluggableSchemaResolver]: Loaded schema mappings: {http://www.springframework.org/schema/context/spring-context-3.2.xsd=org/springframework/context/config/spring-context-3.2.xsd, http://www.springframework.org/schema/cache/spring-cache-4.3.xsd=org/springframework/cache/config/spring-cache-4.3.xsd, http://www.springframework.org/schema/beans/spring-beans-4.0.xsd=org/springframework/beans/factory/xml/spring-beans-4.0.xsd, http://www.springframework.org/schema/context/spring-context-2.5.xsd=org/springframework/context/config/spring-context-2.5.xsd, http://www.springframework.org/schema/util/spring-util-4.3.xsd=org/springframework/beans/factory/xml/spring-util-4.3.xsd, http://www.springframework.org/schema/context/spring-context-4.0.xsd=org/springframework/context/config/spring-context-4.0.xsd, http://www.springframework.org/schema/aop/spring-aop-2.0.xsd=org/springframework/aop/config/spring-aop-2.0.xsd, http://www.springframework.org/schema/jee/spring-jee-2.0.xsd=org/springframework/ejb/config/spring-jee-2.0.xsd, http://www.springframework.org/schema/tool/spring-tool-4.3.xsd=org/springframework/beans/factory/xml/spring-tool-4.3.xsd, http://www.springframework.org/schema/util/spring-util-2.0.xsd=org/springframework/beans/factory/xml/spring-util-2.0.xsd, http://www.springframework.org/schema/cache/spring-cache-4.2.xsd=org/springframework/cache/config/spring-cache-4.2.xsd, http://www.springframework.org/schema/tool/spring-tool-2.0.xsd=org/springframework/beans/factory/xml/spring-tool-2.0.xsd, http://www.springframework.org/schema/context/spring-context-3.1.xsd=org/springframework/context/config/spring-context-3.1.xsd, http://www.springframework.org/schema/tool/spring-tool.xsd=org/springframework/beans/factory/xml/spring-tool-4.3.xsd, http://www.springframework.org/schema/beans/spring-beans-3.2.xsd=org/springframework/beans/factory/xml/spring-beans-3.2.xsd, http://www.springframework.org/schema/util/spring-util-4.2.xsd=org/springframework/beans/factory/xml/spring-util-4.2.xsd, http://www.springframework.org/schema/beans/spring-beans-2.5.xsd=org/springframework/beans/factory/xml/spring-beans-2.5.xsd, http://www.springframework.org/schema/beans/spring-beans.xsd=org/springframework/beans/factory/xml/spring-beans-4.3.xsd, http://www.springframework.org/schema/tool/spring-tool-4.0.xsd=org/springframework/beans/factory/xml/spring-tool-4.0.xsd, http://www.springframework.org/schema/util/spring-util-4.1.xsd=org/springframework/beans/factory/xml/spring-util-4.1.xsd, http://www.springframework.org/schema/beans/spring-beans-4.2.xsd=org/springframework/beans/factory/xml/spring-beans-4.2.xsd, http://www.springframework.org/schema/context/spring-context-4.2.xsd=org/springframework/context/config/spring-context-4.2.xsd, http://www.springframework.org/schema/cache/spring-cache-4.1.xsd=org/springframework/cache/config/spring-cache-4.1.xsd, http://www.springframework.org/schema/lang/spring-lang-3.0.xsd=org/springframework/scripting/config/spring-lang-3.0.xsd, http://www.springframework.org/schema/jee/spring-jee-4.3.xsd=org/springframework/ejb/config/spring-jee-4.3.xsd, http://www.springframework.org/schema/aop/spring-aop-4.3.xsd=org/springframework/aop/config/spring-aop-4.3.xsd, http://www.springframework.org/schema/beans/spring-beans-4.3.xsd=org/springframework/beans/factory/xml/spring-beans-4.3.xsd, http://www.springframework.org/schema/tool/spring-tool-4.1.xsd=org/springframework/beans/factory/xml/spring-tool-4.1.xsd, http://www.springframework.org/schema/task/spring-task-4.3.xsd=org/springframework/scheduling/config/spring-task-4.3.xsd, http://www.springframework.org/schema/util/spring-util-4.0.xsd=org/springframework/beans/factory/xml/spring-util-4.0.xsd, http://www.springframework.org/schema/beans/spring-beans-4.1.xsd=org/springframework/beans/factory/xml/spring-beans-4.1.xsd, http://www.springframework.org/schema/lang/spring-lang.xsd=org/springframework/scripting/config/spring-lang-4.3.xsd, http://www.springframework.org/schema/cache/spring-cache-4.0.xsd=org/springframework/cache/config/spring-cache-4.0.xsd, http://www.springframework.org/schema/aop/spring-aop-4.2.xsd=org/springframework/aop/config/spring-aop-4.2.xsd, http://www.springframework.org/schema/tool/spring-tool-4.2.xsd=org/springframework/beans/factory/xml/spring-tool-4.2.xsd, http://www.springframework.org/schema/util/spring-util-2.5.xsd=org/springframework/beans/factory/xml/spring-util-2.5.xsd, http://www.springframework.org/schema/context/spring-context-4.1.xsd=org/springframework/context/config/spring-context-4.1.xsd, http://www.springframework.org/schema/jee/spring-jee-4.2.xsd=org/springframework/ejb/config/spring-jee-4.2.xsd, http://www.springframework.org/schema/lang/spring-lang-3.1.xsd=org/springframework/scripting/config/spring-lang-3.1.xsd, http://www.springframework.org/schema/task/spring-task.xsd=org/springframework/scheduling/config/spring-task-4.3.xsd, http://www.springframework.org/schema/task/spring-task-4.2.xsd=org/springframework/scheduling/config/spring-task-4.2.xsd, http://www.springframework.org/schema/aop/spring-aop.xsd=org/springframework/aop/config/spring-aop-4.3.xsd, http://www.springframework.org/schema/lang/spring-lang-4.0.xsd=org/springframework/scripting/config/spring-lang-4.0.xsd, http://www.springframework.org/schema/beans/spring-beans-2.0.xsd=org/springframework/beans/factory/xml/spring-beans-2.0.xsd, http://www.springframework.org/schema/task/spring-task-4.1.xsd=org/springframework/scheduling/config/spring-task-4.1.xsd, http://www.springframework.org/schema/tool/spring-tool-3.1.xsd=org/springframework/beans/factory/xml/spring-tool-3.1.xsd, http://www.springframework.org/schema/util/spring-util-3.2.xsd=org/springframework/beans/factory/xml/spring-util-3.2.xsd, http://www.springframework.org/schema/jee/spring-jee-4.1.xsd=org/springframework/ejb/config/spring-jee-4.1.xsd, http://www.springframework.org/schema/aop/spring-aop-4.1.xsd=org/springframework/aop/config/spring-aop-4.1.xsd, http://www.springframework.org/schema/lang/spring-lang-3.2.xsd=org/springframework/scripting/config/spring-lang-3.2.xsd, http://www.springframework.org/schema/cache/spring-cache-3.2.xsd=org/springframework/cache/config/spring-cache-3.2.xsd, http://www.springframework.org/schema/util/spring-util.xsd=org/springframework/beans/factory/xml/spring-util-4.3.xsd, http://www.springframework.org/schema/util/spring-util-3.0.xsd=org/springframework/beans/factory/xml/spring-util-3.0.xsd, http://www.springframework.org/schema/jee/spring-jee-3.2.xsd=org/springframework/ejb/config/spring-jee-3.2.xsd, http://www.springframework.org/schema/aop/spring-aop-3.2.xsd=org/springframework/aop/config/spring-aop-3.2.xsd, http://www.springframework.org/schema/tool/spring-tool-3.2.xsd=org/springframework/beans/factory/xml/spring-tool-3.2.xsd, http://www.springframework.org/schema/lang/spring-lang-4.1.xsd=org/springframework/scripting/config/spring-lang-4.1.xsd, http://www.springframework.org/schema/context/spring-context-4.3.xsd=org/springframework/context/config/spring-context-4.3.xsd, http://www.springframework.org/schema/lang/spring-lang-2.5.xsd=org/springframework/scripting/config/spring-lang-2.5.xsd, http://www.springframework.org/schema/jee/spring-jee.xsd=org/springframework/ejb/config/spring-jee-4.3.xsd, http://www.springframework.org/schema/util/spring-util-3.1.xsd=org/springframework/beans/factory/xml/spring-util-3.1.xsd, http://www.springframework.org/schema/jee/spring-jee-2.5.xsd=org/springframework/ejb/config/spring-jee-2.5.xsd, http://www.springframework.org/schema/aop/spring-aop-2.5.xsd=org/springframework/aop/config/spring-aop-2.5.xsd, http://www.springframework.org/schema/task/spring-task-4.0.xsd=org/springframework/scheduling/config/spring-task-4.0.xsd, http://www.springframework.org/schema/context/spring-context.xsd=org/springframework/context/config/spring-context-4.3.xsd, http://www.springframework.org/schema/aop/spring-aop-4.0.xsd=org/springframework/aop/config/spring-aop-4.0.xsd, http://www.springframework.org/schema/cache/spring-cache-3.1.xsd=org/springframework/cache/config/spring-cache-3.1.xsd, http://www.springframework.org/schema/tool/spring-tool-2.5.xsd=org/springframework/beans/factory/xml/spring-tool-2.5.xsd, http://www.springframework.org/schema/jee/spring-jee-4.0.xsd=org/springframework/ejb/config/spring-jee-4.0.xsd, http://www.springframework.org/schema/beans/spring-beans-3.0.xsd=org/springframework/beans/factory/xml/spring-beans-3.0.xsd, http://www.springframework.org/schema/task/spring-task-3.2.xsd=org/springframework/scheduling/config/spring-task-3.2.xsd, http://www.springframework.org/schema/aop/spring-aop-3.1.xsd=org/springframework/aop/config/spring-aop-3.1.xsd, http://www.springframework.org/schema/jee/spring-jee-3.0.xsd=org/springframework/ejb/config/spring-jee-3.0.xsd, http://www.springframework.org/schema/aop/spring-aop-3.0.xsd=org/springframework/aop/config/spring-aop-3.0.xsd, http://www.springframework.org/schema/jee/spring-jee-3.1.xsd=org/springframework/ejb/config/spring-jee-3.1.xsd, http://www.springframework.org/schema/lang/spring-lang-4.3.xsd=org/springframework/scripting/config/spring-lang-4.3.xsd, http://www.springframework.org/schema/beans/spring-beans-3.1.xsd=org/springframework/beans/factory/xml/spring-beans-3.1.xsd, http://www.springframework.org/schema/lang/spring-lang-2.0.xsd=org/springframework/scripting/config/spring-lang-2.0.xsd, http://www.springframework.org/schema/task/spring-task-3.1.xsd=org/springframework/scheduling/config/spring-task-3.1.xsd, http://www.springframework.org/schema/tool/spring-tool-3.0.xsd=org/springframework/beans/factory/xml/spring-tool-3.0.xsd, http://www.springframework.org/schema/lang/spring-lang-4.2.xsd=org/springframework/scripting/config/spring-lang-4.2.xsd, http://www.springframework.org/schema/task/spring-task-3.0.xsd=org/springframework/scheduling/config/spring-task-3.0.xsd, http://www.springframework.org/schema/context/spring-context-3.0.xsd=org/springframework/context/config/spring-context-3.0.xsd, http://www.springframework.org/schema/cache/spring-cache.xsd=org/springframework/cache/config/spring-cache-4.3.xsd} (PluggableSchemaResolver.java:147)
2026-06-28 14:03:27,171 [DEBUG] main [org.springframework.beans.factory.xml.PluggableSchemaResolver]: Found XML schema [http://www.springframework.org/schema/beans/spring-beans-3.0.xsd] in classpath: org/springframework/beans/factory/xml/spring-beans-3.0.xsd (PluggableSchemaResolver.java:119)
2026-06-28 14:03:27,199 [DEBUG] main [org.springframework.beans.factory.xml.DefaultBeanDefinitionDocumentReader]: Loading bean definitions (DefaultBeanDefinitionDocumentReader.java:92)
2026-06-28 14:03:27,204 [DEBUG] main [org.springframework.beans.factory.xml.BeanDefinitionParserDelegate]: Neither XML 'id' nor 'name' specified - using generated bean name [com.tnf.cas.security.HmacAuthenticator#6caf0677] (BeanDefinitionParserDelegate.java:481)
2026-06-28 14:03:27,205 [DEBUG] main [org.springframework.beans.factory.xml.BeanDefinitionParserDelegate]: Neither XML 'id' nor 'name' specified - using generated bean name [com.tnf.cas.security.SingleKeyProvider#1a75e76a] (BeanDefinitionParserDelegate.java:481)
2026-06-28 14:03:27,206 [DEBUG] main [org.springframework.beans.factory.xml.XmlBeanDefinitionReader]: Loaded 1 bean definitions from location pattern [file:src/main/assembly/cfg/beans.xml] (AbstractBeanDefinitionReader.java:224)
2026-06-28 14:03:27,206 [INFO] main [org.springframework.beans.factory.xml.XmlBeanDefinitionReader]: Loading XML bean definitions from class path resource [test-beans.xml] (XmlBeanDefinitionReader.java:317)
2026-06-28 14:03:27,207 [DEBUG] main [org.springframework.beans.factory.xml.DefaultDocumentLoader]: Using JAXP provider [com.sun.org.apache.xerces.internal.jaxp.DocumentBuilderFactoryImpl] (DefaultDocumentLoader.java:73)
2026-06-28 14:03:27,208 [DEBUG] main [org.springframework.beans.factory.xml.PluggableSchemaResolver]: Found XML schema [http://www.springframework.org/schema/beans/spring-beans-3.0.xsd] in classpath: org/springframework/beans/factory/xml/spring-beans-3.0.xsd (PluggableSchemaResolver.java:119)
2026-06-28 14:03:27,220 [DEBUG] main [org.springframework.beans.factory.xml.PluggableSchemaResolver]: Found XML schema [http://www.springframework.org/schema/context/spring-context-3.0.xsd] in classpath: org/springframework/context/config/spring-context-3.0.xsd (PluggableSchemaResolver.java:119)
2026-06-28 14:03:27,222 [DEBUG] main [org.springframework.beans.factory.xml.PluggableSchemaResolver]: Found XML schema [http://www.springframework.org/schema/tool/spring-tool-3.0.xsd] in classpath: org/springframework/beans/factory/xml/spring-tool-3.0.xsd (PluggableSchemaResolver.java:119)
2026-06-28 14:03:27,226 [DEBUG] main [org.springframework.beans.factory.xml.DefaultBeanDefinitionDocumentReader]: Loading bean definitions (DefaultBeanDefinitionDocumentReader.java:92)
2026-06-28 14:03:27,228 [DEBUG] main [org.springframework.beans.factory.xml.DefaultNamespaceHandlerResolver]: Loaded NamespaceHandler mappings: {http://www.springframework.org/schema/aop=org.springframework.aop.config.AopNamespaceHandler, http://www.springframework.org/schema/cache=org.springframework.cache.config.CacheNamespaceHandler, http://www.springframework.org/schema/task=org.springframework.scheduling.config.TaskNamespaceHandler, http://www.springframework.org/schema/p=org.springframework.beans.factory.xml.SimplePropertyNamespaceHandler, http://www.springframework.org/schema/util=org.springframework.beans.factory.xml.UtilNamespaceHandler, http://www.springframework.org/schema/lang=org.springframework.scripting.config.LangNamespaceHandler, http://www.springframework.org/schema/c=org.springframework.beans.factory.xml.SimpleConstructorNamespaceHandler, http://www.springframework.org/schema/context=org.springframework.context.config.ContextNamespaceHandler, http://www.springframework.org/schema/jee=org.springframework.ejb.config.JeeNamespaceHandler} (DefaultNamespaceHandlerResolver.java:157)
2026-06-28 14:03:27,233 [DEBUG] main [org.springframework.beans.factory.xml.XmlBeanDefinitionReader]: Loaded 7 bean definitions from location pattern [classpath:test-beans.xml] (AbstractBeanDefinitionReader.java:224)
2026-06-28 14:03:27,233 [DEBUG] main [org.springframework.context.support.ClassPathXmlApplicationContext]: Bean factory for org.springframework.context.support.ClassPathXmlApplicationContext@7b2bbc3: org.springframework.beans.factory.support.DefaultListableBeanFactory@239a307b: defining beans [loginProvider,testString,org.springframework.beans.factory.config.PropertyPlaceholderConfigurer#0,imsiResolver,subProfiler,subProfileGenerator,histFinder,histSchemaGenerator]; root of factory hierarchy (AbstractApplicationContext.java:615)
2026-06-28 14:03:27,243 [DEBUG] main [org.springframework.beans.factory.support.DefaultListableBeanFactory]: Creating shared instance of singleton bean 'org.springframework.beans.factory.config.PropertyPlaceholderConfigurer#0' (DefaultSingletonBeanRegistry.java:221)
2026-06-28 14:03:27,243 [DEBUG] main [org.springframework.beans.factory.support.DefaultListableBeanFactory]: Creating instance of bean 'org.springframework.beans.factory.config.PropertyPlaceholderConfigurer#0' (AbstractAutowireCapableBeanFactory.java:448)
2026-06-28 14:03:27,249 [DEBUG] main [org.springframework.beans.factory.support.DefaultListableBeanFactory]: Eagerly caching bean 'org.springframework.beans.factory.config.PropertyPlaceholderConfigurer#0' to allow for resolving potential circular references (AbstractAutowireCapableBeanFactory.java:529)
2026-06-28 14:03:27,264 [DEBUG] main [org.springframework.beans.factory.support.DefaultListableBeanFactory]: Finished creating instance of bean 'org.springframework.beans.factory.config.PropertyPlaceholderConfigurer#0' (AbstractAutowireCapableBeanFactory.java:484)
2026-06-28 14:03:27,264 [INFO] main [org.springframework.beans.factory.config.PropertyPlaceholderConfigurer]: Loading properties file from URL [file:src/main/assembly/cfg/cfg-cas.properties.template] (PropertiesLoaderSupport.java:172)
2026-06-28 14:03:27,265 [INFO] main [org.springframework.beans.factory.config.PropertyPlaceholderConfigurer]: Loading properties file from class path resource [embedded_cassandra_connection.properties] (PropertiesLoaderSupport.java:172)
2026-06-28 14:03:27,265 [INFO] main [org.springframework.beans.factory.config.PropertyPlaceholderConfigurer]: Loading properties file from class path resource [webroot.properties] (PropertiesLoaderSupport.java:172)
2026-06-28 14:03:27,267 [DEBUG] main [org.springframework.context.support.ClassPathXmlApplicationContext]: Unable to locate MessageSource with name 'messageSource': using default [org.springframework.context.support.DelegatingMessageSource@2a7ed1f] (AbstractApplicationContext.java:728)
2026-06-28 14:03:27,269 [DEBUG] main [org.springframework.context.support.ClassPathXmlApplicationContext]: Unable to locate ApplicationEventMulticaster with name 'applicationEventMulticaster': using default [org.springframework.context.event.SimpleApplicationEventMulticaster@2e32ccc5] (AbstractApplicationContext.java:752)
2026-06-28 14:03:27,269 [DEBUG] main [org.springframework.beans.factory.support.DefaultListableBeanFactory]: Pre-instantiating singletons in org.springframework.beans.factory.support.DefaultListableBeanFactory@239a307b: defining beans [loginProvider,testString,org.springframework.beans.factory.config.PropertyPlaceholderConfigurer#0,imsiResolver,subProfiler,subProfileGenerator,histFinder,histSchemaGenerator]; root of factory hierarchy (DefaultListableBeanFactory.java:744)
2026-06-28 14:03:27,269 [DEBUG] main [org.springframework.beans.factory.support.DefaultListableBeanFactory]: Creating shared instance of singleton bean 'loginProvider' (DefaultSingletonBeanRegistry.java:221)
2026-06-28 14:03:27,269 [DEBUG] main [org.springframework.beans.factory.support.DefaultListableBeanFactory]: Creating instance of bean 'loginProvider' (AbstractAutowireCapableBeanFactory.java:448)
2026-06-28 14:03:27,270 [INFO] main [com.tnf.cas.security.PasswordFileLoginProvider]: Ready. (PasswordFileLoginProvider.java:40)
2026-06-28 14:03:27,270 [DEBUG] main [org.springframework.beans.factory.support.DefaultListableBeanFactory]: Eagerly caching bean 'loginProvider' to allow for resolving potential circular references (AbstractAutowireCapableBeanFactory.java:529)
2026-06-28 14:03:27,271 [DEBUG] main [org.springframework.beans.factory.support.DefaultListableBeanFactory]: Creating instance of bean 'com.tnf.cas.security.SingleKeyProvider#1a75e76a' (AbstractAutowireCapableBeanFactory.java:448)
2026-06-28 14:03:27,271 [DEBUG] main [org.springframework.beans.factory.support.DefaultListableBeanFactory]: Creating instance of bean 'com.tnf.cas.security.HmacAuthenticator#6caf0677' (AbstractAutowireCapableBeanFactory.java:448)
2026-06-28 14:03:27,272 [DEBUG] main [org.springframework.beans.factory.support.DefaultListableBeanFactory]: Finished creating instance of bean 'com.tnf.cas.security.HmacAuthenticator#6caf0677' (AbstractAutowireCapableBeanFactory.java:484)
2026-06-28 14:03:27,274 [DEBUG] main [org.springframework.beans.factory.support.DefaultListableBeanFactory]: Finished creating instance of bean 'com.tnf.cas.security.SingleKeyProvider#1a75e76a' (AbstractAutowireCapableBeanFactory.java:484)
2026-06-28 14:03:27,278 [DEBUG] main [org.springframework.beans.factory.support.DefaultListableBeanFactory]: Finished creating instance of bean 'loginProvider' (AbstractAutowireCapableBeanFactory.java:484)
2026-06-28 14:03:27,278 [DEBUG] main [org.springframework.beans.factory.support.DefaultListableBeanFactory]: Creating shared instance of singleton bean 'testString' (DefaultSingletonBeanRegistry.java:221)
2026-06-28 14:03:27,278 [DEBUG] main [org.springframework.beans.factory.support.DefaultListableBeanFactory]: Creating instance of bean 'testString' (AbstractAutowireCapableBeanFactory.java:448)
2026-06-28 14:03:27,296 [DEBUG] main [org.springframework.beans.BeanUtils]: No property editor [java.lang.StringBuilderEditor] found for type java.lang.StringBuilder according to 'Editor' suffix convention (BeanUtils.java:455)
2026-06-28 14:03:27,297 [DEBUG] main [org.springframework.beans.BeanUtils]: No property editor [java.lang.StringBufferEditor] found for type java.lang.StringBuffer according to 'Editor' suffix convention (BeanUtils.java:455)
2026-06-28 14:03:27,298 [DEBUG] main [org.springframework.beans.factory.support.DefaultListableBeanFactory]: Eagerly caching bean 'testString' to allow for resolving potential circular references (AbstractAutowireCapableBeanFactory.java:529)
2026-06-28 14:03:27,298 [DEBUG] main [org.springframework.beans.factory.support.DefaultListableBeanFactory]: Finished creating instance of bean 'testString' (AbstractAutowireCapableBeanFactory.java:484)
2026-06-28 14:03:27,298 [DEBUG] main [org.springframework.beans.factory.support.DefaultListableBeanFactory]: Returning cached instance of singleton bean 'org.springframework.beans.factory.config.PropertyPlaceholderConfigurer#0' (AbstractBeanFactory.java:251)
2026-06-28 14:03:27,298 [DEBUG] main [org.springframework.beans.factory.support.DefaultListableBeanFactory]: Creating shared instance of singleton bean 'imsiResolver' (DefaultSingletonBeanRegistry.java:221)
2026-06-28 14:03:27,298 [DEBUG] main [org.springframework.beans.factory.support.DefaultListableBeanFactory]: Creating instance of bean 'imsiResolver' (AbstractAutowireCapableBeanFactory.java:448)
2026-06-28 14:03:27,299 [DEBUG] main [org.springframework.beans.factory.support.DefaultListableBeanFactory]: Eagerly caching bean 'imsiResolver' to allow for resolving potential circular references (AbstractAutowireCapableBeanFactory.java:529)
2026-06-28 14:03:27,299 [DEBUG] main [org.springframework.beans.factory.support.DefaultListableBeanFactory]: Finished creating instance of bean 'imsiResolver' (AbstractAutowireCapableBeanFactory.java:484)
2026-06-28 14:03:27,299 [DEBUG] main [org.springframework.beans.factory.support.DefaultListableBeanFactory]: Creating shared instance of singleton bean 'subProfiler' (DefaultSingletonBeanRegistry.java:221)
2026-06-28 14:03:27,299 [DEBUG] main [org.springframework.beans.factory.support.DefaultListableBeanFactory]: Creating instance of bean 'subProfiler' (AbstractAutowireCapableBeanFactory.java:448)
2026-06-28 14:03:27,387 [DEBUG] main [org.springframework.beans.factory.support.DefaultListableBeanFactory]: Eagerly caching bean 'subProfiler' to allow for resolving potential circular references (AbstractAutowireCapableBeanFactory.java:529)
2026-06-28 14:03:27,387 [DEBUG] main [org.springframework.beans.factory.support.DefaultListableBeanFactory]: Finished creating instance of bean 'subProfiler' (AbstractAutowireCapableBeanFactory.java:484)
2026-06-28 14:03:27,387 [DEBUG] main [org.springframework.beans.factory.support.DefaultListableBeanFactory]: Creating shared instance of singleton bean 'subProfileGenerator' (DefaultSingletonBeanRegistry.java:221)
2026-06-28 14:03:27,387 [DEBUG] main [org.springframework.beans.factory.support.DefaultListableBeanFactory]: Creating instance of bean 'subProfileGenerator' (AbstractAutowireCapableBeanFactory.java:448)
2026-06-28 14:03:27,388 [DEBUG] main [org.springframework.beans.factory.support.DefaultListableBeanFactory]: Eagerly caching bean 'subProfileGenerator' to allow for resolving potential circular references (AbstractAutowireCapableBeanFactory.java:529)
2026-06-28 14:03:27,388 [DEBUG] main [org.springframework.beans.factory.support.DefaultListableBeanFactory]: Finished creating instance of bean 'subProfileGenerator' (AbstractAutowireCapableBeanFactory.java:484)
2026-06-28 14:03:27,389 [DEBUG] main [org.springframework.beans.factory.support.DefaultListableBeanFactory]: Creating shared instance of singleton bean 'histFinder' (DefaultSingletonBeanRegistry.java:221)
2026-06-28 14:03:27,389 [DEBUG] main [org.springframework.beans.factory.support.DefaultListableBeanFactory]: Creating instance of bean 'histFinder' (AbstractAutowireCapableBeanFactory.java:448)
2026-06-28 14:03:27,390 [DEBUG] main [org.springframework.beans.factory.support.DefaultListableBeanFactory]: Eagerly caching bean 'histFinder' to allow for resolving potential circular references (AbstractAutowireCapableBeanFactory.java:529)
2026-06-28 14:03:27,390 [DEBUG] main [org.springframework.beans.factory.support.DefaultListableBeanFactory]: Finished creating instance of bean 'histFinder' (AbstractAutowireCapableBeanFactory.java:484)
2026-06-28 14:03:27,390 [DEBUG] main [org.springframework.beans.factory.support.DefaultListableBeanFactory]: Creating shared instance of singleton bean 'histSchemaGenerator' (DefaultSingletonBeanRegistry.java:221)
2026-06-28 14:03:27,390 [DEBUG] main [org.springframework.beans.factory.support.DefaultListableBeanFactory]: Creating instance of bean 'histSchemaGenerator' (AbstractAutowireCapableBeanFactory.java:448)
2026-06-28 14:03:27,390 [DEBUG] main [org.springframework.beans.factory.support.DefaultListableBeanFactory]: Eagerly caching bean 'histSchemaGenerator' to allow for resolving potential circular references (AbstractAutowireCapableBeanFactory.java:529)
2026-06-28 14:03:27,390 [DEBUG] main [org.springframework.beans.factory.support.DefaultListableBeanFactory]: Finished creating instance of bean 'histSchemaGenerator' (AbstractAutowireCapableBeanFactory.java:484)
2026-06-28 14:03:27,391 [DEBUG] main [org.springframework.context.support.ClassPathXmlApplicationContext]: Unable to locate LifecycleProcessor with name 'lifecycleProcessor': using default [org.springframework.context.support.DefaultLifecycleProcessor@41dd05a] (AbstractApplicationContext.java:779)
2026-06-28 14:03:27,391 [DEBUG] main [org.springframework.beans.factory.support.DefaultListableBeanFactory]: Returning cached instance of singleton bean 'lifecycleProcessor' (AbstractBeanFactory.java:251)
2026-06-28 14:03:27,392 [DEBUG] main [org.springframework.core.env.PropertySourcesPropertyResolver]: Could not find key 'spring.liveBeansView.mbeanDomain' in any property source (PropertySourcesPropertyResolver.java:91)
loginProvider
testString
org.springframework.beans.factory.config.PropertyPlaceholderConfigurer#0
imsiResolver
subProfiler
subProfileGenerator
histFinder
histSchemaGenerator
2026-06-28 14:03:27,393 [DEBUG] main [org.springframework.beans.factory.support.DefaultListableBeanFactory]: Returning cached instance of singleton bean 'org.springframework.beans.factory.config.PropertyPlaceholderConfigurer#0' (AbstractBeanFactory.java:251)
org.springframework.beans.factory.config.PropertyPlaceholderConfigurer@31000e60
2026-06-28 14:03:27,394 [DEBUG] main [org.springframework.beans.factory.support.DefaultListableBeanFactory]: Returning cached instance of singleton bean 'imsiResolver' (AbstractBeanFactory.java:251)
]]></system-out>
    <system-err><![CDATA[SLF4J: Class path contains multiple SLF4J bindings.
SLF4J: Found binding in [jar:file:/home/dz/.m2/repository/org/slf4j/slf4j-log4j12/1.7.33/slf4j-log4j12-1.7.33.jar!/org/slf4j/impl/StaticLoggerBinder.class]
SLF4J: Found binding in [jar:file:/home/dz/.m2/repository/org/apache/logging/log4j/log4j-slf4j-impl/2.17.1/log4j-slf4j-impl-2.17.1.jar!/org/slf4j/impl/StaticLoggerBinder.class]
SLF4J: See http://www.slf4j.org/codes.html#multiple_bindings for an explanation.
SLF4J: Actual binding is of type [org.slf4j.impl.Log4jLoggerFactory]
]]></system-err>
  </testcase>
</testsuite>