<?xml version="1.0" encoding="UTF-8"?>
<testsuite xmlns:xsi="http://www.w3.org/2001/XMLSchema-instance" xsi:noNamespaceSchemaLocation="https://maven.apache.org/surefire/maven-surefire-plugin/xsd/surefire-test-report-3.0.xsd" version="3.0" name="com.tnf.cas.webserver.TestWebServices" time="1.81" tests="10" errors="0" skipped="0" failures="0">
  <properties>
[...]
</properties>
  <testcase name="testUnprotected" classname="com.tnf.cas.webserver.TestWebServices" time="0.125">
    <system-out><![CDATA[2026-06-28 14:03:27,422 [DEBUG] main [org.springframework.core.env.StandardEnvironment]: Adding [systemProperties] PropertySource with lowest search precedence (MutablePropertySources.java:109)
2026-06-28 14:03:27,422 [DEBUG] main [org.springframework.core.env.StandardEnvironment]: Adding [systemEnvironment] PropertySource with lowest search precedence (MutablePropertySources.java:109)
2026-06-28 14:03:27,422 [DEBUG] main [org.springframework.core.env.StandardEnvironment]: Initialized StandardEnvironment with PropertySources [systemProperties,systemEnvironment] (AbstractEnvironment.java:127)
2026-06-28 14:03:27,435 [DEBUG] main [org.springframework.context.annotation.ClassPathBeanDefinitionScanner]: JSR-250 'javax.annotation.ManagedBean' found and supported for component scanning (ClassPathScanningCandidateComponentProvider.java:244)
2026-06-28 14:03:27,437 [DEBUG] main [org.springframework.context.annotation.ClassPathBeanDefinitionScanner]: JSR-330 'javax.inject.Named' annotation found and supported for component scanning (ClassPathScanningCandidateComponentProvider.java:252)
2026-06-28 14:03:27,444 [INFO] main [org.springframework.context.annotation.AnnotationConfigApplicationContext]: Refreshing org.springframework.context.annotation.AnnotationConfigApplicationContext@fcb4004: startup date [Sun Jun 28 14:03:27 IST 2026]; root of context hierarchy (AbstractApplicationContext.java:581)
2026-06-28 14:03:27,444 [DEBUG] main [org.springframework.context.annotation.AnnotationConfigApplicationContext]: Bean factory for org.springframework.context.annotation.AnnotationConfigApplicationContext@fcb4004: org.springframework.beans.factory.support.DefaultListableBeanFactory@4b7e96a: defining beans [org.springframework.context.annotation.internalConfigurationAnnotationProcessor,org.springframework.context.annotation.internalAutowiredAnnotationProcessor,org.springframework.context.annotation.internalRequiredAnnotationProcessor,org.springframework.context.annotation.internalCommonAnnotationProcessor,org.springframework.context.event.internalEventListenerProcessor,org.springframework.context.event.internalEventListenerFactory,webTestCfg]; root of factory hierarchy (AbstractApplicationContext.java:615)
2026-06-28 14:03:27,444 [DEBUG] main [org.springframework.beans.factory.support.DefaultListableBeanFactory]: Creating shared instance of singleton bean 'org.springframework.context.annotation.internalConfigurationAnnotationProcessor' (DefaultSingletonBeanRegistry.java:221)
2026-06-28 14:03:27,445 [DEBUG] main [org.springframework.beans.factory.support.DefaultListableBeanFactory]: Creating instance of bean 'org.springframework.context.annotation.internalConfigurationAnnotationProcessor' (AbstractAutowireCapableBeanFactory.java:448)
2026-06-28 14:03:27,445 [DEBUG] main [org.springframework.beans.factory.support.DefaultListableBeanFactory]: Eagerly caching bean 'org.springframework.context.annotation.internalConfigurationAnnotationProcessor' to allow for resolving potential circular references (AbstractAutowireCapableBeanFactory.java:529)
2026-06-28 14:03:27,446 [DEBUG] main [org.springframework.beans.factory.support.DefaultListableBeanFactory]: Finished creating instance of bean 'org.springframework.context.annotation.internalConfigurationAnnotationProcessor' (AbstractAutowireCapableBeanFactory.java:484)
2026-06-28 14:03:27,459 [DEBUG] main [org.springframework.context.annotation.ConfigurationClassBeanDefinitionReader]: Registering bean definition for @Bean method test.spring.non.scannable.WebTestCfg.getWebServer() (ConfigurationClassBeanDefinitionReader.java:256)
2026-06-28 14:03:27,459 [DEBUG] main [org.springframework.context.annotation.ConfigurationClassBeanDefinitionReader]: Registering bean definition for @Bean method test.spring.non.scannable.WebTestCfg.getCfg() (ConfigurationClassBeanDefinitionReader.java:256)
2026-06-28 14:03:27,503 [DEBUG] main [org.springframework.context.annotation.ConfigurationClassEnhancer]: Successfully enhanced test.spring.non.scannable.WebTestCfg; enhanced class name is: test.spring.non.scannable.WebTestCfg$$EnhancerBySpringCGLIB$$27cb6814 (ConfigurationClassEnhancer.java:109)
2026-06-28 14:03:27,503 [DEBUG] main [org.springframework.context.annotation.ConfigurationClassPostProcessor]: Replacing bean definition 'webTestCfg' existing class 'test.spring.non.scannable.WebTestCfg' with enhanced class 'test.spring.non.scannable.WebTestCfg$$EnhancerBySpringCGLIB$$27cb6814' (ConfigurationClassPostProcessor.java:409)
2026-06-28 14:03:27,503 [DEBUG] main [org.springframework.beans.factory.support.DefaultListableBeanFactory]: Creating shared instance of singleton bean 'getCfg' (DefaultSingletonBeanRegistry.java:221)
2026-06-28 14:03:27,503 [DEBUG] main [org.springframework.beans.factory.support.DefaultListableBeanFactory]: Creating instance of bean 'getCfg' (AbstractAutowireCapableBeanFactory.java:448)
2026-06-28 14:03:27,503 [DEBUG] main [org.springframework.beans.factory.support.DefaultListableBeanFactory]: Creating shared instance of singleton bean 'webTestCfg' (DefaultSingletonBeanRegistry.java:221)
2026-06-28 14:03:27,503 [DEBUG] main [org.springframework.beans.factory.support.DefaultListableBeanFactory]: Creating instance of bean 'webTestCfg' (AbstractAutowireCapableBeanFactory.java:448)
2026-06-28 14:03:27,504 [DEBUG] main [org.springframework.beans.factory.support.DefaultListableBeanFactory]: Eagerly caching bean 'webTestCfg' to allow for resolving potential circular references (AbstractAutowireCapableBeanFactory.java:529)
2026-06-28 14:03:27,504 [DEBUG] main [org.springframework.beans.factory.support.DefaultListableBeanFactory]: Finished creating instance of bean 'webTestCfg' (AbstractAutowireCapableBeanFactory.java:484)
2026-06-28 14:03:27,506 [WARN] main [org.springframework.context.annotation.ConfigurationClassEnhancer]: @Bean method WebTestCfg.getCfg is non-static and returns an object assignable to Spring's BeanFactoryPostProcessor interface. This will result in a failure to process annotations such as @Autowired, @Resource and @PostConstruct within the method's declaring @Configuration class. Add the 'static' modifier to this method to avoid these container lifecycle issues; see @Bean javadoc for complete details. (ConfigurationClassEnhancer.java:348)
2026-06-28 14:03:27,513 [DEBUG] main [org.springframework.beans.factory.support.DefaultListableBeanFactory]: Eagerly caching bean 'getCfg' to allow for resolving potential circular references (AbstractAutowireCapableBeanFactory.java:529)
2026-06-28 14:03:27,513 [DEBUG] main [org.springframework.beans.factory.support.DefaultListableBeanFactory]: Finished creating instance of bean 'getCfg' (AbstractAutowireCapableBeanFactory.java:484)
2026-06-28 14:03:27,513 [INFO] main [org.springframework.beans.factory.config.PropertyPlaceholderConfigurer]: Loading properties file from file [/home/dz/prj/ress/ress-srv/src/main/assembly/cfg/cfg-cas.properties.template] (PropertiesLoaderSupport.java:172)
2026-06-28 14:03:27,514 [DEBUG] main [org.springframework.beans.factory.support.DefaultListableBeanFactory]: Creating shared instance of singleton bean 'org.springframework.context.annotation.internalAutowiredAnnotationProcessor' (DefaultSingletonBeanRegistry.java:221)
2026-06-28 14:03:27,514 [DEBUG] main [org.springframework.beans.factory.support.DefaultListableBeanFactory]: Creating instance of bean 'org.springframework.context.annotation.internalAutowiredAnnotationProcessor' (AbstractAutowireCapableBeanFactory.java:448)
2026-06-28 14:03:27,514 [INFO] main [org.springframework.beans.factory.annotation.AutowiredAnnotationBeanPostProcessor]: JSR-330 'javax.inject.Inject' annotation found and supported for autowiring (AutowiredAnnotationBeanPostProcessor.java:155)
2026-06-28 14:03:27,515 [DEBUG] main [org.springframework.beans.factory.support.DefaultListableBeanFactory]: Eagerly caching bean 'org.springframework.context.annotation.internalAutowiredAnnotationProcessor' to allow for resolving potential circular references (AbstractAutowireCapableBeanFactory.java:529)
2026-06-28 14:03:27,515 [DEBUG] main [org.springframework.beans.factory.support.DefaultListableBeanFactory]: Finished creating instance of bean 'org.springframework.context.annotation.internalAutowiredAnnotationProcessor' (AbstractAutowireCapableBeanFactory.java:484)
2026-06-28 14:03:27,515 [DEBUG] main [org.springframework.beans.factory.support.DefaultListableBeanFactory]: Creating shared instance of singleton bean 'org.springframework.context.annotation.internalRequiredAnnotationProcessor' (DefaultSingletonBeanRegistry.java:221)
2026-06-28 14:03:27,515 [DEBUG] main [org.springframework.beans.factory.support.DefaultListableBeanFactory]: Creating instance of bean 'org.springframework.context.annotation.internalRequiredAnnotationProcessor' (AbstractAutowireCapableBeanFactory.java:448)
2026-06-28 14:03:27,515 [DEBUG] main [org.springframework.beans.factory.support.DefaultListableBeanFactory]: Eagerly caching bean 'org.springframework.context.annotation.internalRequiredAnnotationProcessor' to allow for resolving potential circular references (AbstractAutowireCapableBeanFactory.java:529)
2026-06-28 14:03:27,515 [DEBUG] main [org.springframework.beans.factory.support.DefaultListableBeanFactory]: Finished creating instance of bean 'org.springframework.context.annotation.internalRequiredAnnotationProcessor' (AbstractAutowireCapableBeanFactory.java:484)
2026-06-28 14:03:27,516 [DEBUG] main [org.springframework.beans.factory.support.DefaultListableBeanFactory]: Creating shared instance of singleton bean 'org.springframework.context.annotation.internalCommonAnnotationProcessor' (DefaultSingletonBeanRegistry.java:221)
2026-06-28 14:03:27,516 [DEBUG] main [org.springframework.beans.factory.support.DefaultListableBeanFactory]: Creating instance of bean 'org.springframework.context.annotation.internalCommonAnnotationProcessor' (AbstractAutowireCapableBeanFactory.java:448)
2026-06-28 14:03:27,518 [DEBUG] main [org.springframework.beans.factory.support.DefaultListableBeanFactory]: Eagerly caching bean 'org.springframework.context.annotation.internalCommonAnnotationProcessor' to allow for resolving potential circular references (AbstractAutowireCapableBeanFactory.java:529)
2026-06-28 14:03:27,518 [DEBUG] main [org.springframework.beans.factory.support.DefaultListableBeanFactory]: Finished creating instance of bean 'org.springframework.context.annotation.internalCommonAnnotationProcessor' (AbstractAutowireCapableBeanFactory.java:484)
2026-06-28 14:03:27,519 [DEBUG] main [org.springframework.beans.factory.support.DefaultListableBeanFactory]: Creating shared instance of singleton bean 'org.springframework.context.annotation.ConfigurationClassPostProcessor.importAwareProcessor' (DefaultSingletonBeanRegistry.java:221)
2026-06-28 14:03:27,519 [DEBUG] main [org.springframework.beans.factory.support.DefaultListableBeanFactory]: Creating instance of bean 'org.springframework.context.annotation.ConfigurationClassPostProcessor.importAwareProcessor' (AbstractAutowireCapableBeanFactory.java:448)
2026-06-28 14:03:27,519 [DEBUG] main [org.springframework.beans.factory.support.DefaultListableBeanFactory]: Eagerly caching bean 'org.springframework.context.annotation.ConfigurationClassPostProcessor.importAwareProcessor' to allow for resolving potential circular references (AbstractAutowireCapableBeanFactory.java:529)
2026-06-28 14:03:27,519 [DEBUG] main [org.springframework.beans.factory.support.DefaultListableBeanFactory]: Finished creating instance of bean 'org.springframework.context.annotation.ConfigurationClassPostProcessor.importAwareProcessor' (AbstractAutowireCapableBeanFactory.java:484)
2026-06-28 14:03:27,519 [DEBUG] main [org.springframework.beans.factory.support.DefaultListableBeanFactory]: Creating shared instance of singleton bean 'org.springframework.context.annotation.ConfigurationClassPostProcessor.enhancedConfigurationProcessor' (DefaultSingletonBeanRegistry.java:221)
2026-06-28 14:03:27,519 [DEBUG] main [org.springframework.beans.factory.support.DefaultListableBeanFactory]: Creating instance of bean 'org.springframework.context.annotation.ConfigurationClassPostProcessor.enhancedConfigurationProcessor' (AbstractAutowireCapableBeanFactory.java:448)
2026-06-28 14:03:27,519 [DEBUG] main [org.springframework.beans.factory.support.DefaultListableBeanFactory]: Eagerly caching bean 'org.springframework.context.annotation.ConfigurationClassPostProcessor.enhancedConfigurationProcessor' to allow for resolving potential circular references (AbstractAutowireCapableBeanFactory.java:529)
2026-06-28 14:03:27,519 [DEBUG] main [org.springframework.beans.factory.support.DefaultListableBeanFactory]: Finished creating instance of bean 'org.springframework.context.annotation.ConfigurationClassPostProcessor.enhancedConfigurationProcessor' (AbstractAutowireCapableBeanFactory.java:484)
2026-06-28 14:03:27,520 [DEBUG] main [org.springframework.context.annotation.AnnotationConfigApplicationContext]: Unable to locate MessageSource with name 'messageSource': using default [org.springframework.context.support.DelegatingMessageSource@2a39fe6a] (AbstractApplicationContext.java:728)
2026-06-28 14:03:27,520 [DEBUG] main [org.springframework.context.annotation.AnnotationConfigApplicationContext]: Unable to locate ApplicationEventMulticaster with name 'applicationEventMulticaster': using default [org.springframework.context.event.SimpleApplicationEventMulticaster@410ae9a3] (AbstractApplicationContext.java:752)
2026-06-28 14:03:27,520 [DEBUG] main [org.springframework.beans.factory.support.DefaultListableBeanFactory]: Pre-instantiating singletons in org.springframework.beans.factory.support.DefaultListableBeanFactory@4b7e96a: defining beans [org.springframework.context.annotation.internalConfigurationAnnotationProcessor,org.springframework.context.annotation.internalAutowiredAnnotationProcessor,org.springframework.context.annotation.internalRequiredAnnotationProcessor,org.springframework.context.annotation.internalCommonAnnotationProcessor,org.springframework.context.event.internalEventListenerProcessor,org.springframework.context.event.internalEventListenerFactory,webTestCfg,org.springframework.context.annotation.ConfigurationClassPostProcessor.importAwareProcessor,org.springframework.context.annotation.ConfigurationClassPostProcessor.enhancedConfigurationProcessor,getWebServer,getCfg]; root of factory hierarchy (DefaultListableBeanFactory.java:744)
2026-06-28 14:03:27,520 [DEBUG] main [org.springframework.beans.factory.support.DefaultListableBeanFactory]: Returning cached instance of singleton bean 'org.springframework.context.annotation.internalConfigurationAnnotationProcessor' (AbstractBeanFactory.java:251)
2026-06-28 14:03:27,520 [DEBUG] main [org.springframework.beans.factory.support.DefaultListableBeanFactory]: Returning cached instance of singleton bean 'org.springframework.context.annotation.internalAutowiredAnnotationProcessor' (AbstractBeanFactory.java:251)
2026-06-28 14:03:27,520 [DEBUG] main [org.springframework.beans.factory.support.DefaultListableBeanFactory]: Returning cached instance of singleton bean 'org.springframework.context.annotation.internalRequiredAnnotationProcessor' (AbstractBeanFactory.java:251)
2026-06-28 14:03:27,522 [DEBUG] main [org.springframework.beans.factory.support.DefaultListableBeanFactory]: Returning cached instance of singleton bean 'org.springframework.context.annotation.internalCommonAnnotationProcessor' (AbstractBeanFactory.java:251)
2026-06-28 14:03:27,522 [DEBUG] main [org.springframework.beans.factory.support.DefaultListableBeanFactory]: Creating shared instance of singleton bean 'org.springframework.context.event.internalEventListenerProcessor' (DefaultSingletonBeanRegistry.java:221)
2026-06-28 14:03:27,522 [DEBUG] main [org.springframework.beans.factory.support.DefaultListableBeanFactory]: Creating instance of bean 'org.springframework.context.event.internalEventListenerProcessor' (AbstractAutowireCapableBeanFactory.java:448)
2026-06-28 14:03:27,525 [DEBUG] main [org.springframework.beans.factory.support.DefaultListableBeanFactory]: Eagerly caching bean 'org.springframework.context.event.internalEventListenerProcessor' to allow for resolving potential circular references (AbstractAutowireCapableBeanFactory.java:529)
2026-06-28 14:03:27,527 [DEBUG] main [org.springframework.beans.factory.support.DefaultListableBeanFactory]: Finished creating instance of bean 'org.springframework.context.event.internalEventListenerProcessor' (AbstractAutowireCapableBeanFactory.java:484)
2026-06-28 14:03:27,527 [DEBUG] main [org.springframework.beans.factory.support.DefaultListableBeanFactory]: Creating shared instance of singleton bean 'org.springframework.context.event.internalEventListenerFactory' (DefaultSingletonBeanRegistry.java:221)
2026-06-28 14:03:27,527 [DEBUG] main [org.springframework.beans.factory.support.DefaultListableBeanFactory]: Creating instance of bean 'org.springframework.context.event.internalEventListenerFactory' (AbstractAutowireCapableBeanFactory.java:448)
2026-06-28 14:03:27,528 [DEBUG] main [org.springframework.beans.factory.support.DefaultListableBeanFactory]: Eagerly caching bean 'org.springframework.context.event.internalEventListenerFactory' to allow for resolving potential circular references (AbstractAutowireCapableBeanFactory.java:529)
2026-06-28 14:03:27,529 [DEBUG] main [org.springframework.beans.factory.support.DefaultListableBeanFactory]: Finished creating instance of bean 'org.springframework.context.event.internalEventListenerFactory' (AbstractAutowireCapableBeanFactory.java:484)
2026-06-28 14:03:27,529 [DEBUG] main [org.springframework.beans.factory.support.DefaultListableBeanFactory]: Returning cached instance of singleton bean 'webTestCfg' (AbstractBeanFactory.java:251)
2026-06-28 14:03:27,529 [DEBUG] main [org.springframework.beans.factory.support.DefaultListableBeanFactory]: Returning cached instance of singleton bean 'org.springframework.context.annotation.ConfigurationClassPostProcessor.importAwareProcessor' (AbstractBeanFactory.java:251)
2026-06-28 14:03:27,529 [DEBUG] main [org.springframework.beans.factory.support.DefaultListableBeanFactory]: Returning cached instance of singleton bean 'org.springframework.context.annotation.ConfigurationClassPostProcessor.enhancedConfigurationProcessor' (AbstractBeanFactory.java:251)
2026-06-28 14:03:27,529 [DEBUG] main [org.springframework.beans.factory.support.DefaultListableBeanFactory]: Creating shared instance of singleton bean 'getWebServer' (DefaultSingletonBeanRegistry.java:221)
2026-06-28 14:03:27,529 [DEBUG] main [org.springframework.beans.factory.support.DefaultListableBeanFactory]: Creating instance of bean 'getWebServer' (AbstractAutowireCapableBeanFactory.java:448)
2026-06-28 14:03:27,530 [DEBUG] main [org.springframework.beans.factory.support.DefaultListableBeanFactory]: Returning cached instance of singleton bean 'webTestCfg' (AbstractBeanFactory.java:251)
2026-06-28 14:03:27,535 [DEBUG] main [org.springframework.beans.factory.support.DefaultListableBeanFactory]: Eagerly caching bean 'getWebServer' to allow for resolving potential circular references (AbstractAutowireCapableBeanFactory.java:529)
2026-06-28 14:03:27,536 [DEBUG] main [org.springframework.beans.factory.support.DefaultListableBeanFactory]: Finished creating instance of bean 'getWebServer' (AbstractAutowireCapableBeanFactory.java:484)
2026-06-28 14:03:27,537 [DEBUG] main [org.springframework.beans.factory.support.DefaultListableBeanFactory]: Returning cached instance of singleton bean 'getCfg' (AbstractBeanFactory.java:251)
2026-06-28 14:03:27,537 [DEBUG] main [org.springframework.beans.factory.support.DefaultListableBeanFactory]: Returning cached instance of singleton bean 'org.springframework.context.event.internalEventListenerFactory' (AbstractBeanFactory.java:251)
2026-06-28 14:03:27,555 [DEBUG] main [org.springframework.context.annotation.AnnotationConfigApplicationContext]: Unable to locate LifecycleProcessor with name 'lifecycleProcessor': using default [org.springframework.context.support.DefaultLifecycleProcessor@72e34f77] (AbstractApplicationContext.java:779)
2026-06-28 14:03:27,555 [DEBUG] main [org.springframework.beans.factory.support.DefaultListableBeanFactory]: Returning cached instance of singleton bean 'lifecycleProcessor' (AbstractBeanFactory.java:251)
2026-06-28 14:03:27,555 [DEBUG] main [org.springframework.core.env.PropertySourcesPropertyResolver]: Could not find key 'spring.liveBeansView.mbeanDomain' in any property source (PropertySourcesPropertyResolver.java:91)
org.springframework.context.annotation.internalConfigurationAnnotationProcessor
org.springframework.context.annotation.internalAutowiredAnnotationProcessor
org.springframework.context.annotation.internalRequiredAnnotationProcessor
org.springframework.context.annotation.internalCommonAnnotationProcessor
org.springframework.context.event.internalEventListenerProcessor
org.springframework.context.event.internalEventListenerFactory
webTestCfg
org.springframework.context.annotation.ConfigurationClassPostProcessor.importAwareProcessor
org.springframework.context.annotation.ConfigurationClassPostProcessor.enhancedConfigurationProcessor
getWebServer
getCfg
2026-06-28 14:03:27,555 [DEBUG] main [org.springframework.beans.factory.support.DefaultListableBeanFactory]: Returning cached instance of singleton bean 'getWebServer' (AbstractBeanFactory.java:251)
2026-06-28 14:03:27,583 [INFO] main [/]: Initializing Spring root WebApplicationContext (Slf4jLog.java:67)
2026-06-28 14:03:27,583 [INFO] main [org.springframework.web.context.ContextLoader]: Root WebApplicationContext: initialization started (ContextLoader.java:305)
2026-06-28 14:03:27,586 [DEBUG] main [org.springframework.web.context.support.StandardServletEnvironment]: Adding [servletConfigInitParams] PropertySource with lowest search precedence (MutablePropertySources.java:109)
2026-06-28 14:03:27,586 [DEBUG] main [org.springframework.web.context.support.StandardServletEnvironment]: Adding [servletContextInitParams] PropertySource with lowest search precedence (MutablePropertySources.java:109)
2026-06-28 14:03:27,588 [DEBUG] main [org.springframework.web.context.support.StandardServletEnvironment]: Adding [systemProperties] PropertySource with lowest search precedence (MutablePropertySources.java:109)
2026-06-28 14:03:27,588 [DEBUG] main [org.springframework.web.context.support.StandardServletEnvironment]: Adding [systemEnvironment] PropertySource with lowest search precedence (MutablePropertySources.java:109)
2026-06-28 14:03:27,588 [DEBUG] main [org.springframework.web.context.support.StandardServletEnvironment]: Initialized StandardServletEnvironment with PropertySources [servletConfigInitParams,servletContextInitParams,systemProperties,systemEnvironment] (AbstractEnvironment.java:127)
2026-06-28 14:03:27,589 [DEBUG] main [org.springframework.web.context.support.StandardServletEnvironment]: Replacing [servletContextInitParams] PropertySource with [servletContextInitParams] (MutablePropertySources.java:174)
2026-06-28 14:03:27,590 [INFO] main [org.springframework.web.context.support.AnnotationConfigWebApplicationContext]: Refreshing Root WebApplicationContext: startup date [Sun Jun 28 14:03:27 IST 2026]; root of context hierarchy (AbstractApplicationContext.java:581)
2026-06-28 14:03:27,590 [DEBUG] main [org.springframework.context.annotation.ClassPathBeanDefinitionScanner]: JSR-250 'javax.annotation.ManagedBean' found and supported for component scanning (ClassPathScanningCandidateComponentProvider.java:244)
2026-06-28 14:03:27,590 [DEBUG] main [org.springframework.context.annotation.ClassPathBeanDefinitionScanner]: JSR-330 'javax.inject.Named' annotation found and supported for component scanning (ClassPathScanningCandidateComponentProvider.java:252)
2026-06-28 14:03:27,590 [INFO] main [org.springframework.web.context.support.AnnotationConfigWebApplicationContext]: Successfully resolved class for [test.spring.non.scannable.TestContextCfg] (AnnotationConfigWebApplicationContext.java:227)
2026-06-28 14:03:27,595 [DEBUG] main [org.springframework.web.context.support.AnnotationConfigWebApplicationContext]: Bean factory for Root WebApplicationContext: org.springframework.beans.factory.support.DefaultListableBeanFactory@51650883: defining beans [org.springframework.context.annotation.internalConfigurationAnnotationProcessor,org.springframework.context.annotation.internalAutowiredAnnotationProcessor,org.springframework.context.annotation.internalRequiredAnnotationProcessor,org.springframework.context.annotation.internalCommonAnnotationProcessor,org.springframework.context.event.internalEventListenerProcessor,org.springframework.context.event.internalEventListenerFactory,testContextCfg]; root of factory hierarchy (AbstractApplicationContext.java:615)
2026-06-28 14:03:27,596 [DEBUG] main [org.springframework.beans.factory.support.DefaultListableBeanFactory]: Registering scope 'request' with implementation [org.springframework.web.context.request.RequestScope@4362d7df] (AbstractBeanFactory.java:879)
2026-06-28 14:03:27,596 [DEBUG] main [org.springframework.beans.factory.support.DefaultListableBeanFactory]: Registering scope 'session' with implementation [org.springframework.web.context.request.SessionScope@750fe12e] (AbstractBeanFactory.java:879)
2026-06-28 14:03:27,596 [DEBUG] main [org.springframework.beans.factory.support.DefaultListableBeanFactory]: Registering scope 'globalSession' with implementation [org.springframework.web.context.request.SessionScope@f8908f6] (AbstractBeanFactory.java:879)
2026-06-28 14:03:27,597 [DEBUG] main [org.springframework.beans.factory.support.DefaultListableBeanFactory]: Registering scope 'application' with implementation [org.springframework.web.context.support.ServletContextScope@63fd4873] (AbstractBeanFactory.java:879)
2026-06-28 14:03:27,598 [DEBUG] main [org.springframework.beans.factory.support.DefaultListableBeanFactory]: Creating shared instance of singleton bean 'org.springframework.context.annotation.internalConfigurationAnnotationProcessor' (DefaultSingletonBeanRegistry.java:221)
2026-06-28 14:03:27,598 [DEBUG] main [org.springframework.beans.factory.support.DefaultListableBeanFactory]: Creating instance of bean 'org.springframework.context.annotation.internalConfigurationAnnotationProcessor' (AbstractAutowireCapableBeanFactory.java:448)
2026-06-28 14:03:27,598 [DEBUG] main [org.springframework.beans.factory.support.DefaultListableBeanFactory]: Eagerly caching bean 'org.springframework.context.annotation.internalConfigurationAnnotationProcessor' to allow for resolving potential circular references (AbstractAutowireCapableBeanFactory.java:529)
2026-06-28 14:03:27,599 [DEBUG] main [org.springframework.beans.factory.support.DefaultListableBeanFactory]: Finished creating instance of bean 'org.springframework.context.annotation.internalConfigurationAnnotationProcessor' (AbstractAutowireCapableBeanFactory.java:484)
2026-06-28 14:03:27,600 [DEBUG] main [org.springframework.core.env.StandardEnvironment]: Adding [systemProperties] PropertySource with lowest search precedence (MutablePropertySources.java:109)
2026-06-28 14:03:27,600 [DEBUG] main [org.springframework.core.env.StandardEnvironment]: Adding [systemEnvironment] PropertySource with lowest search precedence (MutablePropertySources.java:109)
2026-06-28 14:03:27,600 [DEBUG] main [org.springframework.core.env.StandardEnvironment]: Initialized StandardEnvironment with PropertySources [systemProperties,systemEnvironment] (AbstractEnvironment.java:127)
2026-06-28 14:03:27,600 [DEBUG] main [org.springframework.context.annotation.ClassPathBeanDefinitionScanner]: JSR-250 'javax.annotation.ManagedBean' found and supported for component scanning (ClassPathScanningCandidateComponentProvider.java:244)
2026-06-28 14:03:27,601 [DEBUG] main [org.springframework.context.annotation.ClassPathBeanDefinitionScanner]: JSR-330 'javax.inject.Named' annotation found and supported for component scanning (ClassPathScanningCandidateComponentProvider.java:252)
2026-06-28 14:03:27,602 [DEBUG] main [org.springframework.core.io.support.PathMatchingResourcePatternResolver]: Resolved classpath location [com/tnf/cas/] to resources [URL [file:/home/dz/prj/ress/ress-srv/target/test-classes/com/tnf/cas/], URL [file:/home/dz/prj/ress/ress-srv/target/classes/com/tnf/cas/], URL [jar:file:/home/dz/prj/ress/ress-common/target/ress-common-1.2.0.5.5-SNAPSHOT.jar!/com/tnf/cas/], URL [jar:file:/home/dz/prj/ress/ress-bson/target/ress-bson-1.2.0.5.5-SNAPSHOT.jar!/com/tnf/cas/]] (PathMatchingResourcePatternResolver.java:317)
2026-06-28 14:03:27,602 [DEBUG] main [org.springframework.core.io.support.PathMatchingResourcePatternResolver]: Looking for matching resources in directory tree [/home/dz/prj/ress/ress-srv/target/test-classes/com/tnf/cas] (PathMatchingResourcePatternResolver.java:711)
2026-06-28 14:03:27,603 [DEBUG] main [org.springframework.core.io.support.PathMatchingResourcePatternResolver]: Searching directory [/home/dz/prj/ress/ress-srv/target/test-classes/com/tnf/cas] for files matching pattern [/home/dz/prj/ress/ress-srv/target/test-classes/com/tnf/cas/**/*.class] (PathMatchingResourcePatternResolver.java:773)
2026-06-28 14:03:27,604 [DEBUG] main [org.springframework.core.io.support.PathMatchingResourcePatternResolver]: Searching directory [/home/dz/prj/ress/ress-srv/target/test-classes/com/tnf/cas/db] for files matching pattern [/home/dz/prj/ress/ress-srv/target/test-classes/com/tnf/cas/**/*.class] (PathMatchingResourcePatternResolver.java:773)
2026-06-28 14:03:27,605 [DEBUG] main [org.springframework.core.io.support.PathMatchingResourcePatternResolver]: Searching directory [/home/dz/prj/ress/ress-srv/target/test-classes/com/tnf/cas/provider] for files matching pattern [/home/dz/prj/ress/ress-srv/target/test-classes/com/tnf/cas/**/*.class] (PathMatchingResourcePatternResolver.java:773)
2026-06-28 14:03:27,605 [DEBUG] main [org.springframework.core.io.support.PathMatchingResourcePatternResolver]: Searching directory [/home/dz/prj/ress/ress-srv/target/test-classes/com/tnf/cas/security] for files matching pattern [/home/dz/prj/ress/ress-srv/target/test-classes/com/tnf/cas/**/*.class] (PathMatchingResourcePatternResolver.java:773)
2026-06-28 14:03:27,606 [DEBUG] main [org.springframework.core.io.support.PathMatchingResourcePatternResolver]: Searching directory [/home/dz/prj/ress/ress-srv/target/test-classes/com/tnf/cas/webserver] for files matching pattern [/home/dz/prj/ress/ress-srv/target/test-classes/com/tnf/cas/**/*.class] (PathMatchingResourcePatternResolver.java:773)
2026-06-28 14:03:27,607 [DEBUG] main [org.springframework.core.io.support.PathMatchingResourcePatternResolver]: Looking for matching resources in directory tree [/home/dz/prj/ress/ress-srv/target/classes/com/tnf/cas] (PathMatchingResourcePatternResolver.java:711)
2026-06-28 14:03:27,607 [DEBUG] main [org.springframework.core.io.support.PathMatchingResourcePatternResolver]: Searching directory [/home/dz/prj/ress/ress-srv/target/classes/com/tnf/cas] for files matching pattern [/home/dz/prj/ress/ress-srv/target/classes/com/tnf/cas/**/*.class] (PathMatchingResourcePatternResolver.java:773)
2026-06-28 14:03:27,607 [DEBUG] main [org.springframework.core.io.support.PathMatchingResourcePatternResolver]: Searching directory [/home/dz/prj/ress/ress-srv/target/classes/com/tnf/cas/db] for files matching pattern [/home/dz/prj/ress/ress-srv/target/classes/com/tnf/cas/**/*.class] (PathMatchingResourcePatternResolver.java:773)
2026-06-28 14:03:27,608 [DEBUG] main [org.springframework.core.io.support.PathMatchingResourcePatternResolver]: Searching directory [/home/dz/prj/ress/ress-srv/target/classes/com/tnf/cas/provider] for files matching pattern [/home/dz/prj/ress/ress-srv/target/classes/com/tnf/cas/**/*.class] (PathMatchingResourcePatternResolver.java:773)
2026-06-28 14:03:27,609 [DEBUG] main [org.springframework.core.io.support.PathMatchingResourcePatternResolver]: Searching directory [/home/dz/prj/ress/ress-srv/target/classes/com/tnf/cas/security] for files matching pattern [/home/dz/prj/ress/ress-srv/target/classes/com/tnf/cas/**/*.class] (PathMatchingResourcePatternResolver.java:773)
2026-06-28 14:03:27,609 [DEBUG] main [org.springframework.core.io.support.PathMatchingResourcePatternResolver]: Searching directory [/home/dz/prj/ress/ress-srv/target/classes/com/tnf/cas/web] for files matching pattern [/home/dz/prj/ress/ress-srv/target/classes/com/tnf/cas/**/*.class] (PathMatchingResourcePatternResolver.java:773)
2026-06-28 14:03:27,609 [DEBUG] main [org.springframework.core.io.support.PathMatchingResourcePatternResolver]: Searching directory [/home/dz/prj/ress/ress-srv/target/classes/com/tnf/cas/web/daemon] for files matching pattern [/home/dz/prj/ress/ress-srv/target/classes/com/tnf/cas/**/*.class] (PathMatchingResourcePatternResolver.java:773)
2026-06-28 14:03:27,609 [DEBUG] main [org.springframework.core.io.support.PathMatchingResourcePatternResolver]: Searching directory [/home/dz/prj/ress/ress-srv/target/classes/com/tnf/cas/webserver] for files matching pattern [/home/dz/prj/ress/ress-srv/target/classes/com/tnf/cas/**/*.class] (PathMatchingResourcePatternResolver.java:773)
2026-06-28 14:03:27,610 [DEBUG] main [org.springframework.core.io.support.PathMatchingResourcePatternResolver]: Looking for matching resources in jar file [file:/home/dz/prj/ress/ress-common/target/ress-common-1.2.0.5.5-SNAPSHOT.jar] (PathMatchingResourcePatternResolver.java:610)
2026-06-28 14:03:27,611 [DEBUG] main [org.springframework.core.io.support.PathMatchingResourcePatternResolver]: Looking for matching resources in jar file [file:/home/dz/prj/ress/ress-bson/target/ress-bson-1.2.0.5.5-SNAPSHOT.jar] (PathMatchingResourcePatternResolver.java:610)
2026-06-28 14:03:27,612 [DEBUG] main [org.springframework.core.io.support.PathMatchingResourcePatternResolver]: Resolved location pattern [classpath*:com/tnf/cas/**/*.class] to resources [file [/home/dz/prj/ress/ress-srv/target/test-classes/com/tnf/cas/db/CqlLexer$LexState.class], file [/home/dz/prj/ress/ress-srv/target/test-classes/com/tnf/cas/db/CqlLexer.class], file [/home/dz/prj/ress/ress-srv/target/test-classes/com/tnf/cas/db/Crc16.class], file [/home/dz/prj/ress/ress-srv/target/test-classes/com/tnf/cas/db/DummyHistFinder.class], file [/home/dz/prj/ress/ress-srv/target/test-classes/com/tnf/cas/db/DummyImsiResolver.class], file [/home/dz/prj/ress/ress-srv/target/test-classes/com/tnf/cas/db/DummySubProfileGenerator.class], file [/home/dz/prj/ress/ress-srv/target/test-classes/com/tnf/cas/db/DummySubProfiler.class], file [/home/dz/prj/ress/ress-srv/target/test-classes/com/tnf/cas/db/TestBeanWrapper$Asdf.class], file [/home/dz/prj/ress/ress-srv/target/test-classes/com/tnf/cas/db/TestBeanWrapper$Asdf2.class], file [/home/dz/prj/ress/ress-srv/target/test-classes/com/tnf/cas/db/TestBeanWrapper.class], file [/home/dz/prj/ress/ress-srv/target/test-classes/com/tnf/cas/db/TestCalc.class], file [/home/dz/prj/ress/ress-srv/target/test-classes/com/tnf/cas/db/TestContextCreationForTests.class], file [/home/dz/prj/ress/ress-srv/target/test-classes/com/tnf/cas/db/TestLexer.class], file [/home/dz/prj/ress/ress-srv/target/test-classes/com/tnf/cas/db/TestPartitionKeys.class], file [/home/dz/prj/ress/ress-srv/target/test-classes/com/tnf/cas/db/TestTimes.class], file [/home/dz/prj/ress/ress-srv/target/test-classes/com/tnf/cas/provider/RefresherRest.class], file [/home/dz/prj/ress/ress-srv/target/test-classes/com/tnf/cas/provider/TestHistogram.class], file [/home/dz/prj/ress/ress-srv/target/test-classes/com/tnf/cas/provider/TestRestResource$Ret.class], file [/home/dz/prj/ress/ress-srv/target/test-classes/com/tnf/cas/provider/TestRestResource.class], file [/home/dz/prj/ress/ress-srv/target/test-classes/com/tnf/cas/provider/TestSwitcher.class], file [/home/dz/prj/ress/ress-srv/target/test-classes/com/tnf/cas/security/TestPasswordsAndKeys.class], file [/home/dz/prj/ress/ress-srv/target/test-classes/com/tnf/cas/webserver/DevTestDh.class], file [/home/dz/prj/ress/ress-srv/target/test-classes/com/tnf/cas/webserver/DevTestEncrypt.class], file [/home/dz/prj/ress/ress-srv/target/test-classes/com/tnf/cas/webserver/DevTestHmac.class], file [/home/dz/prj/ress/ress-srv/target/test-classes/com/tnf/cas/webserver/DevTestSignature.class], file [/home/dz/prj/ress/ress-srv/target/test-classes/com/tnf/cas/webserver/DevTestSymmEncrypt.class], file [/home/dz/prj/ress/ress-srv/target/test-classes/com/tnf/cas/webserver/DevWatcher.class], file [/home/dz/prj/ress/ress-srv/target/test-classes/com/tnf/cas/webserver/EclipseWebServer.class], file [/home/dz/prj/ress/ress-srv/target/test-classes/com/tnf/cas/webserver/TestInits.class], file [/home/dz/prj/ress/ress-srv/target/test-classes/com/tnf/cas/webserver/TestWebServices.class], file [/home/dz/prj/ress/ress-srv/target/classes/com/tnf/cas/db/CasPropPartKeyCalculator.class], file [/home/dz/prj/ress/ress-srv/target/classes/com/tnf/cas/db/DbHistoricalFinder.class], file [/home/dz/prj/ress/ress-srv/target/classes/com/tnf/cas/db/DbHistoricalSchemaGenerator.class], file [/home/dz/prj/ress/ress-srv/target/classes/com/tnf/cas/db/DbImsiResolver.class], file [/home/dz/prj/ress/ress-srv/target/classes/com/tnf/cas/db/DbSession.class], file [/home/dz/prj/ress/ress-srv/target/classes/com/tnf/cas/db/DbSubProfileShemaGenerator.class], file [/home/dz/prj/ress/ress-srv/target/classes/com/tnf/cas/db/DbSubProfiler.class], file [/home/dz/prj/ress/ress-srv/target/classes/com/tnf/cas/db/DbTableSchemaGenerator$1.class], file [/home/dz/prj/ress/ress-srv/target/classes/com/tnf/cas/db/DbTableSchemaGenerator.class], file [/home/dz/prj/ress/ress-srv/target/classes/com/tnf/cas/db/HistoricalFinder.class], file [/home/dz/prj/ress/ress-srv/target/classes/com/tnf/cas/db/HistoricalSchemaGenerator.class], file [/home/dz/prj/ress/ress-srv/target/classes/com/tnf/cas/db/ImsiResolver.class], file [/home/dz/prj/ress/ress-srv/target/classes/com/tnf/cas/db/MapPartKeyCalculator.class], file [/home/dz/prj/ress/ress-srv/target/classes/com/tnf/cas/db/MsisdnSearchResult.class], file [/home/dz/prj/ress/ress-srv/target/classes/com/tnf/cas/db/PartKeyCalculator.class], file [/home/dz/prj/ress/ress-srv/target/classes/com/tnf/cas/db/PartToken.class], file [/home/dz/prj/ress/ress-srv/target/classes/com/tnf/cas/db/ProfileSchemaGenerator.class], file [/home/dz/prj/ress/ress-srv/target/classes/com/tnf/cas/db/SchemaGenerator.class], file [/home/dz/prj/ress/ress-srv/target/classes/com/tnf/cas/db/SubProfiler.class], file [/home/dz/prj/ress/ress-srv/target/classes/com/tnf/cas/db/Switcher.class], file [/home/dz/prj/ress/ress-srv/target/classes/com/tnf/cas/db/TimeSniper.class], file [/home/dz/prj/ress/ress-srv/target/classes/com/tnf/cas/provider/BadParameters.class], file [/home/dz/prj/ress/ress-srv/target/classes/com/tnf/cas/provider/Compressor.class], file [/home/dz/prj/ress/ress-srv/target/classes/com/tnf/cas/provider/CorsFilter.class], file [/home/dz/prj/ress/ress-srv/target/classes/com/tnf/cas/provider/Delay.class], file [/home/dz/prj/ress/ress-srv/target/classes/com/tnf/cas/provider/DelayAsync$1.class], file [/home/dz/prj/ress/ress-srv/target/classes/com/tnf/cas/provider/DelayAsync.class], file [/home/dz/prj/ress/ress-srv/target/classes/com/tnf/cas/provider/DummyHistSchemaGenerator.class], file [/home/dz/prj/ress/ress-srv/target/classes/com/tnf/cas/provider/ExceptionHandler$Status.class], file [/home/dz/prj/ress/ress-srv/target/classes/com/tnf/cas/provider/ExceptionHandler.class], file [/home/dz/prj/ress/ress-srv/target/classes/com/tnf/cas/provider/HistSchemaGeneratorRest.class], file [/home/dz/prj/ress/ress-srv/target/classes/com/tnf/cas/provider/ImsiRest.class], file [/home/dz/prj/ress/ress-srv/target/classes/com/tnf/cas/provider/Informer$1.class], file [/home/dz/prj/ress/ress-srv/target/classes/com/tnf/cas/provider/Informer.class], file [/home/dz/prj/ress/ress-srv/target/classes/com/tnf/cas/provider/InformerRecord.class], file [/home/dz/prj/ress/ress-srv/target/classes/com/tnf/cas/provider/Login$Ret.class], file [/home/dz/prj/ress/ress-srv/target/classes/com/tnf/cas/provider/Login.class], file [/home/dz/prj/ress/ress-srv/target/classes/com/tnf/cas/provider/NoDataFound.class], file [/home/dz/prj/ress/ress-srv/target/classes/com/tnf/cas/provider/NotFound404.class], file [/home/dz/prj/ress/ress-srv/target/classes/com/tnf/cas/provider/RolesFeatureActivator.class], file [/home/dz/prj/ress/ress-srv/target/classes/com/tnf/cas/provider/Search.class], file [/home/dz/prj/ress/ress-srv/target/classes/com/tnf/cas/provider/StatusFilter$Status.class], file [/home/dz/prj/ress/ress-srv/target/classes/com/tnf/cas/provider/StatusFilter.class], file [/home/dz/prj/ress/ress-srv/target/classes/com/tnf/cas/provider/SubProfileGeneratorRest.class], file [/home/dz/prj/ress/ress-srv/target/classes/com/tnf/cas/provider/SubProfilerRest.class], file [/home/dz/prj/ress/ress-srv/target/classes/com/tnf/cas/provider/SwitchSetter.class], file [/home/dz/prj/ress/ress-srv/target/classes/com/tnf/cas/provider/TokenValidator.class], file [/home/dz/prj/ress/ress-srv/target/classes/com/tnf/cas/security/Authenticator.class], file [/home/dz/prj/ress/ress-srv/target/classes/com/tnf/cas/security/HmacAuthenticator.class], file [/home/dz/prj/ress/ress-srv/target/classes/com/tnf/cas/security/HmacKeyStore.class], file [/home/dz/prj/ress/ress-srv/target/classes/com/tnf/cas/security/KeyProvider.class], file [/home/dz/prj/ress/ress-srv/target/classes/com/tnf/cas/security/KeyRecord.class], file [/home/dz/prj/ress/ress-srv/target/classes/com/tnf/cas/security/LoginProvider.class], file [/home/dz/prj/ress/ress-srv/target/classes/com/tnf/cas/security/PasswordFileLoginProvider$1.class], file [/home/dz/prj/ress/ress-srv/target/classes/com/tnf/cas/security/PasswordFileLoginProvider$2.class], file [/home/dz/prj/ress/ress-srv/target/classes/com/tnf/cas/security/PasswordFileLoginProvider.class], file [/home/dz/prj/ress/ress-srv/target/classes/com/tnf/cas/security/PropsFileUserStorage.class], file [/home/dz/prj/ress/ress-srv/target/classes/com/tnf/cas/security/SingleKeyProvider.class], file [/home/dz/prj/ress/ress-srv/target/classes/com/tnf/cas/web/PropertiesDsaLoginProvider$1.class], file [/home/dz/prj/ress/ress-srv/target/classes/com/tnf/cas/web/PropertiesDsaLoginProvider$2.class], file [/home/dz/prj/ress/ress-srv/target/classes/com/tnf/cas/web/PropertiesDsaLoginProvider.class], file [/home/dz/prj/ress/ress-srv/target/classes/com/tnf/cas/web/UserStorage.class], file [/home/dz/prj/ress/ress-srv/target/classes/com/tnf/cas/web/WebServerConstants.class], file [/home/dz/prj/ress/ress-srv/target/classes/com/tnf/cas/web/daemon/CasWebDaemon.class], file [/home/dz/prj/ress/ress-srv/target/classes/com/tnf/cas/webserver/WebInitiator.class], file [/home/dz/prj/ress/ress-srv/target/classes/com/tnf/cas/webserver/WebServer.class], URL [jar:file:/home/dz/prj/ress/ress-common/target/ress-common-1.2.0.5.5-SNAPSHOT.jar!/com/tnf/cas/common/properties/Sgm.class], URL [jar:file:/home/dz/prj/ress/ress-common/target/ress-common-1.2.0.5.5-SNAPSHOT.jar!/com/tnf/cas/common/properties/Dt.class], URL [jar:file:/home/dz/prj/ress/ress-common/target/ress-common-1.2.0.5.5-SNAPSHOT.jar!/com/tnf/cas/common/CasCommonConstants.class], URL [jar:file:/home/dz/prj/ress/ress-common/target/ress-common-1.2.0.5.5-SNAPSHOT.jar!/com/tnf/cas/common/util/CasPropertiesHelper.class], URL [jar:file:/home/dz/prj/ress/ress-common/target/ress-common-1.2.0.5.5-SNAPSHOT.jar!/com/tnf/cas/common/conf/CasCfgPropertiesConfigReader.class], URL [jar:file:/home/dz/prj/ress/ress-common/target/ress-common-1.2.0.5.5-SNAPSHOT.jar!/com/tnf/cas/common/helper/CasFileHelper$1.class], URL [jar:file:/home/dz/prj/ress/ress-common/target/ress-common-1.2.0.5.5-SNAPSHOT.jar!/com/tnf/cas/common/helper/CasFileHelper$2.class], URL [jar:file:/home/dz/prj/ress/ress-common/target/ress-common-1.2.0.5.5-SNAPSHOT.jar!/com/tnf/cas/common/helper/CasFileHelper$FileRemoverInfo.class], URL [jar:file:/home/dz/prj/ress/ress-common/target/ress-common-1.2.0.5.5-SNAPSHOT.jar!/com/tnf/cas/common/helper/CasFileHelper.class], URL [jar:file:/home/dz/prj/ress/ress-common/target/ress-common-1.2.0.5.5-SNAPSHOT.jar!/com/tnf/cas/db/CassandraDbHelper.class], URL [jar:file:/home/dz/prj/ress/ress-common/target/ress-common-1.2.0.5.5-SNAPSHOT.jar!/com/tnf/cas/db/Blobber.class], URL [jar:file:/home/dz/prj/ress/ress-common/target/ress-common-1.2.0.5.5-SNAPSHOT.jar!/com/tnf/cas/db/BlobberRegistry.class], URL [jar:file:/home/dz/prj/ress/ress-bson/target/ress-bson-1.2.0.5.5-SNAPSHOT.jar!/com/tnf/cas/db/MongoBsonBlobber.class], URL [jar:file:/home/dz/prj/ress/ress-bson/target/ress-bson-1.2.0.5.5-SNAPSHOT.jar!/com/tnf/cas/db/JacksonBsonBlobber.class]] (PathMatchingResourcePatternResolver.java:483)
2026-06-28 14:03:27,620 [DEBUG] main [org.springframework.context.annotation.ClassPathBeanDefinitionScanner]: Identified candidate component class: file [/home/dz/prj/ress/ress-srv/target/test-classes/com/tnf/cas/provider/RefresherRest.class] (ClassPathScanningCandidateComponentProvider.java:286)
2026-06-28 14:03:27,621 [DEBUG] main [org.springframework.context.annotation.ClassPathBeanDefinitionScanner]: Identified candidate component class: file [/home/dz/prj/ress/ress-srv/target/test-classes/com/tnf/cas/provider/TestRestResource.class] (ClassPathScanningCandidateComponentProvider.java:286)
2026-06-28 14:03:27,625 [DEBUG] main [org.springframework.context.annotation.ClassPathBeanDefinitionScanner]: Identified candidate component class: file [/home/dz/prj/ress/ress-srv/target/classes/com/tnf/cas/db/DbHistoricalFinder.class] (ClassPathScanningCandidateComponentProvider.java:286)
2026-06-28 14:03:27,625 [DEBUG] main [org.springframework.context.annotation.ClassPathBeanDefinitionScanner]: Identified candidate component class: file [/home/dz/prj/ress/ress-srv/target/classes/com/tnf/cas/db/DbHistoricalSchemaGenerator.class] (ClassPathScanningCandidateComponentProvider.java:286)
2026-06-28 14:03:27,626 [DEBUG] main [org.springframework.context.annotation.ClassPathBeanDefinitionScanner]: Identified candidate component class: file [/home/dz/prj/ress/ress-srv/target/classes/com/tnf/cas/db/DbImsiResolver.class] (ClassPathScanningCandidateComponentProvider.java:286)
2026-06-28 14:03:27,626 [DEBUG] main [org.springframework.context.annotation.ClassPathBeanDefinitionScanner]: Identified candidate component class: file [/home/dz/prj/ress/ress-srv/target/classes/com/tnf/cas/db/DbSession.class] (ClassPathScanningCandidateComponentProvider.java:286)
2026-06-28 14:03:27,626 [DEBUG] main [org.springframework.context.annotation.ClassPathBeanDefinitionScanner]: Identified candidate component class: file [/home/dz/prj/ress/ress-srv/target/classes/com/tnf/cas/db/DbSubProfileShemaGenerator.class] (ClassPathScanningCandidateComponentProvider.java:286)
2026-06-28 14:03:27,626 [DEBUG] main [org.springframework.context.annotation.ClassPathBeanDefinitionScanner]: Identified candidate component class: file [/home/dz/prj/ress/ress-srv/target/classes/com/tnf/cas/db/DbSubProfiler.class] (ClassPathScanningCandidateComponentProvider.java:286)
2026-06-28 14:03:27,627 [DEBUG] main [org.springframework.context.annotation.ClassPathBeanDefinitionScanner]: Identified candidate component class: file [/home/dz/prj/ress/ress-srv/target/classes/com/tnf/cas/db/Switcher.class] (ClassPathScanningCandidateComponentProvider.java:286)
2026-06-28 14:03:27,629 [DEBUG] main [org.springframework.context.annotation.ClassPathBeanDefinitionScanner]: Identified candidate component class: file [/home/dz/prj/ress/ress-srv/target/classes/com/tnf/cas/provider/Delay.class] (ClassPathScanningCandidateComponentProvider.java:286)
2026-06-28 14:03:27,629 [DEBUG] main [org.springframework.context.annotation.ClassPathBeanDefinitionScanner]: Identified candidate component class: file [/home/dz/prj/ress/ress-srv/target/classes/com/tnf/cas/provider/DelayAsync.class] (ClassPathScanningCandidateComponentProvider.java:286)
2026-06-28 14:03:27,630 [DEBUG] main [org.springframework.context.annotation.ClassPathBeanDefinitionScanner]: Identified candidate component class: file [/home/dz/prj/ress/ress-srv/target/classes/com/tnf/cas/provider/HistSchemaGeneratorRest.class] (ClassPathScanningCandidateComponentProvider.java:286)
2026-06-28 14:03:27,630 [DEBUG] main [org.springframework.context.annotation.ClassPathBeanDefinitionScanner]: Identified candidate component class: file [/home/dz/prj/ress/ress-srv/target/classes/com/tnf/cas/provider/ImsiRest.class] (ClassPathScanningCandidateComponentProvider.java:286)
2026-06-28 14:03:27,630 [DEBUG] main [org.springframework.context.annotation.ClassPathBeanDefinitionScanner]: Identified candidate component class: file [/home/dz/prj/ress/ress-srv/target/classes/com/tnf/cas/provider/Informer.class] (ClassPathScanningCandidateComponentProvider.java:286)
2026-06-28 14:03:27,631 [DEBUG] main [org.springframework.context.annotation.ClassPathBeanDefinitionScanner]: Identified candidate component class: file [/home/dz/prj/ress/ress-srv/target/classes/com/tnf/cas/provider/Login.class] (ClassPathScanningCandidateComponentProvider.java:286)
2026-06-28 14:03:27,631 [DEBUG] main [org.springframework.context.annotation.ClassPathBeanDefinitionScanner]: Identified candidate component class: file [/home/dz/prj/ress/ress-srv/target/classes/com/tnf/cas/provider/Search.class] (ClassPathScanningCandidateComponentProvider.java:286)
2026-06-28 14:03:27,632 [DEBUG] main [org.springframework.context.annotation.ClassPathBeanDefinitionScanner]: Identified candidate component class: file [/home/dz/prj/ress/ress-srv/target/classes/com/tnf/cas/provider/SubProfileGeneratorRest.class] (ClassPathScanningCandidateComponentProvider.java:286)
2026-06-28 14:03:27,632 [DEBUG] main [org.springframework.context.annotation.ClassPathBeanDefinitionScanner]: Identified candidate component class: file [/home/dz/prj/ress/ress-srv/target/classes/com/tnf/cas/provider/SubProfilerRest.class] (ClassPathScanningCandidateComponentProvider.java:286)
2026-06-28 14:03:27,633 [DEBUG] main [org.springframework.context.annotation.ClassPathBeanDefinitionScanner]: Identified candidate component class: file [/home/dz/prj/ress/ress-srv/target/classes/com/tnf/cas/provider/SwitchSetter.class] (ClassPathScanningCandidateComponentProvider.java:286)
2026-06-28 14:03:27,634 [DEBUG] main [org.springframework.context.annotation.ClassPathBeanDefinitionScanner]: Identified candidate component class: file [/home/dz/prj/ress/ress-srv/target/classes/com/tnf/cas/provider/TokenValidator.class] (ClassPathScanningCandidateComponentProvider.java:286)
2026-06-28 14:03:27,635 [DEBUG] main [org.springframework.context.annotation.ClassPathBeanDefinitionScanner]: Identified candidate component class: file [/home/dz/prj/ress/ress-srv/target/classes/com/tnf/cas/webserver/WebInitiator.class] (ClassPathScanningCandidateComponentProvider.java:286)
2026-06-28 14:03:27,654 [DEBUG] main [org.springframework.core.env.StandardEnvironment]: Adding [systemProperties] PropertySource with lowest search precedence (MutablePropertySources.java:109)
2026-06-28 14:03:27,654 [DEBUG] main [org.springframework.core.env.StandardEnvironment]: Adding [systemEnvironment] PropertySource with lowest search precedence (MutablePropertySources.java:109)
2026-06-28 14:03:27,654 [DEBUG] main [org.springframework.core.env.StandardEnvironment]: Initialized StandardEnvironment with PropertySources [systemProperties,systemEnvironment] (AbstractEnvironment.java:127)
2026-06-28 14:03:27,654 [INFO] main [org.springframework.beans.factory.xml.XmlBeanDefinitionReader]: Loading XML bean definitions from URL [file:src/main/assembly/cfg/beans.xml] (XmlBeanDefinitionReader.java:317)
2026-06-28 14:03:27,655 [DEBUG] main [org.springframework.beans.factory.xml.DefaultDocumentLoader]: Using JAXP provider [com.sun.org.apache.xerces.internal.jaxp.DocumentBuilderFactoryImpl] (DefaultDocumentLoader.java:73)
2026-06-28 14:03:27,656 [DEBUG] main [org.springframework.beans.factory.xml.PluggableSchemaResolver]: Loading schema mappings from [META-INF/spring.schemas] (PluggableSchemaResolver.java:141)
2026-06-28 14:03:27,657 [DEBUG] main [org.springframework.beans.factory.xml.PluggableSchemaResolver]: Loaded schema mappings: {http://www.springframework.org/schema/context/spring-context-3.2.xsd=org/springframework/context/config/spring-context-3.2.xsd, http://www.springframework.org/schema/cache/spring-cache-4.3.xsd=org/springframework/cache/config/spring-cache-4.3.xsd, http://www.springframework.org/schema/beans/spring-beans-4.0.xsd=org/springframework/beans/factory/xml/spring-beans-4.0.xsd, http://www.springframework.org/schema/context/spring-context-2.5.xsd=org/springframework/context/config/spring-context-2.5.xsd, http://www.springframework.org/schema/util/spring-util-4.3.xsd=org/springframework/beans/factory/xml/spring-util-4.3.xsd, http://www.springframework.org/schema/context/spring-context-4.0.xsd=org/springframework/context/config/spring-context-4.0.xsd, http://www.springframework.org/schema/aop/spring-aop-2.0.xsd=org/springframework/aop/config/spring-aop-2.0.xsd, http://www.springframework.org/schema/jee/spring-jee-2.0.xsd=org/springframework/ejb/config/spring-jee-2.0.xsd, http://www.springframework.org/schema/tool/spring-tool-4.3.xsd=org/springframework/beans/factory/xml/spring-tool-4.3.xsd, http://www.springframework.org/schema/util/spring-util-2.0.xsd=org/springframework/beans/factory/xml/spring-util-2.0.xsd, http://www.springframework.org/schema/cache/spring-cache-4.2.xsd=org/springframework/cache/config/spring-cache-4.2.xsd, http://www.springframework.org/schema/tool/spring-tool-2.0.xsd=org/springframework/beans/factory/xml/spring-tool-2.0.xsd, http://www.springframework.org/schema/context/spring-context-3.1.xsd=org/springframework/context/config/spring-context-3.1.xsd, http://www.springframework.org/schema/tool/spring-tool.xsd=org/springframework/beans/factory/xml/spring-tool-4.3.xsd, http://www.springframework.org/schema/beans/spring-beans-3.2.xsd=org/springframework/beans/factory/xml/spring-beans-3.2.xsd, http://www.springframework.org/schema/util/spring-util-4.2.xsd=org/springframework/beans/factory/xml/spring-util-4.2.xsd, http://www.springframework.org/schema/beans/spring-beans-2.5.xsd=org/springframework/beans/factory/xml/spring-beans-2.5.xsd, http://www.springframework.org/schema/beans/spring-beans.xsd=org/springframework/beans/factory/xml/spring-beans-4.3.xsd, http://www.springframework.org/schema/tool/spring-tool-4.0.xsd=org/springframework/beans/factory/xml/spring-tool-4.0.xsd, http://www.springframework.org/schema/util/spring-util-4.1.xsd=org/springframework/beans/factory/xml/spring-util-4.1.xsd, http://www.springframework.org/schema/beans/spring-beans-4.2.xsd=org/springframework/beans/factory/xml/spring-beans-4.2.xsd, http://www.springframework.org/schema/context/spring-context-4.2.xsd=org/springframework/context/config/spring-context-4.2.xsd, http://www.springframework.org/schema/cache/spring-cache-4.1.xsd=org/springframework/cache/config/spring-cache-4.1.xsd, http://www.springframework.org/schema/lang/spring-lang-3.0.xsd=org/springframework/scripting/config/spring-lang-3.0.xsd, http://www.springframework.org/schema/jee/spring-jee-4.3.xsd=org/springframework/ejb/config/spring-jee-4.3.xsd, http://www.springframework.org/schema/aop/spring-aop-4.3.xsd=org/springframework/aop/config/spring-aop-4.3.xsd, http://www.springframework.org/schema/beans/spring-beans-4.3.xsd=org/springframework/beans/factory/xml/spring-beans-4.3.xsd, http://www.springframework.org/schema/tool/spring-tool-4.1.xsd=org/springframework/beans/factory/xml/spring-tool-4.1.xsd, http://www.springframework.org/schema/task/spring-task-4.3.xsd=org/springframework/scheduling/config/spring-task-4.3.xsd, http://www.springframework.org/schema/util/spring-util-4.0.xsd=org/springframework/beans/factory/xml/spring-util-4.0.xsd, http://www.springframework.org/schema/beans/spring-beans-4.1.xsd=org/springframework/beans/factory/xml/spring-beans-4.1.xsd, http://www.springframework.org/schema/lang/spring-lang.xsd=org/springframework/scripting/config/spring-lang-4.3.xsd, http://www.springframework.org/schema/cache/spring-cache-4.0.xsd=org/springframework/cache/config/spring-cache-4.0.xsd, http://www.springframework.org/schema/aop/spring-aop-4.2.xsd=org/springframework/aop/config/spring-aop-4.2.xsd, http://www.springframework.org/schema/tool/spring-tool-4.2.xsd=org/springframework/beans/factory/xml/spring-tool-4.2.xsd, http://www.springframework.org/schema/util/spring-util-2.5.xsd=org/springframework/beans/factory/xml/spring-util-2.5.xsd, http://www.springframework.org/schema/context/spring-context-4.1.xsd=org/springframework/context/config/spring-context-4.1.xsd, http://www.springframework.org/schema/jee/spring-jee-4.2.xsd=org/springframework/ejb/config/spring-jee-4.2.xsd, http://www.springframework.org/schema/lang/spring-lang-3.1.xsd=org/springframework/scripting/config/spring-lang-3.1.xsd, http://www.springframework.org/schema/task/spring-task.xsd=org/springframework/scheduling/config/spring-task-4.3.xsd, http://www.springframework.org/schema/task/spring-task-4.2.xsd=org/springframework/scheduling/config/spring-task-4.2.xsd, http://www.springframework.org/schema/aop/spring-aop.xsd=org/springframework/aop/config/spring-aop-4.3.xsd, http://www.springframework.org/schema/lang/spring-lang-4.0.xsd=org/springframework/scripting/config/spring-lang-4.0.xsd, http://www.springframework.org/schema/beans/spring-beans-2.0.xsd=org/springframework/beans/factory/xml/spring-beans-2.0.xsd, http://www.springframework.org/schema/task/spring-task-4.1.xsd=org/springframework/scheduling/config/spring-task-4.1.xsd, http://www.springframework.org/schema/tool/spring-tool-3.1.xsd=org/springframework/beans/factory/xml/spring-tool-3.1.xsd, http://www.springframework.org/schema/util/spring-util-3.2.xsd=org/springframework/beans/factory/xml/spring-util-3.2.xsd, http://www.springframework.org/schema/jee/spring-jee-4.1.xsd=org/springframework/ejb/config/spring-jee-4.1.xsd, http://www.springframework.org/schema/aop/spring-aop-4.1.xsd=org/springframework/aop/config/spring-aop-4.1.xsd, http://www.springframework.org/schema/lang/spring-lang-3.2.xsd=org/springframework/scripting/config/spring-lang-3.2.xsd, http://www.springframework.org/schema/cache/spring-cache-3.2.xsd=org/springframework/cache/config/spring-cache-3.2.xsd, http://www.springframework.org/schema/util/spring-util.xsd=org/springframework/beans/factory/xml/spring-util-4.3.xsd, http://www.springframework.org/schema/util/spring-util-3.0.xsd=org/springframework/beans/factory/xml/spring-util-3.0.xsd, http://www.springframework.org/schema/jee/spring-jee-3.2.xsd=org/springframework/ejb/config/spring-jee-3.2.xsd, http://www.springframework.org/schema/aop/spring-aop-3.2.xsd=org/springframework/aop/config/spring-aop-3.2.xsd, http://www.springframework.org/schema/tool/spring-tool-3.2.xsd=org/springframework/beans/factory/xml/spring-tool-3.2.xsd, http://www.springframework.org/schema/lang/spring-lang-4.1.xsd=org/springframework/scripting/config/spring-lang-4.1.xsd, http://www.springframework.org/schema/context/spring-context-4.3.xsd=org/springframework/context/config/spring-context-4.3.xsd, http://www.springframework.org/schema/lang/spring-lang-2.5.xsd=org/springframework/scripting/config/spring-lang-2.5.xsd, http://www.springframework.org/schema/jee/spring-jee.xsd=org/springframework/ejb/config/spring-jee-4.3.xsd, http://www.springframework.org/schema/util/spring-util-3.1.xsd=org/springframework/beans/factory/xml/spring-util-3.1.xsd, http://www.springframework.org/schema/jee/spring-jee-2.5.xsd=org/springframework/ejb/config/spring-jee-2.5.xsd, http://www.springframework.org/schema/aop/spring-aop-2.5.xsd=org/springframework/aop/config/spring-aop-2.5.xsd, http://www.springframework.org/schema/task/spring-task-4.0.xsd=org/springframework/scheduling/config/spring-task-4.0.xsd, http://www.springframework.org/schema/context/spring-context.xsd=org/springframework/context/config/spring-context-4.3.xsd, http://www.springframework.org/schema/aop/spring-aop-4.0.xsd=org/springframework/aop/config/spring-aop-4.0.xsd, http://www.springframework.org/schema/cache/spring-cache-3.1.xsd=org/springframework/cache/config/spring-cache-3.1.xsd, http://www.springframework.org/schema/tool/spring-tool-2.5.xsd=org/springframework/beans/factory/xml/spring-tool-2.5.xsd, http://www.springframework.org/schema/jee/spring-jee-4.0.xsd=org/springframework/ejb/config/spring-jee-4.0.xsd, http://www.springframework.org/schema/beans/spring-beans-3.0.xsd=org/springframework/beans/factory/xml/spring-beans-3.0.xsd, http://www.springframework.org/schema/task/spring-task-3.2.xsd=org/springframework/scheduling/config/spring-task-3.2.xsd, http://www.springframework.org/schema/aop/spring-aop-3.1.xsd=org/springframework/aop/config/spring-aop-3.1.xsd, http://www.springframework.org/schema/jee/spring-jee-3.0.xsd=org/springframework/ejb/config/spring-jee-3.0.xsd, http://www.springframework.org/schema/aop/spring-aop-3.0.xsd=org/springframework/aop/config/spring-aop-3.0.xsd, http://www.springframework.org/schema/jee/spring-jee-3.1.xsd=org/springframework/ejb/config/spring-jee-3.1.xsd, http://www.springframework.org/schema/lang/spring-lang-4.3.xsd=org/springframework/scripting/config/spring-lang-4.3.xsd, http://www.springframework.org/schema/beans/spring-beans-3.1.xsd=org/springframework/beans/factory/xml/spring-beans-3.1.xsd, http://www.springframework.org/schema/lang/spring-lang-2.0.xsd=org/springframework/scripting/config/spring-lang-2.0.xsd, http://www.springframework.org/schema/task/spring-task-3.1.xsd=org/springframework/scheduling/config/spring-task-3.1.xsd, http://www.springframework.org/schema/tool/spring-tool-3.0.xsd=org/springframework/beans/factory/xml/spring-tool-3.0.xsd, http://www.springframework.org/schema/lang/spring-lang-4.2.xsd=org/springframework/scripting/config/spring-lang-4.2.xsd, http://www.springframework.org/schema/task/spring-task-3.0.xsd=org/springframework/scheduling/config/spring-task-3.0.xsd, http://www.springframework.org/schema/context/spring-context-3.0.xsd=org/springframework/context/config/spring-context-3.0.xsd, http://www.springframework.org/schema/cache/spring-cache.xsd=org/springframework/cache/config/spring-cache-4.3.xsd} (PluggableSchemaResolver.java:147)
2026-06-28 14:03:27,658 [DEBUG] main [org.springframework.beans.factory.xml.PluggableSchemaResolver]: Found XML schema [http://www.springframework.org/schema/beans/spring-beans-3.0.xsd] in classpath: org/springframework/beans/factory/xml/spring-beans-3.0.xsd (PluggableSchemaResolver.java:119)
2026-06-28 14:03:27,664 [DEBUG] main [org.springframework.beans.factory.xml.DefaultBeanDefinitionDocumentReader]: Loading bean definitions (DefaultBeanDefinitionDocumentReader.java:92)
2026-06-28 14:03:27,664 [DEBUG] main [org.springframework.beans.factory.xml.BeanDefinitionParserDelegate]: Neither XML 'id' nor 'name' specified - using generated bean name [com.tnf.cas.security.HmacAuthenticator#2fb68ec6] (BeanDefinitionParserDelegate.java:481)
2026-06-28 14:03:27,665 [DEBUG] main [org.springframework.beans.factory.xml.BeanDefinitionParserDelegate]: Neither XML 'id' nor 'name' specified - using generated bean name [com.tnf.cas.security.SingleKeyProvider#d71adc2] (BeanDefinitionParserDelegate.java:481)
2026-06-28 14:03:27,665 [DEBUG] main [org.springframework.beans.factory.xml.XmlBeanDefinitionReader]: Loaded 1 bean definitions from location pattern [file:src/main/assembly/cfg/beans.xml] (AbstractBeanDefinitionReader.java:224)
2026-06-28 14:03:27,665 [INFO] main [org.springframework.beans.factory.xml.XmlBeanDefinitionReader]: Loading XML bean definitions from class path resource [test-beans.xml] (XmlBeanDefinitionReader.java:317)
2026-06-28 14:03:27,666 [DEBUG] main [org.springframework.beans.factory.xml.DefaultDocumentLoader]: Using JAXP provider [com.sun.org.apache.xerces.internal.jaxp.DocumentBuilderFactoryImpl] (DefaultDocumentLoader.java:73)
2026-06-28 14:03:27,667 [DEBUG] main [org.springframework.beans.factory.xml.PluggableSchemaResolver]: Found XML schema [http://www.springframework.org/schema/beans/spring-beans-3.0.xsd] in classpath: org/springframework/beans/factory/xml/spring-beans-3.0.xsd (PluggableSchemaResolver.java:119)
2026-06-28 14:03:27,673 [DEBUG] main [org.springframework.beans.factory.xml.PluggableSchemaResolver]: Found XML schema [http://www.springframework.org/schema/context/spring-context-3.0.xsd] in classpath: org/springframework/context/config/spring-context-3.0.xsd (PluggableSchemaResolver.java:119)
2026-06-28 14:03:27,675 [DEBUG] main [org.springframework.beans.factory.xml.PluggableSchemaResolver]: Found XML schema [http://www.springframework.org/schema/tool/spring-tool-3.0.xsd] in classpath: org/springframework/beans/factory/xml/spring-tool-3.0.xsd (PluggableSchemaResolver.java:119)
2026-06-28 14:03:27,677 [DEBUG] main [org.springframework.beans.factory.xml.DefaultBeanDefinitionDocumentReader]: Loading bean definitions (DefaultBeanDefinitionDocumentReader.java:92)
2026-06-28 14:03:27,679 [DEBUG] main [org.springframework.beans.factory.xml.DefaultNamespaceHandlerResolver]: Loaded NamespaceHandler mappings: {http://www.springframework.org/schema/aop=org.springframework.aop.config.AopNamespaceHandler, http://www.springframework.org/schema/cache=org.springframework.cache.config.CacheNamespaceHandler, http://www.springframework.org/schema/task=org.springframework.scheduling.config.TaskNamespaceHandler, http://www.springframework.org/schema/p=org.springframework.beans.factory.xml.SimplePropertyNamespaceHandler, http://www.springframework.org/schema/util=org.springframework.beans.factory.xml.UtilNamespaceHandler, http://www.springframework.org/schema/lang=org.springframework.scripting.config.LangNamespaceHandler, http://www.springframework.org/schema/c=org.springframework.beans.factory.xml.SimpleConstructorNamespaceHandler, http://www.springframework.org/schema/context=org.springframework.context.config.ContextNamespaceHandler, http://www.springframework.org/schema/jee=org.springframework.ejb.config.JeeNamespaceHandler} (DefaultNamespaceHandlerResolver.java:157)
2026-06-28 14:03:27,680 [DEBUG] main [org.springframework.beans.factory.xml.XmlBeanDefinitionReader]: Loaded 7 bean definitions from location pattern [classpath:test-beans.xml] (AbstractBeanDefinitionReader.java:224)
2026-06-28 14:03:27,690 [DEBUG] main [org.springframework.context.annotation.ConfigurationClassEnhancer]: Successfully enhanced test.spring.non.scannable.TestContextCfg; enhanced class name is: test.spring.non.scannable.TestContextCfg$$EnhancerBySpringCGLIB$$a61f9d9d (ConfigurationClassEnhancer.java:109)
2026-06-28 14:03:27,690 [DEBUG] main [org.springframework.context.annotation.ConfigurationClassPostProcessor]: Replacing bean definition 'testContextCfg' existing class 'test.spring.non.scannable.TestContextCfg' with enhanced class 'test.spring.non.scannable.TestContextCfg$$EnhancerBySpringCGLIB$$a61f9d9d' (ConfigurationClassPostProcessor.java:409)
2026-06-28 14:03:27,690 [DEBUG] main [org.springframework.beans.factory.support.DefaultListableBeanFactory]: Creating shared instance of singleton bean 'org.springframework.beans.factory.config.PropertyPlaceholderConfigurer#0' (DefaultSingletonBeanRegistry.java:221)
2026-06-28 14:03:27,690 [DEBUG] main [org.springframework.beans.factory.support.DefaultListableBeanFactory]: Creating instance of bean 'org.springframework.beans.factory.config.PropertyPlaceholderConfigurer#0' (AbstractAutowireCapableBeanFactory.java:448)
2026-06-28 14:03:27,691 [DEBUG] main [org.springframework.beans.factory.support.DefaultListableBeanFactory]: Eagerly caching bean 'org.springframework.beans.factory.config.PropertyPlaceholderConfigurer#0' to allow for resolving potential circular references (AbstractAutowireCapableBeanFactory.java:529)
2026-06-28 14:03:27,692 [DEBUG] main [org.springframework.beans.factory.support.DefaultListableBeanFactory]: Finished creating instance of bean 'org.springframework.beans.factory.config.PropertyPlaceholderConfigurer#0' (AbstractAutowireCapableBeanFactory.java:484)
2026-06-28 14:03:27,693 [INFO] main [org.springframework.beans.factory.config.PropertyPlaceholderConfigurer]: Loading properties file from URL [file:src/main/assembly/cfg/cfg-cas.properties.template] (PropertiesLoaderSupport.java:172)
2026-06-28 14:03:27,693 [INFO] main [org.springframework.beans.factory.config.PropertyPlaceholderConfigurer]: Loading properties file from class path resource [embedded_cassandra_connection.properties] (PropertiesLoaderSupport.java:172)
2026-06-28 14:03:27,693 [INFO] main [org.springframework.beans.factory.config.PropertyPlaceholderConfigurer]: Loading properties file from class path resource [webroot.properties] (PropertiesLoaderSupport.java:172)
2026-06-28 14:03:27,694 [DEBUG] main [org.springframework.beans.factory.support.DefaultListableBeanFactory]: Creating shared instance of singleton bean 'org.springframework.context.annotation.internalAutowiredAnnotationProcessor' (DefaultSingletonBeanRegistry.java:221)
2026-06-28 14:03:27,695 [DEBUG] main [org.springframework.beans.factory.support.DefaultListableBeanFactory]: Creating instance of bean 'org.springframework.context.annotation.internalAutowiredAnnotationProcessor' (AbstractAutowireCapableBeanFactory.java:448)
2026-06-28 14:03:27,695 [INFO] main [org.springframework.beans.factory.annotation.AutowiredAnnotationBeanPostProcessor]: JSR-330 'javax.inject.Inject' annotation found and supported for autowiring (AutowiredAnnotationBeanPostProcessor.java:155)
2026-06-28 14:03:27,695 [DEBUG] main [org.springframework.beans.factory.support.DefaultListableBeanFactory]: Eagerly caching bean 'org.springframework.context.annotation.internalAutowiredAnnotationProcessor' to allow for resolving potential circular references (AbstractAutowireCapableBeanFactory.java:529)
2026-06-28 14:03:27,695 [DEBUG] main [org.springframework.beans.factory.support.DefaultListableBeanFactory]: Finished creating instance of bean 'org.springframework.context.annotation.internalAutowiredAnnotationProcessor' (AbstractAutowireCapableBeanFactory.java:484)
2026-06-28 14:03:27,695 [DEBUG] main [org.springframework.beans.factory.support.DefaultListableBeanFactory]: Creating shared instance of singleton bean 'org.springframework.context.annotation.internalRequiredAnnotationProcessor' (DefaultSingletonBeanRegistry.java:221)
2026-06-28 14:03:27,695 [DEBUG] main [org.springframework.beans.factory.support.DefaultListableBeanFactory]: Creating instance of bean 'org.springframework.context.annotation.internalRequiredAnnotationProcessor' (AbstractAutowireCapableBeanFactory.java:448)
2026-06-28 14:03:27,695 [DEBUG] main [org.springframework.beans.factory.support.DefaultListableBeanFactory]: Eagerly caching bean 'org.springframework.context.annotation.internalRequiredAnnotationProcessor' to allow for resolving potential circular references (AbstractAutowireCapableBeanFactory.java:529)
2026-06-28 14:03:27,695 [DEBUG] main [org.springframework.beans.factory.support.DefaultListableBeanFactory]: Finished creating instance of bean 'org.springframework.context.annotation.internalRequiredAnnotationProcessor' (AbstractAutowireCapableBeanFactory.java:484)
2026-06-28 14:03:27,695 [DEBUG] main [org.springframework.beans.factory.support.DefaultListableBeanFactory]: Creating shared instance of singleton bean 'org.springframework.context.annotation.internalCommonAnnotationProcessor' (DefaultSingletonBeanRegistry.java:221)
2026-06-28 14:03:27,695 [DEBUG] main [org.springframework.beans.factory.support.DefaultListableBeanFactory]: Creating instance of bean 'org.springframework.context.annotation.internalCommonAnnotationProcessor' (AbstractAutowireCapableBeanFactory.java:448)
2026-06-28 14:03:27,696 [DEBUG] main [org.springframework.beans.factory.support.DefaultListableBeanFactory]: Eagerly caching bean 'org.springframework.context.annotation.internalCommonAnnotationProcessor' to allow for resolving potential circular references (AbstractAutowireCapableBeanFactory.java:529)
2026-06-28 14:03:27,696 [DEBUG] main [org.springframework.beans.factory.support.DefaultListableBeanFactory]: Finished creating instance of bean 'org.springframework.context.annotation.internalCommonAnnotationProcessor' (AbstractAutowireCapableBeanFactory.java:484)
2026-06-28 14:03:27,696 [DEBUG] main [org.springframework.beans.factory.support.DefaultListableBeanFactory]: Creating shared instance of singleton bean 'org.springframework.context.annotation.ConfigurationClassPostProcessor.importAwareProcessor' (DefaultSingletonBeanRegistry.java:221)
2026-06-28 14:03:27,696 [DEBUG] main [org.springframework.beans.factory.support.DefaultListableBeanFactory]: Creating instance of bean 'org.springframework.context.annotation.ConfigurationClassPostProcessor.importAwareProcessor' (AbstractAutowireCapableBeanFactory.java:448)
2026-06-28 14:03:27,696 [DEBUG] main [org.springframework.beans.factory.support.DefaultListableBeanFactory]: Eagerly caching bean 'org.springframework.context.annotation.ConfigurationClassPostProcessor.importAwareProcessor' to allow for resolving potential circular references (AbstractAutowireCapableBeanFactory.java:529)
2026-06-28 14:03:27,696 [DEBUG] main [org.springframework.beans.factory.support.DefaultListableBeanFactory]: Finished creating instance of bean 'org.springframework.context.annotation.ConfigurationClassPostProcessor.importAwareProcessor' (AbstractAutowireCapableBeanFactory.java:484)
2026-06-28 14:03:27,696 [DEBUG] main [org.springframework.beans.factory.support.DefaultListableBeanFactory]: Creating shared instance of singleton bean 'org.springframework.context.annotation.ConfigurationClassPostProcessor.enhancedConfigurationProcessor' (DefaultSingletonBeanRegistry.java:221)
2026-06-28 14:03:27,696 [DEBUG] main [org.springframework.beans.factory.support.DefaultListableBeanFactory]: Creating instance of bean 'org.springframework.context.annotation.ConfigurationClassPostProcessor.enhancedConfigurationProcessor' (AbstractAutowireCapableBeanFactory.java:448)
2026-06-28 14:03:27,696 [DEBUG] main [org.springframework.beans.factory.support.DefaultListableBeanFactory]: Eagerly caching bean 'org.springframework.context.annotation.ConfigurationClassPostProcessor.enhancedConfigurationProcessor' to allow for resolving potential circular references (AbstractAutowireCapableBeanFactory.java:529)
2026-06-28 14:03:27,696 [DEBUG] main [org.springframework.beans.factory.support.DefaultListableBeanFactory]: Finished creating instance of bean 'org.springframework.context.annotation.ConfigurationClassPostProcessor.enhancedConfigurationProcessor' (AbstractAutowireCapableBeanFactory.java:484)
2026-06-28 14:03:27,696 [DEBUG] main [org.springframework.web.context.support.AnnotationConfigWebApplicationContext]: Unable to locate MessageSource with name 'messageSource': using default [org.springframework.context.support.DelegatingMessageSource@17f9344b] (AbstractApplicationContext.java:728)
2026-06-28 14:03:27,696 [DEBUG] main [org.springframework.web.context.support.AnnotationConfigWebApplicationContext]: Unable to locate ApplicationEventMulticaster with name 'applicationEventMulticaster': using default [org.springframework.context.event.SimpleApplicationEventMulticaster@27f0ad19] (AbstractApplicationContext.java:752)
2026-06-28 14:03:27,698 [DEBUG] main [org.springframework.ui.context.support.UiApplicationContextUtils]: Unable to locate ThemeSource with name 'themeSource': using default [org.springframework.ui.context.support.ResourceBundleThemeSource@3b582111] (UiApplicationContextUtils.java:85)
2026-06-28 14:03:27,698 [DEBUG] main [org.springframework.beans.factory.support.DefaultListableBeanFactory]: Pre-instantiating singletons in org.springframework.beans.factory.support.DefaultListableBeanFactory@51650883: defining beans [org.springframework.context.annotation.internalConfigurationAnnotationProcessor,org.springframework.context.annotation.internalAutowiredAnnotationProcessor,org.springframework.context.annotation.internalRequiredAnnotationProcessor,org.springframework.context.annotation.internalCommonAnnotationProcessor,org.springframework.context.event.internalEventListenerProcessor,org.springframework.context.event.internalEventListenerFactory,testContextCfg,org.springframework.context.annotation.ConfigurationClassPostProcessor.importAwareProcessor,org.springframework.context.annotation.ConfigurationClassPostProcessor.enhancedConfigurationProcessor,refresherRest,testRestResource,dbHistoricalFinder,dbHistoricalSchemaGenerator,dbImsiResolver,dbSession,dbSubProfileShemaGenerator,dbSubProfiler,switcher,delay,delayasync,gethistdatadef,getimsibymsisdn,informer,login,gethistdata,getsubprofiledef,getsubprofile,switchSetter,tokenValidator,webInitiator,loginProvider,testString,org.springframework.beans.factory.config.PropertyPlaceholderConfigurer#0,imsiResolver,subProfiler,subProfileGenerator,histFinder,histSchemaGenerator]; root of factory hierarchy (DefaultListableBeanFactory.java:744)
2026-06-28 14:03:27,698 [DEBUG] main [org.springframework.beans.factory.support.DefaultListableBeanFactory]: Returning cached instance of singleton bean 'org.springframework.context.annotation.internalConfigurationAnnotationProcessor' (AbstractBeanFactory.java:251)
2026-06-28 14:03:27,698 [DEBUG] main [org.springframework.beans.factory.support.DefaultListableBeanFactory]: Returning cached instance of singleton bean 'org.springframework.context.annotation.internalAutowiredAnnotationProcessor' (AbstractBeanFactory.java:251)
2026-06-28 14:03:27,698 [DEBUG] main [org.springframework.beans.factory.support.DefaultListableBeanFactory]: Returning cached instance of singleton bean 'org.springframework.context.annotation.internalRequiredAnnotationProcessor' (AbstractBeanFactory.java:251)
2026-06-28 14:03:27,698 [DEBUG] main [org.springframework.beans.factory.support.DefaultListableBeanFactory]: Returning cached instance of singleton bean 'org.springframework.context.annotation.internalCommonAnnotationProcessor' (AbstractBeanFactory.java:251)
2026-06-28 14:03:27,698 [DEBUG] main [org.springframework.beans.factory.support.DefaultListableBeanFactory]: Creating shared instance of singleton bean 'org.springframework.context.event.internalEventListenerProcessor' (DefaultSingletonBeanRegistry.java:221)
2026-06-28 14:03:27,698 [DEBUG] main [org.springframework.beans.factory.support.DefaultListableBeanFactory]: Creating instance of bean 'org.springframework.context.event.internalEventListenerProcessor' (AbstractAutowireCapableBeanFactory.java:448)
2026-06-28 14:03:27,699 [DEBUG] main [org.springframework.beans.factory.support.DefaultListableBeanFactory]: Eagerly caching bean 'org.springframework.context.event.internalEventListenerProcessor' to allow for resolving potential circular references (AbstractAutowireCapableBeanFactory.java:529)
2026-06-28 14:03:27,700 [DEBUG] main [org.springframework.beans.factory.support.DefaultListableBeanFactory]: Finished creating instance of bean 'org.springframework.context.event.internalEventListenerProcessor' (AbstractAutowireCapableBeanFactory.java:484)
[...]
2026-06-28 14:03:29,117 [DEBUG] main [org.apache.http.client.protocol.RequestProxyAuthentication]: Proxy auth state: UNCHALLENGED (RequestProxyAuthentication.java:87)
2026-06-28 14:03:29,117 [DEBUG] main [org.apache.http.impl.client.DefaultHttpClient]: Attempt 1 to execute request (DefaultRequestDirector.java:683)
2026-06-28 14:03:29,117 [DEBUG] main [org.apache.http.impl.conn.DefaultClientConnection]: Sending request: GET /cci/api/v1/subscriber/histdata?imsi=354&imsi=353 HTTP/1.1 (DefaultClientConnection.java:268)
2026-06-28 14:03:29,117 [DEBUG] main [org.apache.http.wire]:  >> "GET /cci/api/v1/subscriber/histdata?imsi=354&imsi=353 HTTP/1.1[\r][\n]" (Wire.java:72)
2026-06-28 14:03:29,117 [DEBUG] main [org.apache.http.wire]:  >> "Accept-Encoding: gzip,deflate[\r][\n]" (Wire.java:72)
2026-06-28 14:03:29,117 [DEBUG] main [org.apache.http.wire]:  >> "Host: localhost:35313[\r][\n]" (Wire.java:72)
2026-06-28 14:03:29,117 [DEBUG] main [org.apache.http.wire]:  >> "Connection: Keep-Alive[\r][\n]" (Wire.java:72)
2026-06-28 14:03:29,117 [DEBUG] main [org.apache.http.wire]:  >> "User-Agent: Apache-HttpClient/4.5 (Java/25.0.3)[\r][\n]" (Wire.java:72)
2026-06-28 14:03:29,117 [DEBUG] main [org.apache.http.wire]:  >> "Cookie: token=:dG5m:hotf4:4h3zhBIey6XKiUlVndDG8hxmxAlZyQH6TRpRYvJGThQB3a8cpHNt1-NbgHWHRPWiR3CElTSSVEpHiYzz1HL8sA[\r][\n]" (Wire.java:72)
2026-06-28 14:03:29,117 [DEBUG] main [org.apache.http.wire]:  >> "[\r][\n]" (Wire.java:72)
2026-06-28 14:03:29,118 [DEBUG] main [org.apache.http.headers]: >> GET /cci/api/v1/subscriber/histdata?imsi=354&imsi=353 HTTP/1.1 (DefaultClientConnection.java:272)
2026-06-28 14:03:29,118 [DEBUG] main [org.apache.http.headers]: >> Accept-Encoding: gzip,deflate (DefaultClientConnection.java:275)
2026-06-28 14:03:29,118 [DEBUG] main [org.apache.http.headers]: >> Host: localhost:35313 (DefaultClientConnection.java:275)
2026-06-28 14:03:29,118 [DEBUG] main [org.apache.http.headers]: >> Connection: Keep-Alive (DefaultClientConnection.java:275)
2026-06-28 14:03:29,118 [DEBUG] main [org.apache.http.headers]: >> User-Agent: Apache-HttpClient/4.5 (Java/25.0.3) (DefaultClientConnection.java:275)
2026-06-28 14:03:29,118 [DEBUG] main [org.apache.http.headers]: >> Cookie: token=:dG5m:hotf4:4h3zhBIey6XKiUlVndDG8hxmxAlZyQH6TRpRYvJGThQB3a8cpHNt1-NbgHWHRPWiR3CElTSSVEpHiYzz1HL8sA (DefaultClientConnection.java:275)
2026-06-28 14:03:29,119 [DEBUG] 1873105260@qtp-108982313-7 [org.springframework.beans.factory.support.DefaultListableBeanFactory]: Returning cached instance of singleton bean 'gethistdata' (AbstractBeanFactory.java:251)
2026-06-28 14:03:29,120 [DEBUG] 1873105260@qtp-108982313-7 [org.springframework.beans.factory.support.DefaultListableBeanFactory]: Returning cached instance of singleton bean 'switcher' (AbstractBeanFactory.java:251)
2026-06-28 14:03:29,120 [DEBUG] 1873105260@qtp-108982313-7 [org.springframework.beans.factory.support.DefaultListableBeanFactory]: Returning cached instance of singleton bean 'dbHistoricalFinder' (AbstractBeanFactory.java:251)
2026-06-28 14:03:29,120 [DEBUG] 1873105260@qtp-108982313-7 [org.springframework.beans.factory.support.DefaultListableBeanFactory]: Returning cached instance of singleton bean 'histFinder' (AbstractBeanFactory.java:251)
2026-06-28 14:03:29,120 [DEBUG] 1873105260@qtp-108982313-7 [org.springframework.beans.factory.support.DefaultListableBeanFactory]: Returning cached instance of singleton bean 'informer' (AbstractBeanFactory.java:251)
2026-06-28 14:03:29,122 [DEBUG] main [org.apache.http.wire]:  << "HTTP/1.1 200 OK[\r][\n]" (Wire.java:72)
2026-06-28 14:03:29,122 [DEBUG] main [org.apache.http.wire]:  << "Content-Length: 99[\r][\n]" (Wire.java:72)
2026-06-28 14:03:29,122 [DEBUG] main [org.apache.http.wire]:  << "Access-Control-Allow-Origin: *[\r][\n]" (Wire.java:72)
2026-06-28 14:03:29,122 [DEBUG] main [org.apache.http.wire]:  << "Access-Control-Allow-Credentials: true[\r][\n]" (Wire.java:72)
2026-06-28 14:03:29,122 [DEBUG] main [org.apache.http.wire]:  << "Content-Type: application/json[\r][\n]" (Wire.java:72)
2026-06-28 14:03:29,122 [DEBUG] main [org.apache.http.wire]:  << "[\r][\n]" (Wire.java:72)
2026-06-28 14:03:29,122 [DEBUG] main [org.apache.http.impl.conn.DefaultClientConnection]: Receiving response: HTTP/1.1 200 OK (DefaultClientConnection.java:253)
2026-06-28 14:03:29,122 [DEBUG] main [org.apache.http.headers]: << HTTP/1.1 200 OK (DefaultClientConnection.java:256)
2026-06-28 14:03:29,122 [DEBUG] main [org.apache.http.headers]: << Content-Length: 99 (DefaultClientConnection.java:259)
2026-06-28 14:03:29,122 [DEBUG] main [org.apache.http.headers]: << Access-Control-Allow-Origin: * (DefaultClientConnection.java:259)
2026-06-28 14:03:29,122 [DEBUG] main [org.apache.http.headers]: << Access-Control-Allow-Credentials: true (DefaultClientConnection.java:259)
2026-06-28 14:03:29,122 [DEBUG] main [org.apache.http.headers]: << Content-Type: application/json (DefaultClientConnection.java:259)
2026-06-28 14:03:29,123 [DEBUG] main [org.apache.http.impl.client.DefaultHttpClient]: Connection can be kept alive indefinitely (DefaultRequestDirector.java:510)
2026-06-28 14:03:29,123 [DEBUG] main [org.apache.http.wire]:  << "[{"imsi":"353","time":"2016","metrics":[{"a":1}]},{"imsi":"354","time":"2017","metrics":[{"b":2}]}]" (Wire.java:86)
2026-06-28 14:03:29,123 [DEBUG] main [org.apache.http.impl.conn.BasicClientConnectionManager]: Releasing connection org.apache.http.impl.conn.ManagedClientConnectionImpl@71bb8b34 (BasicClientConnectionManager.java:198)
2026-06-28 14:03:29,123 [DEBUG] main [org.apache.http.impl.conn.BasicClientConnectionManager]: Connection can be kept alive indefinitely (BasicClientConnectionManager.java:223)
[ {
  "imsi" : "353",
  "time" : "2016",
  "metrics" : [ {
    "a" : 1
  } ]
}, {
  "imsi" : "354",
  "time" : "2017",
  "metrics" : [ {
    "b" : 2
  } ]
} ]
2026-06-28 14:03:29,124 [DEBUG] main [org.apache.http.impl.conn.BasicClientConnectionManager]: Get connection for route {}->http://localhost:35313 (BasicClientConnectionManager.java:160)
2026-06-28 14:03:29,124 [DEBUG] main [org.apache.http.impl.client.DefaultHttpClient]: Stale connection check (DefaultRequestDirector.java:432)
2026-06-28 14:03:29,125 [DEBUG] main [org.apache.http.client.protocol.RequestAddCookies]: CookieSpec selected: default (RequestAddCookies.java:122)
2026-06-28 14:03:29,125 [DEBUG] main [org.apache.http.client.protocol.RequestAddCookies]: Cookie [version: 0][name: token][value: :dG5m:hotf4:4h3zhBIey6XKiUlVndDG8hxmxAlZyQH6TRpRYvJGThQB3a8cpHNt1-NbgHWHRPWiR3CElTSSVEpHiYzz1HL8sA][domain: localhost][path: null][expiry: null] match [localhost:35313/cci/api/v1/subscriber/histdata] (RequestAddCookies.java:167)
2026-06-28 14:03:29,125 [DEBUG] main [org.apache.http.client.protocol.RequestAuthCache]: Auth cache not set in the context (RequestAuthCache.java:76)
2026-06-28 14:03:29,126 [DEBUG] main [org.apache.http.client.protocol.RequestTargetAuthentication]: Target auth state: UNCHALLENGED (RequestTargetAuthentication.java:78)
2026-06-28 14:03:29,126 [DEBUG] main [org.apache.http.client.protocol.RequestProxyAuthentication]: Proxy auth state: UNCHALLENGED (RequestProxyAuthentication.java:87)
2026-06-28 14:03:29,126 [DEBUG] main [org.apache.http.impl.client.DefaultHttpClient]: Attempt 1 to execute request (DefaultRequestDirector.java:683)
2026-06-28 14:03:29,126 [DEBUG] main [org.apache.http.impl.conn.DefaultClientConnection]: Sending request: GET /cci/api/v1/subscriber/histdata?imsi=354&imsi=353&blahblah=blah HTTP/1.1 (DefaultClientConnection.java:268)
2026-06-28 14:03:29,126 [DEBUG] main [org.apache.http.wire]:  >> "GET /cci/api/v1/subscriber/histdata?imsi=354&imsi=353&blahblah=blah HTTP/1.1[\r][\n]" (Wire.java:72)
2026-06-28 14:03:29,126 [DEBUG] main [org.apache.http.wire]:  >> "Accept-Encoding: gzip,deflate[\r][\n]" (Wire.java:72)
2026-06-28 14:03:29,126 [DEBUG] main [org.apache.http.wire]:  >> "Host: localhost:35313[\r][\n]" (Wire.java:72)
2026-06-28 14:03:29,126 [DEBUG] main [org.apache.http.wire]:  >> "Connection: Keep-Alive[\r][\n]" (Wire.java:72)
2026-06-28 14:03:29,126 [DEBUG] main [org.apache.http.wire]:  >> "User-Agent: Apache-HttpClient/4.5 (Java/25.0.3)[\r][\n]" (Wire.java:72)
2026-06-28 14:03:29,126 [DEBUG] main [org.apache.http.wire]:  >> "Cookie: token=:dG5m:hotf4:4h3zhBIey6XKiUlVndDG8hxmxAlZyQH6TRpRYvJGThQB3a8cpHNt1-NbgHWHRPWiR3CElTSSVEpHiYzz1HL8sA[\r][\n]" (Wire.java:72)
2026-06-28 14:03:29,126 [DEBUG] main [org.apache.http.wire]:  >> "[\r][\n]" (Wire.java:72)
2026-06-28 14:03:29,126 [DEBUG] main [org.apache.http.headers]: >> GET /cci/api/v1/subscriber/histdata?imsi=354&imsi=353&blahblah=blah HTTP/1.1 (DefaultClientConnection.java:272)
2026-06-28 14:03:29,127 [DEBUG] main [org.apache.http.headers]: >> Accept-Encoding: gzip,deflate (DefaultClientConnection.java:275)
2026-06-28 14:03:29,127 [DEBUG] main [org.apache.http.headers]: >> Host: localhost:35313 (DefaultClientConnection.java:275)
2026-06-28 14:03:29,127 [DEBUG] main [org.apache.http.headers]: >> Connection: Keep-Alive (DefaultClientConnection.java:275)
2026-06-28 14:03:29,127 [DEBUG] main [org.apache.http.headers]: >> User-Agent: Apache-HttpClient/4.5 (Java/25.0.3) (DefaultClientConnection.java:275)
2026-06-28 14:03:29,127 [DEBUG] main [org.apache.http.headers]: >> Cookie: token=:dG5m:hotf4:4h3zhBIey6XKiUlVndDG8hxmxAlZyQH6TRpRYvJGThQB3a8cpHNt1-NbgHWHRPWiR3CElTSSVEpHiYzz1HL8sA (DefaultClientConnection.java:275)
2026-06-28 14:03:29,129 [DEBUG] 1873105260@qtp-108982313-7 [org.springframework.beans.factory.support.DefaultListableBeanFactory]: Returning cached instance of singleton bean 'gethistdata' (AbstractBeanFactory.java:251)
2026-06-28 14:03:29,129 [DEBUG] 1873105260@qtp-108982313-7 [org.springframework.beans.factory.support.DefaultListableBeanFactory]: Returning cached instance of singleton bean 'switcher' (AbstractBeanFactory.java:251)
2026-06-28 14:03:29,129 [DEBUG] 1873105260@qtp-108982313-7 [org.springframework.beans.factory.support.DefaultListableBeanFactory]: Returning cached instance of singleton bean 'dbHistoricalFinder' (AbstractBeanFactory.java:251)
2026-06-28 14:03:29,129 [DEBUG] 1873105260@qtp-108982313-7 [org.springframework.beans.factory.support.DefaultListableBeanFactory]: Returning cached instance of singleton bean 'histFinder' (AbstractBeanFactory.java:251)
2026-06-28 14:03:29,130 [DEBUG] 1873105260@qtp-108982313-7 [org.springframework.beans.factory.support.DefaultListableBeanFactory]: Returning cached instance of singleton bean 'informer' (AbstractBeanFactory.java:251)
2026-06-28 14:03:29,131 [DEBUG] main [org.apache.http.wire]:  << "HTTP/1.1 200 OK[\r][\n]" (Wire.java:72)
2026-06-28 14:03:29,131 [DEBUG] main [org.apache.http.wire]:  << "Content-Length: 99[\r][\n]" (Wire.java:72)
2026-06-28 14:03:29,131 [DEBUG] main [org.apache.http.wire]:  << "Access-Control-Allow-Origin: *[\r][\n]" (Wire.java:72)
2026-06-28 14:03:29,131 [DEBUG] main [org.apache.http.wire]:  << "Access-Control-Allow-Credentials: true[\r][\n]" (Wire.java:72)
2026-06-28 14:03:29,131 [DEBUG] main [org.apache.http.wire]:  << "Content-Type: application/json[\r][\n]" (Wire.java:72)
2026-06-28 14:03:29,131 [DEBUG] main [org.apache.http.wire]:  << "[\r][\n]" (Wire.java:72)
2026-06-28 14:03:29,131 [DEBUG] main [org.apache.http.impl.conn.DefaultClientConnection]: Receiving response: HTTP/1.1 200 OK (DefaultClientConnection.java:253)
2026-06-28 14:03:29,131 [DEBUG] main [org.apache.http.headers]: << HTTP/1.1 200 OK (DefaultClientConnection.java:256)
2026-06-28 14:03:29,131 [DEBUG] main [org.apache.http.headers]: << Content-Length: 99 (DefaultClientConnection.java:259)
2026-06-28 14:03:29,131 [DEBUG] main [org.apache.http.headers]: << Access-Control-Allow-Origin: * (DefaultClientConnection.java:259)
2026-06-28 14:03:29,131 [DEBUG] main [org.apache.http.headers]: << Access-Control-Allow-Credentials: true (DefaultClientConnection.java:259)
2026-06-28 14:03:29,132 [DEBUG] main [org.apache.http.headers]: << Content-Type: application/json (DefaultClientConnection.java:259)
2026-06-28 14:03:29,132 [DEBUG] main [org.apache.http.impl.client.DefaultHttpClient]: Connection can be kept alive indefinitely (DefaultRequestDirector.java:510)
2026-06-28 14:03:29,132 [DEBUG] main [org.apache.http.wire]:  << "[{"imsi":"353","time":"2016","metrics":[{"a":1}]},{"imsi":"354","time":"2017","metrics":[{"b":2}]}]" (Wire.java:86)
2026-06-28 14:03:29,132 [DEBUG] main [org.apache.http.impl.conn.BasicClientConnectionManager]: Releasing connection org.apache.http.impl.conn.ManagedClientConnectionImpl@197ce367 (BasicClientConnectionManager.java:198)
2026-06-28 14:03:29,132 [DEBUG] main [org.apache.http.impl.conn.BasicClientConnectionManager]: Connection can be kept alive indefinitely (BasicClientConnectionManager.java:223)
[ {
  "imsi" : "353",
  "time" : "2016",
  "metrics" : [ {
    "a" : 1
  } ]
}, {
  "imsi" : "354",
  "time" : "2017",
  "metrics" : [ {
    "b" : 2
  } ]
} ]
2026-06-28 14:03:29,133 [DEBUG] main [org.apache.http.impl.conn.BasicClientConnectionManager]: Get connection for route {}->http://localhost:35313 (BasicClientConnectionManager.java:160)
2026-06-28 14:03:29,133 [DEBUG] main [org.apache.http.impl.client.DefaultHttpClient]: Stale connection check (DefaultRequestDirector.java:432)
2026-06-28 14:03:29,135 [DEBUG] main [org.apache.http.client.protocol.RequestAddCookies]: CookieSpec selected: default (RequestAddCookies.java:122)
2026-06-28 14:03:29,135 [DEBUG] main [org.apache.http.client.protocol.RequestAddCookies]: Cookie [version: 0][name: token][value: :dG5m:hotf4:4h3zhBIey6XKiUlVndDG8hxmxAlZyQH6TRpRYvJGThQB3a8cpHNt1-NbgHWHRPWiR3CElTSSVEpHiYzz1HL8sA][domain: localhost][path: null][expiry: null] match [localhost:35313/cci/api/v1/subscriber/histdata] (RequestAddCookies.java:167)
2026-06-28 14:03:29,135 [DEBUG] main [org.apache.http.client.protocol.RequestAuthCache]: Auth cache not set in the context (RequestAuthCache.java:76)
2026-06-28 14:03:29,135 [DEBUG] main [org.apache.http.client.protocol.RequestTargetAuthentication]: Target auth state: UNCHALLENGED (RequestTargetAuthentication.java:78)
2026-06-28 14:03:29,135 [DEBUG] main [org.apache.http.client.protocol.RequestProxyAuthentication]: Proxy auth state: UNCHALLENGED (RequestProxyAuthentication.java:87)
2026-06-28 14:03:29,135 [DEBUG] main [org.apache.http.impl.client.DefaultHttpClient]: Attempt 1 to execute request (DefaultRequestDirector.java:683)
2026-06-28 14:03:29,135 [DEBUG] main [org.apache.http.impl.conn.DefaultClientConnection]: Sending request: GET /cci/api/v1/subscriber/histdata?imsi=354&imsi=353&blahblah HTTP/1.1 (DefaultClientConnection.java:268)
2026-06-28 14:03:29,135 [DEBUG] main [org.apache.http.wire]:  >> "GET /cci/api/v1/subscriber/histdata?imsi=354&imsi=353&blahblah HTTP/1.1[\r][\n]" (Wire.java:72)
2026-06-28 14:03:29,135 [DEBUG] main [org.apache.http.wire]:  >> "Accept-Encoding: gzip,deflate[\r][\n]" (Wire.java:72)
2026-06-28 14:03:29,136 [DEBUG] main [org.apache.http.wire]:  >> "Host: localhost:35313[\r][\n]" (Wire.java:72)
2026-06-28 14:03:29,136 [DEBUG] main [org.apache.http.wire]:  >> "Connection: Keep-Alive[\r][\n]" (Wire.java:72)
2026-06-28 14:03:29,136 [DEBUG] main [org.apache.http.wire]:  >> "User-Agent: Apache-HttpClient/4.5 (Java/25.0.3)[\r][\n]" (Wire.java:72)
2026-06-28 14:03:29,136 [DEBUG] main [org.apache.http.wire]:  >> "Cookie: token=:dG5m:hotf4:4h3zhBIey6XKiUlVndDG8hxmxAlZyQH6TRpRYvJGThQB3a8cpHNt1-NbgHWHRPWiR3CElTSSVEpHiYzz1HL8sA[\r][\n]" (Wire.java:72)
2026-06-28 14:03:29,136 [DEBUG] main [org.apache.http.wire]:  >> "[\r][\n]" (Wire.java:72)
2026-06-28 14:03:29,136 [DEBUG] main [org.apache.http.headers]: >> GET /cci/api/v1/subscriber/histdata?imsi=354&imsi=353&blahblah HTTP/1.1 (DefaultClientConnection.java:272)
2026-06-28 14:03:29,136 [DEBUG] main [org.apache.http.headers]: >> Accept-Encoding: gzip,deflate (DefaultClientConnection.java:275)
2026-06-28 14:03:29,136 [DEBUG] main [org.apache.http.headers]: >> Host: localhost:35313 (DefaultClientConnection.java:275)
2026-06-28 14:03:29,136 [DEBUG] main [org.apache.http.headers]: >> Connection: Keep-Alive (DefaultClientConnection.java:275)
2026-06-28 14:03:29,136 [DEBUG] main [org.apache.http.headers]: >> User-Agent: Apache-HttpClient/4.5 (Java/25.0.3) (DefaultClientConnection.java:275)
2026-06-28 14:03:29,136 [DEBUG] main [org.apache.http.headers]: >> Cookie: token=:dG5m:hotf4:4h3zhBIey6XKiUlVndDG8hxmxAlZyQH6TRpRYvJGThQB3a8cpHNt1-NbgHWHRPWiR3CElTSSVEpHiYzz1HL8sA (DefaultClientConnection.java:275)
2026-06-28 14:03:29,137 [DEBUG] 1873105260@qtp-108982313-7 [org.springframework.beans.factory.support.DefaultListableBeanFactory]: Returning cached instance of singleton bean 'gethistdata' (AbstractBeanFactory.java:251)
2026-06-28 14:03:29,138 [DEBUG] 1873105260@qtp-108982313-7 [org.springframework.beans.factory.support.DefaultListableBeanFactory]: Returning cached instance of singleton bean 'switcher' (AbstractBeanFactory.java:251)
2026-06-28 14:03:29,138 [DEBUG] 1873105260@qtp-108982313-7 [org.springframework.beans.factory.support.DefaultListableBeanFactory]: Returning cached instance of singleton bean 'dbHistoricalFinder' (AbstractBeanFactory.java:251)
2026-06-28 14:03:29,138 [DEBUG] 1873105260@qtp-108982313-7 [org.springframework.beans.factory.support.DefaultListableBeanFactory]: Returning cached instance of singleton bean 'histFinder' (AbstractBeanFactory.java:251)
2026-06-28 14:03:29,138 [DEBUG] 1873105260@qtp-108982313-7 [org.springframework.beans.factory.support.DefaultListableBeanFactory]: Returning cached instance of singleton bean 'informer' (AbstractBeanFactory.java:251)
2026-06-28 14:03:29,139 [DEBUG] main [org.apache.http.wire]:  << "HTTP/1.1 200 OK[\r][\n]" (Wire.java:72)
2026-06-28 14:03:29,140 [DEBUG] main [org.apache.http.wire]:  << "Content-Length: 99[\r][\n]" (Wire.java:72)
2026-06-28 14:03:29,140 [DEBUG] main [org.apache.http.wire]:  << "Access-Control-Allow-Origin: *[\r][\n]" (Wire.java:72)
2026-06-28 14:03:29,140 [DEBUG] main [org.apache.http.wire]:  << "Access-Control-Allow-Credentials: true[\r][\n]" (Wire.java:72)
2026-06-28 14:03:29,140 [DEBUG] main [org.apache.http.wire]:  << "Content-Type: application/json[\r][\n]" (Wire.java:72)
2026-06-28 14:03:29,140 [DEBUG] main [org.apache.http.wire]:  << "[\r][\n]" (Wire.java:72)
2026-06-28 14:03:29,140 [DEBUG] main [org.apache.http.impl.conn.DefaultClientConnection]: Receiving response: HTTP/1.1 200 OK (DefaultClientConnection.java:253)
2026-06-28 14:03:29,140 [DEBUG] main [org.apache.http.headers]: << HTTP/1.1 200 OK (DefaultClientConnection.java:256)
2026-06-28 14:03:29,140 [DEBUG] main [org.apache.http.headers]: << Content-Length: 99 (DefaultClientConnection.java:259)
2026-06-28 14:03:29,140 [DEBUG] main [org.apache.http.headers]: << Access-Control-Allow-Origin: * (DefaultClientConnection.java:259)
2026-06-28 14:03:29,140 [DEBUG] main [org.apache.http.headers]: << Access-Control-Allow-Credentials: true (DefaultClientConnection.java:259)
2026-06-28 14:03:29,140 [DEBUG] main [org.apache.http.headers]: << Content-Type: application/json (DefaultClientConnection.java:259)
2026-06-28 14:03:29,140 [DEBUG] main [org.apache.http.impl.client.DefaultHttpClient]: Connection can be kept alive indefinitely (DefaultRequestDirector.java:510)
2026-06-28 14:03:29,141 [DEBUG] main [org.apache.http.wire]:  << "[{"imsi":"353","time":"2016","metrics":[{"a":1}]},{"imsi":"354","time":"2017","metrics":[{"b":2}]}]" (Wire.java:86)
2026-06-28 14:03:29,141 [DEBUG] main [org.apache.http.impl.conn.BasicClientConnectionManager]: Releasing connection org.apache.http.impl.conn.ManagedClientConnectionImpl@383cdd4d (BasicClientConnectionManager.java:198)
2026-06-28 14:03:29,141 [DEBUG] main [org.apache.http.impl.conn.BasicClientConnectionManager]: Connection can be kept alive indefinitely (BasicClientConnectionManager.java:223)
[ {
  "imsi" : "353",
  "time" : "2016",
  "metrics" : [ {
    "a" : 1
  } ]
}, {
  "imsi" : "354",
  "time" : "2017",
  "metrics" : [ {
    "b" : 2
  } ]
} ]
]]></system-out>
  </testcase>
</testsuite>