<?xml version="1.0" encoding="UTF-8"?>
<testsuite xmlns:xsi="http://www.w3.org/2001/XMLSchema-instance" xsi:noNamespaceSchemaLocation="https://maven.apache.org/surefire/maven-surefire-plugin/xsd/surefire-test-report-3.0.xsd" version="3.0" name="test.TestMongoBson" time="0.006" tests="1" errors="0" skipped="0" failures="0">
  <properties>
[...]
</properties>
  <testcase name="test" classname="test.TestMongoBson" time="0.004">
    <system-out><![CDATA[|&amp#0;&amp#0;&amp#0;&amp#2;metricId&amp#0;-&amp#0;&amp#0;&amp#0;ibmaaf_count_of_sucbyecnt_by_volte_direction&amp#0;&amp#4;counters&amp#0;2&amp#0;&amp#0;&amp#0;&amp#3;0&amp#0;*&amp#0;&amp#0;&amp#0;&amp#2;breakdown&amp#0;&amp#3;&amp#0;&amp#0;&amp#0;MT&amp#0;&amp#4;value&amp#0;&amp#12;&amp#0;&amp#0;&amp#0;&amp#16;0&amp#0;&amp#1;&amp#0;&amp#0;&amp#0;&amp#0;&amp#0;&amp#0;&amp#0;
{ "metricId" : "ibmaaf_count_of_sucbyecnt_by_volte_direction", "counters" : [{ "breakdown" : "MT", "value" : [1] }] }
JacksonBsonBlobber
]]></system-out>
  </testcase>
</testsuite>